{"target": 73.91739173917392, "params": {"atr_alpha": 8.923418089348906e-05, "eli_lambda": 0.07203244934421581, "non_obs_task_switch_rate": 1000.2287496346897}, "datetime": {"datetime": "2020-02-16 02:25:57", "elapsed": 0.0, "delta": 0.0}}
{"target": 72.53725372537254, "params": {"atr_alpha": 6.744318880004957e-05, "eli_lambda": 0.014675589081711305, "non_obs_task_switch_rate": 1184.6771895375955}, "datetime": {"datetime": "2020-02-16 06:43:23", "elapsed": 15445.95882, "delta": 15445.95882}}
{"target": 72.97729772977297, "params": {"atr_alpha": 4.5389440161757474e-05, "eli_lambda": 0.034556072704304774, "non_obs_task_switch_rate": 1793.5349484613398}, "datetime": {"datetime": "2020-02-16 10:51:28", "elapsed": 30330.341561, "delta": 14884.382741}}
{"target": 52.21522152215221, "params": {"atr_alpha": 0.00011237517946063782, "eli_lambda": 0.041919451440329485, "non_obs_task_switch_rate": 2370.439000793519}, "datetime": {"datetime": "2020-02-16 23:58:19", "elapsed": 77542.031557, "delta": 47211.689996}}
{"target": 75.3975397539754, "params": {"atr_alpha": 4.884592744898831e-05, "eli_lambda": 0.08781174363909455, "non_obs_task_switch_rate": 1054.7751863958524}, "datetime": {"datetime": "2020-02-17 04:21:14", "elapsed": 93316.945532, "delta": 15774.913975}}
{"target": 37.03370337033704, "params": {"atr_alpha": 0.0002, "eli_lambda": 0.0, "non_obs_task_switch_rate": 1087.324902062406}, "datetime": {"datetime": "2020-02-20 21:05:54", "elapsed": 412796.727462, "delta": 319479.78193}}
{"target": 74.81748174817481, "params": {"atr_alpha": 3.504858711675246e-05, "eli_lambda": 0.08773966688218514, "non_obs_task_switch_rate": 1054.6004361997398}, "datetime": {"datetime": "2020-02-21 00:19:25", "elapsed": 424407.631297, "delta": 11610.903835}}
{"target": 71.45714571457145, "params": {"atr_alpha": 3.237529814275313e-05, "eli_lambda": 0.004542319120512961, "non_obs_task_switch_rate": 1054.8172686027326}, "datetime": {"datetime": "2020-02-21 04:49:31", "elapsed": 440613.968683, "delta": 16206.337386}}
{"target": 74.99749974997499, "params": {"atr_alpha": 4.9256324902497116e-05, "eli_lambda": 0.1, "non_obs_task_switch_rate": 1054.6992727368433}, "datetime": {"datetime": "2020-02-21 08:40:46", "elapsed": 454488.449113, "delta": 13874.48043}}
{"target": 74.01740174017402, "params": {"atr_alpha": 7.992580259781014e-05, "eli_lambda": 0.05651393816869195, "non_obs_task_switch_rate": 1054.6691541985033}, "datetime": {"datetime": "2020-02-21 11:11:50", "elapsed": 463552.250176, "delta": 9063.801063}}
{"target": 76.57765776577658, "params": {"atr_alpha": 3.545317804725373e-05, "eli_lambda": 0.09841082588860155, "non_obs_task_switch_rate": 1054.7199003413978}, "datetime": {"datetime": "2020-02-21 13:41:57", "elapsed": 472559.140442, "delta": 9006.890266}}
{"target": 72.34723472347235, "params": {"atr_alpha": 0.00011063844568312443, "eli_lambda": 0.08130768948920143, "non_obs_task_switch_rate": 1054.7136172987352}, "datetime": {"datetime": "2020-02-21 16:10:16", "elapsed": 481458.775323, "delta": 8899.634881}}
{"target": 74.2074207420742, "params": {"atr_alpha": 4.724243479861077e-05, "eli_lambda": 0.09886606946179359, "non_obs_task_switch_rate": 1054.7467836498158}, "datetime": {"datetime": "2020-02-21 20:00:55", "elapsed": 495298.018893, "delta": 13839.24357}}
{"target": 59.855985598559855, "params": {"atr_alpha": 0.00016788584479626766, "eli_lambda": 0.09320568623409091, "non_obs_task_switch_rate": 1054.5963120825247}, "datetime": {"datetime": "2020-02-24 01:33:02", "elapsed": 688024.984408, "delta": 192726.965515}}
{"target": 73.62736273627362, "params": {"atr_alpha": 8.663995562700664e-05, "eli_lambda": 0.019147082552275964, "non_obs_task_switch_rate": 1212.052846861855}, "datetime": {"datetime": "2020-02-24 05:40:27", "elapsed": 702869.752675, "delta": 14844.768267}}
{"target": 50.00500050005, "params": {"atr_alpha": 0.00011020166212144036, "eli_lambda": 0.023551187362393002, "non_obs_task_switch_rate": 1494.3257818115515}, "datetime": {"datetime": "2020-02-25 01:53:22", "elapsed": 775645.024651, "delta": 72775.271976}}
{"target": 44.704470447044706, "params": {"atr_alpha": 0.00015317422687697094, "eli_lambda": 0.048641164311361, "non_obs_task_switch_rate": 1296.3172489422002}, "datetime": {"datetime": "2020-02-27 03:10:13", "elapsed": 953055.248598, "delta": 177410.223947}}
{"target": 77.64776477647764, "params": {"atr_alpha": 2.2574313777186787e-05, "eli_lambda": 0.09096499963086388, "non_obs_task_switch_rate": 1470.8277689169406}, "datetime": {"datetime": "2020-02-27 07:00:42", "elapsed": 966884.946205, "delta": 13829.697607}}
{"target": 74.61746174617461, "params": {"atr_alpha": 1.6702377057089833e-05, "eli_lambda": 0.054410469977549364, "non_obs_task_switch_rate": 2303.6754149902463}, "datetime": {"datetime": "2020-02-27 11:12:56", "elapsed": 982018.255463, "delta": 15133.309258}}
{"target": 54.99549954995499, "params": {"atr_alpha": 0.00018055888672632744, "eli_lambda": 0.050893421304050494, "non_obs_task_switch_rate": 1521.1501153705838}, "datetime": {"datetime": "2020-03-01 12:55:52", "elapsed": 1247395.029769, "delta": 265376.774306}}
