{"target": 44.23442344234424, "params": {"atr_alpha": 8.923418089348906e-05, "eli_lambda": 0.07203244934421581, "non_obs_task_switch_rate": 1000.2287496346897}, "datetime": {"datetime": "2020-02-17 07:00:13", "elapsed": 0.0, "delta": 0.0}}
{"target": 46.094609460946096, "params": {"atr_alpha": 6.744318880004957e-05, "eli_lambda": 0.014675589081711305, "non_obs_task_switch_rate": 1184.6771895375955}, "datetime": {"datetime": "2020-02-17 23:59:17", "elapsed": 61143.778439, "delta": 61143.778439}}
{"target": 49.874987498749874, "params": {"atr_alpha": 4.5389440161757474e-05, "eli_lambda": 0.034556072704304774, "non_obs_task_switch_rate": 1793.5349484613398}, "datetime": {"datetime": "2020-02-19 06:43:48", "elapsed": 171814.448898, "delta": 110670.670459}}
{"target": 54.06540654065407, "params": {"atr_alpha": 0.00011237517946063782, "eli_lambda": 0.041919451440329485, "non_obs_task_switch_rate": 2370.439000793519}, "datetime": {"datetime": "2020-02-19 20:32:54", "elapsed": 221560.718144, "delta": 49746.269246}}
{"target": 63.016301630163014, "params": {"atr_alpha": 4.884592744898831e-05, "eli_lambda": 0.08781174363909455, "non_obs_task_switch_rate": 1054.7751863958524}, "datetime": {"datetime": "2020-02-20 04:07:33", "elapsed": 248839.111942, "delta": 27278.393798}}
{"target": 45.904590459045906, "params": {"atr_alpha": 4.918586079162446e-05, "eli_lambda": 0.08814353904800759, "non_obs_task_switch_rate": 1054.9473164447022}, "datetime": {"datetime": "2020-02-20 23:55:28", "elapsed": 320114.855209, "delta": 71275.743267}}
{"target": 56.05560556055605, "params": {"atr_alpha": 0.0001911900238592867, "eli_lambda": 0.06605002732273907, "non_obs_task_switch_rate": 2339.1780520572784}, "datetime": {"datetime": "2020-02-24 05:40:38", "elapsed": 600024.522738, "delta": 279909.667529}}
{"target": 72.82728272827283, "params": {"atr_alpha": 0.00012169371304303955, "eli_lambda": 0.0367471661222768, "non_obs_task_switch_rate": 2750.1516391580208}, "datetime": {"datetime": "2020-02-25 00:48:15", "elapsed": 668881.988019, "delta": 68857.465281}}
{"target": 57.265726572657265, "params": {"atr_alpha": 0.00012329644565874947, "eli_lambda": 0.08165429006171065, "non_obs_task_switch_rate": 2803.372572791076}, "datetime": {"datetime": "2020-02-25 17:52:02", "elapsed": 730308.518217, "delta": 61426.530198}}
{"target": 41.73417341734174, "params": {"atr_alpha": 6.96876265431417e-05, "eli_lambda": 0.0971383571150316, "non_obs_task_switch_rate": 1098.88756753226}, "datetime": {"datetime": "2020-02-26 13:04:42", "elapsed": 799468.144213, "delta": 69159.625996}}
{"target": 39.79397939793979, "params": {"atr_alpha": 0.0001595742580539074, "eli_lambda": 0.044876121037233124, "non_obs_task_switch_rate": 1159.1505791648708}, "datetime": {"datetime": "2020-02-28 20:11:31", "elapsed": 997877.387659, "delta": 198409.243446}}
{"target": 38.66386638663867, "params": {"atr_alpha": 0.00019463419872169454, "eli_lambda": 0.016355471665860922, "non_obs_task_switch_rate": 2021.556023948945}, "datetime": {"datetime": "2020-03-03 03:46:58", "elapsed": 1284404.078339, "delta": 286526.69068}}
{"target": 54.23542354235423, "params": {"atr_alpha": 0.00014019699964297415, "eli_lambda": 0.0992005713149875, "non_obs_task_switch_rate": 1797.7083688124733}, "datetime": {"datetime": "2020-03-05 03:24:14", "elapsed": 1455840.922992, "delta": 171436.844653}}
{"target": 55.12551255125513, "params": {"atr_alpha": 3.048138228403633e-05, "eli_lambda": 0.09818328066819833, "non_obs_task_switch_rate": 1396.3429566739537}, "datetime": {"datetime": "2020-03-05 23:08:22", "elapsed": 1526888.197398, "delta": 71047.274406}}
{"target": 36.03360336033603, "params": {"atr_alpha": 8.663995562700664e-05, "eli_lambda": 0.019147082552275964, "non_obs_task_switch_rate": 1212.052846861855}, "datetime": {"datetime": "2020-03-06 23:35:51", "elapsed": 1614937.999739, "delta": 88049.802341}}
{"target": 52.15521552155216, "params": {"atr_alpha": 0.00011020166212144036, "eli_lambda": 0.023551187362393002, "non_obs_task_switch_rate": 1494.3257818115515}, "datetime": {"datetime": "2020-03-07 09:56:30", "elapsed": 1652177.010547, "delta": 37239.010808}}
