{"target": 70.23702370237024, "params": {"atr_alpha": 8.923418089348906e-05, "eli_lambda": 0.07203244934421581, "non_obs_task_switch_rate": 1000.2287496346897}, "datetime": {"datetime": "2020-03-06 07:28:49", "elapsed": 0.0, "delta": 0.0}}
{"target": 72.13721372137213, "params": {"atr_alpha": 6.744318880004957e-05, "eli_lambda": 0.014675589081711305, "non_obs_task_switch_rate": 1184.6771895375955}, "datetime": {"datetime": "2020-03-06 15:47:07", "elapsed": 29898.556522, "delta": 29898.556522}}
{"target": 69.77697769776978, "params": {"atr_alpha": 4.5389440161757474e-05, "eli_lambda": 0.034556072704304774, "non_obs_task_switch_rate": 1793.5349484613398}, "datetime": {"datetime": "2020-03-07 01:55:26", "elapsed": 66397.752528, "delta": 36499.196006}}
{"target": 75.11751175117512, "params": {"atr_alpha": 0.00011237517946063782, "eli_lambda": 0.041919451440329485, "non_obs_task_switch_rate": 2370.439000793519}, "datetime": {"datetime": "2020-03-07 12:08:06", "elapsed": 103157.725264, "delta": 36759.972736}}
{"target": 69.63696369636963, "params": {"atr_alpha": 4.884592744898831e-05, "eli_lambda": 0.08781174363909455, "non_obs_task_switch_rate": 1054.7751863958524}, "datetime": {"datetime": "2020-03-07 19:56:07", "elapsed": 131238.699523, "delta": 28080.974259}}
