{"target": 67.59675967596759, "params": {"atr_alpha": 8.923418089348906e-05, "eli_lambda": 0.07203244934421581, "non_obs_task_switch_rate": 1000.2287496346897}, "datetime": {"datetime": "2020-02-16 04:43:55", "elapsed": 0.0, "delta": 0.0}}
{"target": 67.18671867186718, "params": {"atr_alpha": 6.744318880004957e-05, "eli_lambda": 0.014675589081711305, "non_obs_task_switch_rate": 1184.6771895375955}, "datetime": {"datetime": "2020-02-16 11:01:32", "elapsed": 22656.248593, "delta": 22656.248593}}
{"target": 72.79727972797279, "params": {"atr_alpha": 4.5389440161757474e-05, "eli_lambda": 0.034556072704304774, "non_obs_task_switch_rate": 1793.5349484613398}, "datetime": {"datetime": "2020-02-16 16:31:47", "elapsed": 42471.995794, "delta": 19815.747201}}
{"target": 51.95519551955196, "params": {"atr_alpha": 0.00011237517946063782, "eli_lambda": 0.041919451440329485, "non_obs_task_switch_rate": 2370.439000793519}, "datetime": {"datetime": "2020-02-16 22:52:17", "elapsed": 65301.791945, "delta": 22829.796151}}
{"target": 56.38563856385638, "params": {"atr_alpha": 4.884592744898831e-05, "eli_lambda": 0.08781174363909455, "non_obs_task_switch_rate": 1054.7751863958524}, "datetime": {"datetime": "2020-02-17 11:05:06", "elapsed": 109270.443797, "delta": 43968.651852}}
{"target": 38.653865386538655, "params": {"atr_alpha": 0.00015356853286468787, "eli_lambda": 0.0339016387166659, "non_obs_task_switch_rate": 1793.3283475297762}, "datetime": {"datetime": "2020-02-19 06:07:22", "elapsed": 264206.990837, "delta": 154936.54704}}
{"target": 40.06400640064006, "params": {"atr_alpha": 0.0001911900238592867, "eli_lambda": 0.06605002732273907, "non_obs_task_switch_rate": 2339.1780520572784}, "datetime": {"datetime": "2020-02-21 23:53:57", "elapsed": 501001.143616, "delta": 236794.152779}}
{"target": 90.92909290929093, "params": {"atr_alpha": 0.00012169371304303955, "eli_lambda": 0.0367471661222768, "non_obs_task_switch_rate": 2750.1516391580208}, "datetime": {"datetime": "2020-02-22 14:40:55", "elapsed": 554219.378581, "delta": 53218.234965}}
{"target": 54.11541154115412, "params": {"atr_alpha": 0.00012329644565874947, "eli_lambda": 0.08165429006171065, "non_obs_task_switch_rate": 2803.372572791076}, "datetime": {"datetime": "2020-02-23 04:01:20", "elapsed": 602244.970206, "delta": 48025.591625}}
{"target": 68.3968396839684, "params": {"atr_alpha": 6.96876265431417e-05, "eli_lambda": 0.0971383571150316, "non_obs_task_switch_rate": 1098.88756753226}, "datetime": {"datetime": "2020-02-23 09:27:12", "elapsed": 621796.852176, "delta": 19551.88197}}
{"target": 68.28682868286829, "params": {"atr_alpha": 0.0001595742580539074, "eli_lambda": 0.044876121037233124, "non_obs_task_switch_rate": 1159.1505791648708}, "datetime": {"datetime": "2020-02-25 07:45:47", "elapsed": 788511.994547, "delta": 166715.142371}}
{"target": 40.07400740074007, "params": {"atr_alpha": 0.00019463419872169454, "eli_lambda": 0.016355471665860922, "non_obs_task_switch_rate": 2021.556023948945}, "datetime": {"datetime": "2020-02-28 15:39:16", "elapsed": 1076120.210195, "delta": 287608.215648}}
{"target": 62.18621862186219, "params": {"atr_alpha": 0.00014019699964297415, "eli_lambda": 0.0992005713149875, "non_obs_task_switch_rate": 1797.7083688124733}, "datetime": {"datetime": "2020-02-29 19:40:16", "elapsed": 1176980.362624, "delta": 100860.152429}}
{"target": 71.61716171617162, "params": {"atr_alpha": 3.048138228403633e-05, "eli_lambda": 0.09818328066819833, "non_obs_task_switch_rate": 1396.3429566739537}, "datetime": {"datetime": "2020-03-01 04:08:57", "elapsed": 1207501.793963, "delta": 30521.431339}}
{"target": 67.04670467046705, "params": {"atr_alpha": 8.663995562700664e-05, "eli_lambda": 0.019147082552275964, "non_obs_task_switch_rate": 1212.052846861855}, "datetime": {"datetime": "2020-03-01 11:38:24", "elapsed": 1234468.584379, "delta": 26966.790416}}
{"target": 89.99899989999, "params": {"atr_alpha": 0.00011020166212144036, "eli_lambda": 0.023551187362393002, "non_obs_task_switch_rate": 1494.3257818115515}, "datetime": {"datetime": "2020-03-01 18:30:55", "elapsed": 1259219.240902, "delta": 24750.656523}}
{"target": 61.57615761576157, "params": {"atr_alpha": 0.00015317422687697094, "eli_lambda": 0.048641164311361, "non_obs_task_switch_rate": 1296.3172489422002}, "datetime": {"datetime": "2020-03-04 02:38:17", "elapsed": 1461261.619899, "delta": 202042.378997}}
{"target": 70.81708170817082, "params": {"atr_alpha": 2.2574313777186787e-05, "eli_lambda": 0.09096499963086388, "non_obs_task_switch_rate": 1470.8277689169406}, "datetime": {"datetime": "2020-03-04 09:55:18", "elapsed": 1487482.112822, "delta": 26220.492923}}
{"target": 70.66706670667067, "params": {"atr_alpha": 1.6702377057089833e-05, "eli_lambda": 0.054410469977549364, "non_obs_task_switch_rate": 2303.6754149902463}, "datetime": {"datetime": "2020-03-04 16:02:04", "elapsed": 1509488.144103, "delta": 22006.031281}}
{"target": 52.515251525152514, "params": {"atr_alpha": 0.00018055888672632744, "eli_lambda": 0.050893421304050494, "non_obs_task_switch_rate": 1521.1501153705838}, "datetime": {"datetime": "2020-03-07 16:29:51", "elapsed": 1770355.186273, "delta": 260867.04217}}
