{"target": 67.08670867086708, "params": {"atr_alpha": 8.923418089348906e-05, "eli_lambda": 0.07203244934421581, "non_obs_task_switch_rate": 1000.2287496346897}, "datetime": {"datetime": "2020-02-16 02:29:26", "elapsed": 0.0, "delta": 0.0}}
{"target": 66.02660266026602, "params": {"atr_alpha": 6.744318880004957e-05, "eli_lambda": 0.014675589081711305, "non_obs_task_switch_rate": 1184.6771895375955}, "datetime": {"datetime": "2020-02-16 06:46:20", "elapsed": 15414.391332, "delta": 15414.391332}}
{"target": 73.76737673767377, "params": {"atr_alpha": 4.5389440161757474e-05, "eli_lambda": 0.034556072704304774, "non_obs_task_switch_rate": 1793.5349484613398}, "datetime": {"datetime": "2020-02-16 10:28:03", "elapsed": 28717.462829, "delta": 13303.071497}}
{"target": 68.53685368536854, "params": {"atr_alpha": 0.00011237517946063782, "eli_lambda": 0.041919451440329485, "non_obs_task_switch_rate": 2370.439000793519}, "datetime": {"datetime": "2020-02-16 16:40:28", "elapsed": 51062.47457, "delta": 22345.011741}}
{"target": 71.47714771477148, "params": {"atr_alpha": 4.884592744898831e-05, "eli_lambda": 0.08781174363909455, "non_obs_task_switch_rate": 1054.7751863958524}, "datetime": {"datetime": "2020-02-16 20:32:48", "elapsed": 65002.637968, "delta": 13940.163398}}
{"target": 80.2980298029803, "params": {"atr_alpha": 3.567306243959934e-05, "eli_lambda": 0.040961659057275376, "non_obs_task_switch_rate": 1793.9747625725324}, "datetime": {"datetime": "2020-02-16 23:52:39", "elapsed": 76993.092665, "delta": 11990.454697}}
{"target": 72.96729672967297, "params": {"atr_alpha": 0.00011240655349705863, "eli_lambda": 0.034324574337456004, "non_obs_task_switch_rate": 1794.0205081817185}, "datetime": {"datetime": "2020-02-17 03:31:05", "elapsed": 90099.524646, "delta": 13106.431981}}
{"target": 79.47794779477948, "params": {"atr_alpha": 3.642204471326054e-05, "eli_lambda": 0.050348379279824884, "non_obs_task_switch_rate": 1793.9421512930592}, "datetime": {"datetime": "2020-02-17 06:46:32", "elapsed": 101826.469993, "delta": 11726.945347}}
{"target": 72.44724472447244, "params": {"atr_alpha": 4.237042826436788e-05, "eli_lambda": 0.018556565546581305, "non_obs_task_switch_rate": 1793.9618394709182}, "datetime": {"datetime": "2020-02-17 10:18:33", "elapsed": 114547.423453, "delta": 12720.95346}}
{"target": 75.74757475747575, "params": {"atr_alpha": 2.4117557835164217e-05, "eli_lambda": 0.02560195820554606, "non_obs_task_switch_rate": 1793.9820237174686}, "datetime": {"datetime": "2020-02-17 13:45:20", "elapsed": 126954.832946, "delta": 12407.409493}}
{"target": 37.943794379437946, "params": {"atr_alpha": 0.00018627020300928158, "eli_lambda": 0.07455424261973005, "non_obs_task_switch_rate": 1794.0007317423767}, "datetime": {"datetime": "2020-02-20 15:10:16", "elapsed": 391250.277964, "delta": 264295.445018}}
{"target": 72.1972197219722, "params": {"atr_alpha": 8.496039888166048e-05, "eli_lambda": 0.05326704158434547, "non_obs_task_switch_rate": 1793.9326724051716}, "datetime": {"datetime": "2020-02-20 18:56:20", "elapsed": 404814.447722, "delta": 13564.169758}}
{"target": 72.60726072607261, "params": {"atr_alpha": 2.0767886311838496e-05, "eli_lambda": 0.02469158116484521, "non_obs_task_switch_rate": 1793.9852630047212}, "datetime": {"datetime": "2020-02-20 22:44:38", "elapsed": 418512.525569, "delta": 13698.077847}}
{"target": 72.83728372837284, "params": {"atr_alpha": 1.1383100234574803e-05, "eli_lambda": 0.032712697694395144, "non_obs_task_switch_rate": 1793.9643387203187}, "datetime": {"datetime": "2020-02-21 02:23:19", "elapsed": 431633.54759, "delta": 13121.022021}}
{"target": 79.75797579757976, "params": {"atr_alpha": 3.433620573033701e-05, "eli_lambda": 0.0392380511827195, "non_obs_task_switch_rate": 1793.9750988641347}, "datetime": {"datetime": "2020-02-21 05:58:00", "elapsed": 444514.45103, "delta": 12880.90344}}
{"target": 39.653965396539654, "params": {"atr_alpha": 0.0001504994092482808, "eli_lambda": 0.031417731928671346, "non_obs_task_switch_rate": 1794.0119554528717}, "datetime": {"datetime": "2020-02-23 01:16:42", "elapsed": 600436.357659, "delta": 155921.906629}}
{"target": 69.34693469346935, "params": {"atr_alpha": 7.247689741424502e-05, "eli_lambda": 0.07549586578515197, "non_obs_task_switch_rate": 1054.7760803015171}, "datetime": {"datetime": "2020-02-23 05:30:31", "elapsed": 615665.441227, "delta": 15229.083568}}
{"target": 96.39963996399639, "params": {"atr_alpha": 0.0001442875449585338, "eli_lambda": 0.03288033313933602, "non_obs_task_switch_rate": 1793.9656268477897}, "datetime": {"datetime": "2020-02-24 10:23:07", "elapsed": 719621.140442, "delta": 103955.699215}}
{"target": 46.31463146314631, "params": {"atr_alpha": 0.00014561683663961506, "eli_lambda": 0.04353656805979449, "non_obs_task_switch_rate": 1793.5415284701867}, "datetime": {"datetime": "2020-02-26 04:04:58", "elapsed": 869732.592952, "delta": 150111.45251}}
{"target": 71.31713171317132, "params": {"atr_alpha": 8.333516098517155e-05, "eli_lambda": 0.031541312896681106, "non_obs_task_switch_rate": 1793.9661769866348}, "datetime": {"datetime": "2020-02-26 07:55:30", "elapsed": 883564.527102, "delta": 13831.93415}}
