{"target": 67.07670767076708, "params": {"atr_alpha": 8.923418089348906e-05, "eli_lambda": 0.07203244934421581, "non_obs_task_switch_rate": 1000.2287496346897}, "datetime": {"datetime": "2020-03-04 15:35:10", "elapsed": 0.0, "delta": 0.0}}
{"target": 71.22712271227122, "params": {"atr_alpha": 6.744318880004957e-05, "eli_lambda": 0.014675589081711305, "non_obs_task_switch_rate": 1184.6771895375955}, "datetime": {"datetime": "2020-03-04 22:12:04", "elapsed": 23813.74691, "delta": 23813.74691}}
{"target": 74.08740874087408, "params": {"atr_alpha": 4.5389440161757474e-05, "eli_lambda": 0.034556072704304774, "non_obs_task_switch_rate": 1793.5349484613398}, "datetime": {"datetime": "2020-03-05 03:04:48", "elapsed": 41377.48581, "delta": 17563.7389}}
{"target": 75.81758175817582, "params": {"atr_alpha": 0.00011237517946063782, "eli_lambda": 0.041919451440329485, "non_obs_task_switch_rate": 2370.439000793519}, "datetime": {"datetime": "2020-03-05 06:39:06", "elapsed": 54235.288998, "delta": 12857.803188}}
{"target": 46.994699469946994, "params": {"atr_alpha": 4.884592744898831e-05, "eli_lambda": 0.08781174363909455, "non_obs_task_switch_rate": 1054.7751863958524}, "datetime": {"datetime": "2020-03-06 06:57:30", "elapsed": 141740.185793, "delta": 87504.896795}}
{"target": 45.64456445644564, "params": {"atr_alpha": 0.000140462104519879, "eli_lambda": 0.04508633693999569, "non_obs_task_switch_rate": 2370.213027227668}, "datetime": {"datetime": "2020-03-07 18:48:26", "elapsed": 270795.728711, "delta": 129055.542918}}
