{"target": 71.08710871087109, "params": {"atr_alpha": 8.923418089348906e-05, "eli_lambda": 0.07203244934421581, "non_obs_task_switch_rate": 1000.2287496346897}, "datetime": {"datetime": "2020-03-02 02:36:42", "elapsed": 0.0, "delta": 0.0}}
{"target": 71.2971297129713, "params": {"atr_alpha": 6.744318880004957e-05, "eli_lambda": 0.014675589081711305, "non_obs_task_switch_rate": 1184.6771895375955}, "datetime": {"datetime": "2020-03-02 07:11:30", "elapsed": 16488.262254, "delta": 16488.262254}}
{"target": 75.27752775277527, "params": {"atr_alpha": 4.5389440161757474e-05, "eli_lambda": 0.034556072704304774, "non_obs_task_switch_rate": 1793.5349484613398}, "datetime": {"datetime": "2020-03-02 11:37:24", "elapsed": 32442.040252, "delta": 15953.777998}}
{"target": 78.86788678867887, "params": {"atr_alpha": 0.00011237517946063782, "eli_lambda": 0.041919451440329485, "non_obs_task_switch_rate": 2370.439000793519}, "datetime": {"datetime": "2020-03-02 18:35:20", "elapsed": 57518.180157, "delta": 25076.139905}}
{"target": 72.98729872987299, "params": {"atr_alpha": 4.884592744898831e-05, "eli_lambda": 0.08781174363909455, "non_obs_task_switch_rate": 1054.7751863958524}, "datetime": {"datetime": "2020-03-03 00:18:13", "elapsed": 78091.13916, "delta": 20572.959003}}
{"target": 41.21412141214122, "params": {"atr_alpha": 0.00018456270989755338, "eli_lambda": 0.04108222428500262, "non_obs_task_switch_rate": 2354.091854702417}, "datetime": {"datetime": "2020-03-06 10:31:44", "elapsed": 374102.40498, "delta": 296011.26582}}
{"target": 48.914891489148914, "params": {"atr_alpha": 0.00011783558149266173, "eli_lambda": 0.08109172708542856, "non_obs_task_switch_rate": 2370.438111119461}, "datetime": {"datetime": "2020-03-07 06:34:43", "elapsed": 446280.992231, "delta": 72178.587251}}
{"target": 52.00520052005201, "params": {"atr_alpha": 0.00012169371304303955, "eli_lambda": 0.0367471661222768, "non_obs_task_switch_rate": 2750.1516391580208}, "datetime": {"datetime": "2020-03-07 23:35:38", "elapsed": 507536.117793, "delta": 61255.125562}}
{"target": 64.4964496449645, "params": {"atr_alpha": 0.00012329644565874947, "eli_lambda": 0.08165429006171065, "non_obs_task_switch_rate": 2803.372572791076}, "datetime": {"datetime": "2020-03-08 17:56:12", "elapsed": 573569.638522, "delta": 66033.520729}}
{"target": 73.74737473747375, "params": {"atr_alpha": 6.96876265431417e-05, "eli_lambda": 0.0971383571150316, "non_obs_task_switch_rate": 1098.88756753226}, "datetime": {"datetime": "2020-03-08 21:27:04", "elapsed": 586221.677181, "delta": 12652.038659}}
