{"target": 33.64336433643364, "params": {"atr_alpha": 8.923418089348906e-05, "eli_lambda": 0.07203244934421581, "non_obs_task_switch_rate": 1000.2287496346897}, "datetime": {"datetime": "2020-03-03 01:49:36", "elapsed": 0.0, "delta": 0.0}}
{"target": 35.33353335333533, "params": {"atr_alpha": 6.744318880004957e-05, "eli_lambda": 0.014675589081711305, "non_obs_task_switch_rate": 1184.6771895375955}, "datetime": {"datetime": "2020-03-04 15:06:41", "elapsed": 134225.041291, "delta": 134225.041291}}
{"target": 69.36693669366937, "params": {"atr_alpha": 4.5389440161757474e-05, "eli_lambda": 0.034556072704304774, "non_obs_task_switch_rate": 1793.5349484613398}, "datetime": {"datetime": "2020-03-05 05:26:33", "elapsed": 185816.703556, "delta": 51591.662265}}
{"target": 52.285228522852286, "params": {"atr_alpha": 0.00011237517946063782, "eli_lambda": 0.041919451440329485, "non_obs_task_switch_rate": 2370.439000793519}, "datetime": {"datetime": "2020-03-05 16:47:37", "elapsed": 226680.262385, "delta": 40863.558829}}
{"target": 33.473347334733475, "params": {"atr_alpha": 4.884592744898831e-05, "eli_lambda": 0.08781174363909455, "non_obs_task_switch_rate": 1054.7751863958524}, "datetime": {"datetime": "2020-03-07 00:38:49", "elapsed": 341352.436765, "delta": 114672.17438}}
{"target": 37.37373737373738, "params": {"atr_alpha": 1e-05, "eli_lambda": 0.03493455724104442, "non_obs_task_switch_rate": 1824.8321529203579}, "datetime": {"datetime": "2020-03-08 11:59:08", "elapsed": 468571.872845, "delta": 127219.43608}}
