{"target": 66.81668166816682, "params": {"atr_alpha": 8.923418089348906e-05, "eli_lambda": 0.07203244934421581, "non_obs_task_switch_rate": 1000.2287496346897}, "datetime": {"datetime": "2020-02-16 03:02:14", "elapsed": 0.0, "delta": 0.0}}
{"target": 64.5964596459646, "params": {"atr_alpha": 6.744318880004957e-05, "eli_lambda": 0.014675589081711305, "non_obs_task_switch_rate": 1184.6771895375955}, "datetime": {"datetime": "2020-02-16 08:08:46", "elapsed": 18391.531052, "delta": 18391.531052}}
{"target": 73.46734673467347, "params": {"atr_alpha": 4.5389440161757474e-05, "eli_lambda": 0.034556072704304774, "non_obs_task_switch_rate": 1793.5349484613398}, "datetime": {"datetime": "2020-02-16 12:35:39", "elapsed": 34404.791118, "delta": 16013.260066}}
{"target": 56.81568156815682, "params": {"atr_alpha": 0.00011237517946063782, "eli_lambda": 0.041919451440329485, "non_obs_task_switch_rate": 2370.439000793519}, "datetime": {"datetime": "2020-02-17 02:49:29", "elapsed": 85634.378617, "delta": 51229.587499}}
{"target": 68.52685268526852, "params": {"atr_alpha": 4.884592744898831e-05, "eli_lambda": 0.08781174363909455, "non_obs_task_switch_rate": 1054.7751863958524}, "datetime": {"datetime": "2020-02-17 07:41:32", "elapsed": 103157.473482, "delta": 17523.094865}}
{"target": 31.093109310931094, "params": {"atr_alpha": 0.0001934761970128809, "eli_lambda": 0.02804591338456229, "non_obs_task_switch_rate": 1783.715868458145}, "datetime": {"datetime": "2020-02-20 16:21:23", "elapsed": 393548.828375, "delta": 290391.354893}}
{"target": 72.73727372737274, "params": {"atr_alpha": 4.546031916802461e-05, "eli_lambda": 0.02969744235926822, "non_obs_task_switch_rate": 1793.5237313568387}, "datetime": {"datetime": "2020-02-20 19:54:15", "elapsed": 406320.43237, "delta": 12771.603995}}
{"target": 41.26412641264126, "params": {"atr_alpha": 0.00015252299409212387, "eli_lambda": 0.015407404550589289, "non_obs_task_switch_rate": 1793.5366234237945}, "datetime": {"datetime": "2020-02-22 13:22:26", "elapsed": 555611.836548, "delta": 149291.404178}}
{"target": 65.54655465546554, "params": {"atr_alpha": 1.2269344981963766e-05, "eli_lambda": 0.011566779640199221, "non_obs_task_switch_rate": 1184.6852296629336}, "datetime": {"datetime": "2020-02-22 18:05:57", "elapsed": 572622.098103, "delta": 17010.261555}}
{"target": 72.92729272927292, "params": {"atr_alpha": 6.775955365757432e-05, "eli_lambda": 0.09163953404030482, "non_obs_task_switch_rate": 1054.7797166377438}, "datetime": {"datetime": "2020-02-22 22:31:48", "elapsed": 588573.262191, "delta": 15951.164088}}
{"target": 68.73687368736874, "params": {"atr_alpha": 8.944902496243254e-05, "eli_lambda": 0.07338908572594452, "non_obs_task_switch_rate": 1000.2305982478167}, "datetime": {"datetime": "2020-02-23 02:53:18", "elapsed": 604263.901271, "delta": 15690.63908}}
{"target": 70.39703970397039, "params": {"atr_alpha": 2.543303672542477e-05, "eli_lambda": 0.08293893572682982, "non_obs_task_switch_rate": 1054.776739441798}, "datetime": {"datetime": "2020-02-23 07:34:17", "elapsed": 621122.56043, "delta": 16858.659159}}
{"target": 68.72687268726872, "params": {"atr_alpha": 9.207021036694331e-05, "eli_lambda": 0.07876620748540067, "non_obs_task_switch_rate": 1054.7832161543117}, "datetime": {"datetime": "2020-02-23 11:33:24", "elapsed": 635469.974151, "delta": 14347.413721}}
{"target": 73.53735373537354, "params": {"atr_alpha": 4.563029118478975e-05, "eli_lambda": 0.038165799953864356, "non_obs_task_switch_rate": 1793.512071881833}, "datetime": {"datetime": "2020-02-23 15:45:03", "elapsed": 650568.675013, "delta": 15098.700862}}
{"target": 46.564656465646564, "params": {"atr_alpha": 0.00015163328902412107, "eli_lambda": 0.04581988298783986, "non_obs_task_switch_rate": 1793.504105926564}, "datetime": {"datetime": "2020-02-25 07:48:46", "elapsed": 794791.156448, "delta": 144222.481435}}
{"target": 70.997099709971, "params": {"atr_alpha": 6.586872933604184e-05, "eli_lambda": 0.078158449907752, "non_obs_task_switch_rate": 1000.2341163726816}, "datetime": {"datetime": "2020-02-25 12:11:06", "elapsed": 810531.20307, "delta": 15740.046622}}
{"target": 68.2968296829683, "params": {"atr_alpha": 7.247689741424502e-05, "eli_lambda": 0.07549586578515197, "non_obs_task_switch_rate": 1054.7760803015171}, "datetime": {"datetime": "2020-02-25 16:06:37", "elapsed": 824662.401892, "delta": 14131.198822}}
{"target": 69.66696669666966, "params": {"atr_alpha": 4.2415151550956314e-05, "eli_lambda": 0.08607630078902906, "non_obs_task_switch_rate": 1000.2488255080473}, "datetime": {"datetime": "2020-02-25 20:01:43", "elapsed": 838768.51182, "delta": 14106.109928}}
{"target": 50.24502450245024, "params": {"atr_alpha": 0.00014561683663961506, "eli_lambda": 0.04353656805979449, "non_obs_task_switch_rate": 1793.5415284701867}, "datetime": {"datetime": "2020-02-27 02:56:03", "elapsed": 950028.988912, "delta": 111260.477092}}
{"target": 68.64686468646865, "params": {"atr_alpha": 1.769647725165523e-05, "eli_lambda": 0.08429195910170251, "non_obs_task_switch_rate": 1000.2520057370854}, "datetime": {"datetime": "2020-02-27 07:27:23", "elapsed": 966309.013083, "delta": 16280.024171}}
