{"target": 67.70677067706771, "params": {"atr_alpha": 8.923418089348906e-05, "eli_lambda": 0.07203244934421581, "non_obs_task_switch_rate": 1000.2287496346897}, "datetime": {"datetime": "2020-03-03 01:22:36", "elapsed": 0.0, "delta": 0.0}}
{"target": 68.53685368536854, "params": {"atr_alpha": 6.744318880004957e-05, "eli_lambda": 0.014675589081711305, "non_obs_task_switch_rate": 1184.6771895375955}, "datetime": {"datetime": "2020-03-03 08:50:30", "elapsed": 26873.942243, "delta": 26873.942243}}
{"target": 67.53675367536754, "params": {"atr_alpha": 4.5389440161757474e-05, "eli_lambda": 0.034556072704304774, "non_obs_task_switch_rate": 1793.5349484613398}, "datetime": {"datetime": "2020-03-03 20:30:47", "elapsed": 68890.313878, "delta": 42016.371635}}
{"target": 53.6053605360536, "params": {"atr_alpha": 0.00011237517946063782, "eli_lambda": 0.041919451440329485, "non_obs_task_switch_rate": 2370.439000793519}, "datetime": {"datetime": "2020-03-04 14:10:09", "elapsed": 132453.037657, "delta": 63562.723779}}
{"target": 73.77737773777378, "params": {"atr_alpha": 4.884592744898831e-05, "eli_lambda": 0.08781174363909455, "non_obs_task_switch_rate": 1054.7751863958524}, "datetime": {"datetime": "2020-03-05 05:25:48", "elapsed": 187391.470952, "delta": 54938.433295}}
{"target": 71.5971597159716, "params": {"atr_alpha": 6.372747548278264e-05, "eli_lambda": 0.0905524531920087, "non_obs_task_switch_rate": 1053.7625646882518}, "datetime": {"datetime": "2020-03-05 13:38:24", "elapsed": 216947.728877, "delta": 29556.257925}}
{"target": 72.50725072507251, "params": {"atr_alpha": 9.462997748869312e-05, "eli_lambda": 0.015755088489653846, "non_obs_task_switch_rate": 1055.1292243816906}, "datetime": {"datetime": "2020-03-05 21:30:15", "elapsed": 245258.629204, "delta": 28310.900327}}
