{"target": 93.47934793479348, "params": {"atr_alpha": 8.923418089348906e-05, "eli_lambda": 0.07203244934421581, "non_obs_task_switch_rate": 1000.2287496346897}, "datetime": {"datetime": "2020-02-16 07:12:25", "elapsed": 0.0, "delta": 0.0}}
{"target": 37.86378637863786, "params": {"atr_alpha": 6.744318880004957e-05, "eli_lambda": 0.014675589081711305, "non_obs_task_switch_rate": 1184.6771895375955}, "datetime": {"datetime": "2020-02-17 19:14:37", "elapsed": 129731.989781, "delta": 129731.989781}}
{"target": 66.00660066006601, "params": {"atr_alpha": 4.5389440161757474e-05, "eli_lambda": 0.034556072704304774, "non_obs_task_switch_rate": 1793.5349484613398}, "datetime": {"datetime": "2020-02-18 05:50:59", "elapsed": 167913.808435, "delta": 38181.818654}}
{"target": 61.36613661366137, "params": {"atr_alpha": 0.00011237517946063782, "eli_lambda": 0.041919451440329485, "non_obs_task_switch_rate": 2370.439000793519}, "datetime": {"datetime": "2020-02-18 15:37:26", "elapsed": 203100.779682, "delta": 35186.971247}}
{"target": 68.8068806880688, "params": {"atr_alpha": 4.884592744898831e-05, "eli_lambda": 0.08781174363909455, "non_obs_task_switch_rate": 1054.7751863958524}, "datetime": {"datetime": "2020-02-19 01:20:13", "elapsed": 238067.794522, "delta": 34967.01484}}
{"target": 55.80558055805581, "params": {"atr_alpha": 9.435564833629191e-05, "eli_lambda": 0.026481201198627458, "non_obs_task_switch_rate": 1000.499195321853}, "datetime": {"datetime": "2020-02-19 10:25:04", "elapsed": 270759.039259, "delta": 32691.244737}}
{"target": 41.344134413441346, "params": {"atr_alpha": 0.0001911900238592867, "eli_lambda": 0.06605002732273907, "non_obs_task_switch_rate": 2339.1780520572784}, "datetime": {"datetime": "2020-02-22 05:00:58", "elapsed": 510512.719037, "delta": 239753.679778}}
{"target": 61.36613661366137, "params": {"atr_alpha": 0.00012169371304303955, "eli_lambda": 0.0367471661222768, "non_obs_task_switch_rate": 2750.1516391580208}, "datetime": {"datetime": "2020-02-22 20:00:55", "elapsed": 564509.894701, "delta": 53997.175664}}
{"target": 53.5953595359536, "params": {"atr_alpha": 0.00012329644565874947, "eli_lambda": 0.08165429006171065, "non_obs_task_switch_rate": 2803.372572791076}, "datetime": {"datetime": "2020-02-23 12:47:58", "elapsed": 624932.469329, "delta": 60422.574628}}
{"target": 68.95689568956895, "params": {"atr_alpha": 6.96876265431417e-05, "eli_lambda": 0.0971383571150316, "non_obs_task_switch_rate": 1098.88756753226}, "datetime": {"datetime": "2020-02-23 21:51:13", "elapsed": 657528.403297, "delta": 32595.933968}}
{"target": 39.14391439143915, "params": {"atr_alpha": 0.0001595742580539074, "eli_lambda": 0.044876121037233124, "non_obs_task_switch_rate": 1159.1505791648708}, "datetime": {"datetime": "2020-02-26 04:46:57", "elapsed": 855272.299284, "delta": 197743.895987}}
{"target": 40.234023402340235, "params": {"atr_alpha": 0.00019463419872169454, "eli_lambda": 0.016355471665860922, "non_obs_task_switch_rate": 2021.556023948945}, "datetime": {"datetime": "2020-02-29 08:34:51", "elapsed": 1128146.129119, "delta": 272873.829835}}
{"target": 41.55415541554155, "params": {"atr_alpha": 0.00014019699964297415, "eli_lambda": 0.0992005713149875, "non_obs_task_switch_rate": 1797.7083688124733}, "datetime": {"datetime": "2020-03-01 14:44:22", "elapsed": 1236717.155349, "delta": 108571.02623}}
{"target": 32.083208320832085, "params": {"atr_alpha": 3.048138228403633e-05, "eli_lambda": 0.09818328066819833, "non_obs_task_switch_rate": 1396.3429566739537}, "datetime": {"datetime": "2020-03-02 15:59:05", "elapsed": 1327599.68152, "delta": 90882.526171}}
{"target": 53.3953395339534, "params": {"atr_alpha": 0.00014440160546488822, "eli_lambda": 0.05393703760567421, "non_obs_task_switch_rate": 1000.2087803600471}, "datetime": {"datetime": "2020-03-04 21:53:25", "elapsed": 1521659.76012, "delta": 194060.0786}}
{"target": 52.11521152115211, "params": {"atr_alpha": 0.00011020166212144036, "eli_lambda": 0.023551187362393002, "non_obs_task_switch_rate": 1494.3257818115515}, "datetime": {"datetime": "2020-03-05 18:15:54", "elapsed": 1595008.465472, "delta": 73348.705352}}
{"target": 96.76967696769677, "params": {"atr_alpha": 0.00015317422687697094, "eli_lambda": 0.048641164311361, "non_obs_task_switch_rate": 1296.3172489422002}, "datetime": {"datetime": "2020-03-06 00:33:16", "elapsed": 1617650.54539, "delta": 22642.079918}}
{"target": 70.58705870587059, "params": {"atr_alpha": 2.2574313777186787e-05, "eli_lambda": 0.09096499963086388, "non_obs_task_switch_rate": 1470.8277689169406}, "datetime": {"datetime": "2020-03-06 06:39:59", "elapsed": 1639654.0097, "delta": 22003.46431}}
{"target": 77.82778277827782, "params": {"atr_alpha": 1.6702377057089833e-05, "eli_lambda": 0.054410469977549364, "non_obs_task_switch_rate": 2303.6754149902463}, "datetime": {"datetime": "2020-03-06 13:56:42", "elapsed": 1665856.723904, "delta": 26202.714204}}
