{"target": 59.64596459645965, "params": {"atr_alpha": 8.923418089348906e-05, "eli_lambda": 0.07203244934421581, "non_obs_task_switch_rate": 1000.2287496346897}, "datetime": {"datetime": "2020-03-01 23:42:47", "elapsed": 0.0, "delta": 0.0}}
{"target": 39.893989398939894, "params": {"atr_alpha": 6.744318880004957e-05, "eli_lambda": 0.014675589081711305, "non_obs_task_switch_rate": 1184.6771895375955}, "datetime": {"datetime": "2020-03-03 05:06:46", "elapsed": 105839.102931, "delta": 105839.102931}}
{"target": 45.06450645064506, "params": {"atr_alpha": 4.5389440161757474e-05, "eli_lambda": 0.034556072704304774, "non_obs_task_switch_rate": 1793.5349484613398}, "datetime": {"datetime": "2020-03-04 13:06:17", "elapsed": 221010.139799, "delta": 115171.036868}}
{"target": 55.355535553555356, "params": {"atr_alpha": 0.00011237517946063782, "eli_lambda": 0.041919451440329485, "non_obs_task_switch_rate": 2370.439000793519}, "datetime": {"datetime": "2020-03-05 06:39:36", "elapsed": 284208.662427, "delta": 63198.522628}}
{"target": 49.354935493549355, "params": {"atr_alpha": 4.884592744898831e-05, "eli_lambda": 0.08781174363909455, "non_obs_task_switch_rate": 1054.7751863958524}, "datetime": {"datetime": "2020-03-06 05:46:25", "elapsed": 367418.452393, "delta": 83209.789966}}
{"target": 89.16891689168916, "params": {"atr_alpha": 9.00624719129398e-05, "eli_lambda": 0.07372327273589087, "non_obs_task_switch_rate": 1000.0257020112375}, "datetime": {"datetime": "2020-03-06 16:11:54", "elapsed": 404946.890047, "delta": 37528.437654}}
{"target": 56.845684568456846, "params": {"atr_alpha": 0.00012050182936724727, "eli_lambda": 0.09404650804816415, "non_obs_task_switch_rate": 1000.082751104179}, "datetime": {"datetime": "2020-03-07 22:08:51", "elapsed": 512764.358595, "delta": 107817.468548}}
