{"target": 71.3071307130713, "params": {"atr_alpha": 8.923418089348906e-05, "eli_lambda": 0.07203244934421581, "non_obs_task_switch_rate": 1000.2287496346897}, "datetime": {"datetime": "2020-03-07 00:32:33", "elapsed": 0.0, "delta": 0.0}}
{"target": 65.21652165216521, "params": {"atr_alpha": 6.744318880004957e-05, "eli_lambda": 0.014675589081711305, "non_obs_task_switch_rate": 1184.6771895375955}, "datetime": {"datetime": "2020-03-07 06:48:30", "elapsed": 22557.260885, "delta": 22557.260885}}
{"target": 78.23782378237824, "params": {"atr_alpha": 4.5389440161757474e-05, "eli_lambda": 0.034556072704304774, "non_obs_task_switch_rate": 1793.5349484613398}, "datetime": {"datetime": "2020-03-07 11:04:01", "elapsed": 37887.658867, "delta": 15330.397982}}
{"target": 55.08550855085509, "params": {"atr_alpha": 0.00011237517946063782, "eli_lambda": 0.041919451440329485, "non_obs_task_switch_rate": 2370.439000793519}, "datetime": {"datetime": "2020-03-07 20:27:03", "elapsed": 71669.707133, "delta": 33782.048266}}
{"target": 73.33733373337334, "params": {"atr_alpha": 4.884592744898831e-05, "eli_lambda": 0.08781174363909455, "non_obs_task_switch_rate": 1054.7751863958524}, "datetime": {"datetime": "2020-03-08 01:05:14", "elapsed": 88360.688402, "delta": 16690.981269}}
