{"target": 66.03660366036604, "params": {"atr_alpha": 8.923418089348906e-05, "eli_lambda": 0.07203244934421581, "non_obs_task_switch_rate": 1000.2287496346897}, "datetime": {"datetime": "2020-02-16 09:21:34", "elapsed": 0.0, "delta": 0.0}}
{"target": 67.11671167116711, "params": {"atr_alpha": 6.744318880004957e-05, "eli_lambda": 0.014675589081711305, "non_obs_task_switch_rate": 1184.6771895375955}, "datetime": {"datetime": "2020-02-16 16:22:58", "elapsed": 25283.88204, "delta": 25283.88204}}
{"target": 38.453845384538454, "params": {"atr_alpha": 4.5389440161757474e-05, "eli_lambda": 0.034556072704304774, "non_obs_task_switch_rate": 1793.5349484613398}, "datetime": {"datetime": "2020-02-17 13:00:24", "elapsed": 99530.110375, "delta": 74246.228335}}
{"target": 52.05520552055206, "params": {"atr_alpha": 0.00011237517946063782, "eli_lambda": 0.041919451440329485, "non_obs_task_switch_rate": 2370.439000793519}, "datetime": {"datetime": "2020-02-17 23:22:30", "elapsed": 136856.243285, "delta": 37326.13291}}
{"target": 62.736273627362735, "params": {"atr_alpha": 4.884592744898831e-05, "eli_lambda": 0.08781174363909455, "non_obs_task_switch_rate": 1054.7751863958524}, "datetime": {"datetime": "2020-02-18 13:20:26", "elapsed": 187132.400034, "delta": 50276.156749}}
{"target": 48.07480748074808, "params": {"atr_alpha": 0.00019718384041660954, "eli_lambda": 0.0, "non_obs_task_switch_rate": 1170.577653424328}, "datetime": {"datetime": "2020-02-21 20:45:09", "elapsed": 473014.86592, "delta": 285882.465886}}
{"target": 67.66676667666766, "params": {"atr_alpha": 4.965517022718254e-05, "eli_lambda": 0.0045854491468652284, "non_obs_task_switch_rate": 1184.6304669684582}, "datetime": {"datetime": "2020-02-22 03:57:12", "elapsed": 498938.080886, "delta": 25923.214966}}
{"target": 60.54605460546055, "params": {"atr_alpha": 6.1134957173392e-05, "eli_lambda": 0.06591202754580824, "non_obs_task_switch_rate": 1184.5987050482208}, "datetime": {"datetime": "2020-02-22 19:00:37", "elapsed": 553143.170233, "delta": 54205.089347}}
{"target": 58.325832583258325, "params": {"atr_alpha": 6.322056155524087e-05, "eli_lambda": 0.010403990204039527, "non_obs_task_switch_rate": 1184.6544806947538}, "datetime": {"datetime": "2020-02-23 11:25:40", "elapsed": 612245.613717, "delta": 59102.443484}}
{"target": 63.316331633163315, "params": {"atr_alpha": 2.503318045233916e-05, "eli_lambda": 0.009391940640829023, "non_obs_task_switch_rate": 1184.6726922832281}, "datetime": {"datetime": "2020-02-23 19:25:17", "elapsed": 641023.549332, "delta": 28777.935615}}
{"target": 50.975097509750974, "params": {"atr_alpha": 0.00019753590544031434, "eli_lambda": 0.013615548160007028, "non_obs_task_switch_rate": 1184.6785010351134}, "datetime": {"datetime": "2020-02-27 07:50:47", "elapsed": 944953.582062, "delta": 303930.03273}}
{"target": 39.45394539453945, "params": {"atr_alpha": 0.00019463419872169454, "eli_lambda": 0.016355471665860922, "non_obs_task_switch_rate": 2021.556023948945}, "datetime": {"datetime": "2020-03-01 14:44:33", "elapsed": 1228979.582625, "delta": 284026.000563}}
{"target": 49.86498649864986, "params": {"atr_alpha": 0.00014019699964297415, "eli_lambda": 0.0992005713149875, "non_obs_task_switch_rate": 1797.7083688124733}, "datetime": {"datetime": "2020-03-03 04:33:47", "elapsed": 1365133.597386, "delta": 136154.014761}}
{"target": 73.46734673467347, "params": {"atr_alpha": 3.048138228403633e-05, "eli_lambda": 0.09818328066819833, "non_obs_task_switch_rate": 1396.3429566739537}, "datetime": {"datetime": "2020-03-03 10:40:43", "elapsed": 1387149.348324, "delta": 22015.750938}}
{"target": 75.2975297529753, "params": {"atr_alpha": 8.663995562700664e-05, "eli_lambda": 0.019147082552275964, "non_obs_task_switch_rate": 1212.052846861855}, "datetime": {"datetime": "2020-03-03 21:11:42", "elapsed": 1425008.03481, "delta": 37858.686486}}
{"target": 47.98479847984798, "params": {"atr_alpha": 0.00011020166212144036, "eli_lambda": 0.023551187362393002, "non_obs_task_switch_rate": 1494.3257818115515}, "datetime": {"datetime": "2020-03-04 12:31:36", "elapsed": 1480201.627992, "delta": 55193.593182}}
{"target": 40.59405940594059, "params": {"atr_alpha": 0.00015317422687697094, "eli_lambda": 0.048641164311361, "non_obs_task_switch_rate": 1296.3172489422002}, "datetime": {"datetime": "2020-03-06 15:44:04", "elapsed": 1664550.202112, "delta": 184348.57412}}
{"target": 71.46714671467147, "params": {"atr_alpha": 2.2574313777186787e-05, "eli_lambda": 0.09096499963086388, "non_obs_task_switch_rate": 1470.8277689169406}, "datetime": {"datetime": "2020-03-07 02:02:34", "elapsed": 1701660.596996, "delta": 37110.394884}}
{"target": 76.73767376737673, "params": {"atr_alpha": 1.6702377057089833e-05, "eli_lambda": 0.054410469977549364, "non_obs_task_switch_rate": 2303.6754149902463}, "datetime": {"datetime": "2020-03-07 07:34:57", "elapsed": 1721603.424313, "delta": 19942.827317}}
