{"target": 75.94759475947595, "params": {"atr_alpha": 8.923418089348906e-05, "eli_lambda": 0.07203244934421581, "non_obs_task_switch_rate": 1000.2287496346897}, "datetime": {"datetime": "2020-02-16 02:41:36", "elapsed": 0.0, "delta": 0.0}}
{"target": 74.38743874387438, "params": {"atr_alpha": 6.744318880004957e-05, "eli_lambda": 0.014675589081711305, "non_obs_task_switch_rate": 1184.6771895375955}, "datetime": {"datetime": "2020-02-16 07:13:05", "elapsed": 16289.471437, "delta": 16289.471437}}
{"target": 76.22762276227623, "params": {"atr_alpha": 4.5389440161757474e-05, "eli_lambda": 0.034556072704304774, "non_obs_task_switch_rate": 1793.5349484613398}, "datetime": {"datetime": "2020-02-16 11:36:52", "elapsed": 32116.291706, "delta": 15826.820269}}
{"target": 62.67626762676267, "params": {"atr_alpha": 0.00011237517946063782, "eli_lambda": 0.041919451440329485, "non_obs_task_switch_rate": 2370.439000793519}, "datetime": {"datetime": "2020-02-16 18:20:29", "elapsed": 56332.920091, "delta": 24216.628385}}
{"target": 72.57725772577258, "params": {"atr_alpha": 4.884592744898831e-05, "eli_lambda": 0.08781174363909455, "non_obs_task_switch_rate": 1054.7751863958524}, "datetime": {"datetime": "2020-02-16 23:08:27", "elapsed": 73610.53671, "delta": 17277.616619}}
{"target": 75.94759475947595, "params": {"atr_alpha": 1.700290973724456e-05, "eli_lambda": 0.034897918385412466, "non_obs_task_switch_rate": 1795.4433319387085}, "datetime": {"datetime": "2020-02-17 03:43:50", "elapsed": 90133.857292, "delta": 16523.320582}}
{"target": 77.27772777277728, "params": {"atr_alpha": 1e-05, "eli_lambda": 0.1, "non_obs_task_switch_rate": 1787.2958609326283}, "datetime": {"datetime": "2020-02-17 08:10:41", "elapsed": 106145.242036, "delta": 16011.384744}}
{"target": 41.254125412541256, "params": {"atr_alpha": 0.0002, "eli_lambda": 0.0, "non_obs_task_switch_rate": 1779.8057583784573}, "datetime": {"datetime": "2020-02-21 07:14:24", "elapsed": 448368.09625, "delta": 342222.854214}}
{"target": 76.24762476247625, "params": {"atr_alpha": 1e-05, "eli_lambda": 0.09960194766441739, "non_obs_task_switch_rate": 1787.9692160632933}, "datetime": {"datetime": "2020-02-21 11:20:50", "elapsed": 463154.457852, "delta": 14786.361602}}
{"target": 44.644464446444644, "params": {"atr_alpha": 0.0002, "eli_lambda": 0.0, "non_obs_task_switch_rate": 1786.825740753362}, "datetime": {"datetime": "2020-02-25 01:24:05", "elapsed": 772949.440066, "delta": 309794.982214}}
{"target": 68.27682768276827, "params": {"atr_alpha": 0.0001595742580539074, "eli_lambda": 0.044876121037233124, "non_obs_task_switch_rate": 1159.1505791648708}, "datetime": {"datetime": "2020-02-27 07:04:27", "elapsed": 966170.527679, "delta": 193221.087613}}
{"target": 41.044104410441044, "params": {"atr_alpha": 0.00019463419872169454, "eli_lambda": 0.016355471665860922, "non_obs_task_switch_rate": 2021.556023948945}, "datetime": {"datetime": "2020-03-02 04:34:32", "elapsed": 1302775.757696, "delta": 336605.230017}}
{"target": 52.905290529052905, "params": {"atr_alpha": 0.00014019699964297415, "eli_lambda": 0.0992005713149875, "non_obs_task_switch_rate": 1797.7083688124733}, "datetime": {"datetime": "2020-03-04 01:40:15", "elapsed": 1465118.909247, "delta": 162343.151551}}
{"target": 73.25732573257326, "params": {"atr_alpha": 3.048138228403633e-05, "eli_lambda": 0.09818328066819833, "non_obs_task_switch_rate": 1396.3429566739537}, "datetime": {"datetime": "2020-03-04 05:43:06", "elapsed": 1479689.809335, "delta": 14570.900088}}
{"target": 76.05760576057605, "params": {"atr_alpha": 8.663995562700664e-05, "eli_lambda": 0.019147082552275964, "non_obs_task_switch_rate": 1212.052846861855}, "datetime": {"datetime": "2020-03-04 10:56:23", "elapsed": 1498486.785576, "delta": 18796.976241}}
{"target": 56.455645564556455, "params": {"atr_alpha": 0.00011020166212144036, "eli_lambda": 0.023551187362393002, "non_obs_task_switch_rate": 1494.3257818115515}, "datetime": {"datetime": "2020-03-05 17:55:01", "elapsed": 1610005.362914, "delta": 111518.577338}}
{"target": 40.07400740074007, "params": {"atr_alpha": 0.00015317422687697094, "eli_lambda": 0.048641164311361, "non_obs_task_switch_rate": 1296.3172489422002}, "datetime": {"datetime": "2020-03-07 21:27:06", "elapsed": 1795529.566602, "delta": 185524.203688}}
{"target": 76.97769776977698, "params": {"atr_alpha": 2.2574313777186787e-05, "eli_lambda": 0.09096499963086388, "non_obs_task_switch_rate": 1470.8277689169406}, "datetime": {"datetime": "2020-03-08 01:34:17", "elapsed": 1810361.481934, "delta": 14831.915332}}
{"target": 77.91779177917792, "params": {"atr_alpha": 1.6702377057089833e-05, "eli_lambda": 0.054410469977549364, "non_obs_task_switch_rate": 2303.6754149902463}, "datetime": {"datetime": "2020-03-08 06:28:44", "elapsed": 1828027.527525, "delta": 17666.045591}}
