{"target": 54.775477547754775, "params": {"atr_alpha": 8.923418089348906e-05, "eli_lambda": 0.07203244934421581, "non_obs_task_switch_rate": 1000.2287496346897}, "datetime": {"datetime": "2020-02-16 15:38:49", "elapsed": 0.0, "delta": 0.0}}
{"target": 56.51565156515652, "params": {"atr_alpha": 6.744318880004957e-05, "eli_lambda": 0.014675589081711305, "non_obs_task_switch_rate": 1184.6771895375955}, "datetime": {"datetime": "2020-02-17 04:35:17", "elapsed": 46588.211501, "delta": 46588.211501}}
{"target": 67.55675567556756, "params": {"atr_alpha": 4.5389440161757474e-05, "eli_lambda": 0.034556072704304774, "non_obs_task_switch_rate": 1793.5349484613398}, "datetime": {"datetime": "2020-02-17 13:16:32", "elapsed": 77862.824739, "delta": 31274.613238}}
{"target": 53.5053505350535, "params": {"atr_alpha": 0.00011237517946063782, "eli_lambda": 0.041919451440329485, "non_obs_task_switch_rate": 2370.439000793519}, "datetime": {"datetime": "2020-02-18 02:12:40", "elapsed": 124431.488269, "delta": 46568.66353}}
{"target": 51.67516751675168, "params": {"atr_alpha": 4.884592744898831e-05, "eli_lambda": 0.08781174363909455, "non_obs_task_switch_rate": 1054.7751863958524}, "datetime": {"datetime": "2020-02-18 16:33:44", "elapsed": 176094.929991, "delta": 51663.441722}}
{"target": 33.623362336233626, "params": {"atr_alpha": 0.0002, "eli_lambda": 0.002087093561317056, "non_obs_task_switch_rate": 1785.1133957112947}, "datetime": {"datetime": "2020-02-22 22:16:42", "elapsed": 542272.845532, "delta": 366177.915541}}
{"target": 60.26602660266027, "params": {"atr_alpha": 4.529733766132257e-05, "eli_lambda": 0.038985542910633636, "non_obs_task_switch_rate": 1793.5451110282138}, "datetime": {"datetime": "2020-02-23 08:34:35", "elapsed": 579346.304513, "delta": 37073.458981}}
{"target": 37.81378137813781, "params": {"atr_alpha": 0.00015252299409212387, "eli_lambda": 0.015407404550589289, "non_obs_task_switch_rate": 1793.5366234237945}, "datetime": {"datetime": "2020-02-25 09:26:02", "elapsed": 755233.635507, "delta": 175887.330994}}
{"target": 41.45414541454146, "params": {"atr_alpha": 0.0001878446743826793, "eli_lambda": 0.04506978061286415, "non_obs_task_switch_rate": 1793.5486482965198}, "datetime": {"datetime": "2020-02-28 11:38:11", "elapsed": 1022361.999807, "delta": 267128.3643}}
{"target": 54.5954595459546, "params": {"atr_alpha": 6.96876265431417e-05, "eli_lambda": 0.0971383571150316, "non_obs_task_switch_rate": 1098.88756753226}, "datetime": {"datetime": "2020-02-29 01:58:46", "elapsed": 1073997.582939, "delta": 51635.583132}}
{"target": 36.113611361136115, "params": {"atr_alpha": 0.0001595742580539074, "eli_lambda": 0.044876121037233124, "non_obs_task_switch_rate": 1159.1505791648708}, "datetime": {"datetime": "2020-03-02 15:58:27", "elapsed": 1297178.517247, "delta": 223180.934308}}
{"target": 39.62396239623963, "params": {"atr_alpha": 0.00019463419872169454, "eli_lambda": 0.016355471665860922, "non_obs_task_switch_rate": 2021.556023948945}, "datetime": {"datetime": "2020-03-06 21:45:56", "elapsed": 1663627.032559, "delta": 366448.515312}}
{"target": 49.99499949995, "params": {"atr_alpha": 0.00014019699964297415, "eli_lambda": 0.0992005713149875, "non_obs_task_switch_rate": 1797.7083688124733}, "datetime": {"datetime": "2020-03-08 06:04:20", "elapsed": 1779930.948629, "delta": 116303.91607}}
{"target": 55.55555555555556, "params": {"atr_alpha": 3.048138228403633e-05, "eli_lambda": 0.09818328066819833, "non_obs_task_switch_rate": 1396.3429566739537}, "datetime": {"datetime": "2020-03-09 00:08:36", "elapsed": 1844986.676329, "delta": 65055.7277}}
