{"target": 76.24762476247625, "params": {"atr_alpha": 8.923418089348906e-05, "eli_lambda": 0.07203244934421581, "non_obs_task_switch_rate": 1000.2287496346897}, "datetime": {"datetime": "2020-02-16 02:43:11", "elapsed": 0.0, "delta": 0.0}}
{"target": 75.65756575657566, "params": {"atr_alpha": 6.744318880004957e-05, "eli_lambda": 0.014675589081711305, "non_obs_task_switch_rate": 1184.6771895375955}, "datetime": {"datetime": "2020-02-16 08:30:27", "elapsed": 20835.201559, "delta": 20835.201559}}
{"target": 76.44764476447645, "params": {"atr_alpha": 4.5389440161757474e-05, "eli_lambda": 0.034556072704304774, "non_obs_task_switch_rate": 1793.5349484613398}, "datetime": {"datetime": "2020-02-16 13:32:05", "elapsed": 38933.358037, "delta": 18098.156478}}
{"target": 57.265726572657265, "params": {"atr_alpha": 0.00011237517946063782, "eli_lambda": 0.041919451440329485, "non_obs_task_switch_rate": 2370.439000793519}, "datetime": {"datetime": "2020-02-16 23:21:08", "elapsed": 74276.694627, "delta": 35343.33659}}
{"target": 70.93709370937094, "params": {"atr_alpha": 4.884592744898831e-05, "eli_lambda": 0.08781174363909455, "non_obs_task_switch_rate": 1054.7751863958524}, "datetime": {"datetime": "2020-02-17 06:02:23", "elapsed": 98351.522244, "delta": 24074.827617}}
{"target": 34.873487348734876, "params": {"atr_alpha": 0.00015334636082248924, "eli_lambda": 0.03574618778764507, "non_obs_task_switch_rate": 1793.1552870551461}, "datetime": {"datetime": "2020-02-19 06:29:10", "elapsed": 272758.937395, "delta": 174407.415151}}
{"target": 52.175217521752174, "params": {"atr_alpha": 0.0001911900238592867, "eli_lambda": 0.06605002732273907, "non_obs_task_switch_rate": 2339.1780520572784}, "datetime": {"datetime": "2020-02-21 06:07:07", "elapsed": 444235.02635, "delta": 171476.088955}}
{"target": 51.935193519351934, "params": {"atr_alpha": 0.00012169371304303955, "eli_lambda": 0.0367471661222768, "non_obs_task_switch_rate": 2750.1516391580208}, "datetime": {"datetime": "2020-02-21 15:10:53", "elapsed": 476861.878464, "delta": 32626.852114}}
{"target": 53.07530753075307, "params": {"atr_alpha": 0.00012329644565874947, "eli_lambda": 0.08165429006171065, "non_obs_task_switch_rate": 2803.372572791076}, "datetime": {"datetime": "2020-02-21 22:15:31", "elapsed": 502339.999265, "delta": 25478.120801}}
{"target": 73.43734373437344, "params": {"atr_alpha": 6.96876265431417e-05, "eli_lambda": 0.0971383571150316, "non_obs_task_switch_rate": 1098.88756753226}, "datetime": {"datetime": "2020-02-22 04:17:34", "elapsed": 524062.73338, "delta": 21722.734115}}
{"target": 49.09490949094909, "params": {"atr_alpha": 0.0001595742580539074, "eli_lambda": 0.044876121037233124, "non_obs_task_switch_rate": 1159.1505791648708}, "datetime": {"datetime": "2020-02-24 08:07:54", "elapsed": 710682.423875, "delta": 186619.690495}}
{"target": 37.943794379437946, "params": {"atr_alpha": 0.00019463419872169454, "eli_lambda": 0.016355471665860922, "non_obs_task_switch_rate": 2021.556023948945}, "datetime": {"datetime": "2020-02-27 10:50:47", "elapsed": 979655.051384, "delta": 268972.627509}}
{"target": 43.61436143614362, "params": {"atr_alpha": 0.00014019699964297415, "eli_lambda": 0.0992005713149875, "non_obs_task_switch_rate": 1797.7083688124733}, "datetime": {"datetime": "2020-02-28 22:08:11", "elapsed": 1106699.100883, "delta": 127044.049499}}
{"target": 74.97749774977498, "params": {"atr_alpha": 3.048138228403633e-05, "eli_lambda": 0.09818328066819833, "non_obs_task_switch_rate": 1396.3429566739537}, "datetime": {"datetime": "2020-02-29 03:47:53", "elapsed": 1127081.836213, "delta": 20382.73533}}
{"target": 69.15691569156915, "params": {"atr_alpha": 8.663995562700664e-05, "eli_lambda": 0.019147082552275964, "non_obs_task_switch_rate": 1212.052846861855}, "datetime": {"datetime": "2020-02-29 10:09:15", "elapsed": 1149964.010692, "delta": 22882.174479}}
{"target": 47.99479947994799, "params": {"atr_alpha": 0.00011020166212144036, "eli_lambda": 0.023551187362393002, "non_obs_task_switch_rate": 1494.3257818115515}, "datetime": {"datetime": "2020-03-01 06:10:27", "elapsed": 1222035.692322, "delta": 72071.68163}}
{"target": 51.085108510851086, "params": {"atr_alpha": 0.00015317422687697094, "eli_lambda": 0.048641164311361, "non_obs_task_switch_rate": 1296.3172489422002}, "datetime": {"datetime": "2020-03-03 14:56:10", "elapsed": 1426378.407933, "delta": 204342.715611}}
{"target": 74.94749474947494, "params": {"atr_alpha": 2.2574313777186787e-05, "eli_lambda": 0.09096499963086388, "non_obs_task_switch_rate": 1470.8277689169406}, "datetime": {"datetime": "2020-03-04 00:57:10", "elapsed": 1462438.908193, "delta": 36060.50026}}
{"target": 77.24772477247724, "params": {"atr_alpha": 1.6702377057089833e-05, "eli_lambda": 0.054410469977549364, "non_obs_task_switch_rate": 2303.6754149902463}, "datetime": {"datetime": "2020-03-04 04:19:16", "elapsed": 1474564.722318, "delta": 12125.814125}}
{"target": 47.284728472847284, "params": {"atr_alpha": 0.00018055888672632744, "eli_lambda": 0.050893421304050494, "non_obs_task_switch_rate": 1521.1501153705838}, "datetime": {"datetime": "2020-03-06 09:03:20", "elapsed": 1664408.16419, "delta": 189843.441872}}
