{"target": 74.57745774577458, "params": {"atr_alpha": 8.923418089348906e-05, "eli_lambda": 0.07203244934421581, "non_obs_task_switch_rate": 1000.2287496346897}, "datetime": {"datetime": "2020-02-27 16:03:10", "elapsed": 0.0, "delta": 0.0}}
{"target": 71.63716371637163, "params": {"atr_alpha": 6.744318880004957e-05, "eli_lambda": 0.014675589081711305, "non_obs_task_switch_rate": 1184.6771895375955}, "datetime": {"datetime": "2020-02-27 19:54:36", "elapsed": 13885.869029, "delta": 13885.869029}}
{"target": 74.99749974997499, "params": {"atr_alpha": 4.5389440161757474e-05, "eli_lambda": 0.034556072704304774, "non_obs_task_switch_rate": 1793.5349484613398}, "datetime": {"datetime": "2020-02-27 23:42:50", "elapsed": 27579.810094, "delta": 13693.941065}}
{"target": 53.805380538053804, "params": {"atr_alpha": 0.00011237517946063782, "eli_lambda": 0.041919451440329485, "non_obs_task_switch_rate": 2370.439000793519}, "datetime": {"datetime": "2020-02-28 07:35:44", "elapsed": 55954.248689, "delta": 28374.438595}}
{"target": 78.85788578857886, "params": {"atr_alpha": 4.884592744898831e-05, "eli_lambda": 0.08781174363909455, "non_obs_task_switch_rate": 1054.7751863958524}, "datetime": {"datetime": "2020-02-28 10:16:25", "elapsed": 65594.784775, "delta": 9640.536086}}
{"target": 36.95369536953695, "params": {"atr_alpha": 0.0002, "eli_lambda": 0.0, "non_obs_task_switch_rate": 1067.437903506347}, "datetime": {"datetime": "2020-03-03 18:17:54", "elapsed": 440083.89993, "delta": 374489.115155}}
{"target": 78.5078507850785, "params": {"atr_alpha": 4.3038986326512106e-05, "eli_lambda": 0.08780728832318306, "non_obs_task_switch_rate": 1054.7869923421906}, "datetime": {"datetime": "2020-03-04 01:09:22", "elapsed": 464771.878575, "delta": 24687.978645}}
{"target": 82.998299829983, "params": {"atr_alpha": 0.00010382220450076723, "eli_lambda": 0.08576800667322158, "non_obs_task_switch_rate": 1054.7741599193655}, "datetime": {"datetime": "2020-03-04 06:24:52", "elapsed": 483701.542741, "delta": 18929.664166}}
{"target": 74.06740674067407, "params": {"atr_alpha": 1.2269344981963766e-05, "eli_lambda": 0.011566779640199221, "non_obs_task_switch_rate": 1184.6852296629336}, "datetime": {"datetime": "2020-03-04 11:01:47", "elapsed": 500316.698172, "delta": 16615.155431}}
{"target": 41.23412341234123, "params": {"atr_alpha": 0.000173553772005287, "eli_lambda": 0.08293354950884453, "non_obs_task_switch_rate": 1054.7676900267916}, "datetime": {"datetime": "2020-03-07 00:51:51", "elapsed": 722920.561082, "delta": 222603.86291}}
{"target": 76.71767176717671, "params": {"atr_alpha": 1.611792904068518e-05, "eli_lambda": 0.01178903746671826, "non_obs_task_switch_rate": 1184.6846545845447}, "datetime": {"datetime": "2020-03-07 05:09:32", "elapsed": 738381.872538, "delta": 15461.311456}}
{"target": 75.94759475947595, "params": {"atr_alpha": 2.543303672542477e-05, "eli_lambda": 0.08293893572682982, "non_obs_task_switch_rate": 1054.776739441798}, "datetime": {"datetime": "2020-03-07 09:19:11", "elapsed": 753360.664272, "delta": 14978.791734}}
