{"target": 65.62656265626562, "params": {"atr_alpha": 8.923418089348906e-05, "eli_lambda": 0.07203244934421581, "non_obs_task_switch_rate": 1000.2287496346897}, "datetime": {"datetime": "2020-02-16 03:34:18", "elapsed": 0.0, "delta": 0.0}}
{"target": 68.96689668966897, "params": {"atr_alpha": 6.744318880004957e-05, "eli_lambda": 0.014675589081711305, "non_obs_task_switch_rate": 1184.6771895375955}, "datetime": {"datetime": "2020-02-16 08:41:09", "elapsed": 18411.645234, "delta": 18411.645234}}
{"target": 72.11721172117211, "params": {"atr_alpha": 4.5389440161757474e-05, "eli_lambda": 0.034556072704304774, "non_obs_task_switch_rate": 1793.5349484613398}, "datetime": {"datetime": "2020-02-16 17:13:29", "elapsed": 49151.310256, "delta": 30739.665022}}
{"target": 56.265626562656266, "params": {"atr_alpha": 0.00011237517946063782, "eli_lambda": 0.041919451440329485, "non_obs_task_switch_rate": 2370.439000793519}, "datetime": {"datetime": "2020-02-17 12:24:07", "elapsed": 118188.905509, "delta": 69037.595253}}
{"target": 68.01680168016802, "params": {"atr_alpha": 4.884592744898831e-05, "eli_lambda": 0.08781174363909455, "non_obs_task_switch_rate": 1054.7751863958524}, "datetime": {"datetime": "2020-02-17 20:17:06", "elapsed": 146568.133727, "delta": 28379.228218}}
{"target": 43.504350435043506, "params": {"atr_alpha": 0.00014342186931848305, "eli_lambda": 0.02025384710441922, "non_obs_task_switch_rate": 1793.866341614139}, "datetime": {"datetime": "2020-02-19 14:09:03", "elapsed": 297285.581343, "delta": 150717.447616}}
{"target": 43.71437143714371, "params": {"atr_alpha": 0.0001911900238592867, "eli_lambda": 0.06605002732273907, "non_obs_task_switch_rate": 2339.1780520572784}, "datetime": {"datetime": "2020-02-22 17:53:47", "elapsed": 569969.085943, "delta": 272683.5046}}
{"target": 50.1050105010501, "params": {"atr_alpha": 0.00012169371304303955, "eli_lambda": 0.0367471661222768, "non_obs_task_switch_rate": 2750.1516391580208}, "datetime": {"datetime": "2020-02-23 11:46:01", "elapsed": 634303.429293, "delta": 64334.34335}}
{"target": 54.5954595459546, "params": {"atr_alpha": 0.00012329644565874947, "eli_lambda": 0.08165429006171065, "non_obs_task_switch_rate": 2803.372572791076}, "datetime": {"datetime": "2020-02-24 03:17:59", "elapsed": 690221.37614, "delta": 55917.946847}}
{"target": 69.34693469346935, "params": {"atr_alpha": 6.96876265431417e-05, "eli_lambda": 0.0971383571150316, "non_obs_task_switch_rate": 1098.88756753226}, "datetime": {"datetime": "2020-02-24 08:35:52", "elapsed": 709294.057618, "delta": 19072.681478}}
{"target": 46.334633463346336, "params": {"atr_alpha": 0.0001595742580539074, "eli_lambda": 0.044876121037233124, "non_obs_task_switch_rate": 1159.1505791648708}, "datetime": {"datetime": "2020-02-26 19:14:35", "elapsed": 920417.386198, "delta": 211123.32858}}
{"target": 38.933893389338934, "params": {"atr_alpha": 0.00019463419872169454, "eli_lambda": 0.016355471665860922, "non_obs_task_switch_rate": 2021.556023948945}, "datetime": {"datetime": "2020-03-01 10:21:26", "elapsed": 1234028.535197, "delta": 313611.148999}}
{"target": 57.555755575557555, "params": {"atr_alpha": 0.00014019699964297415, "eli_lambda": 0.0992005713149875, "non_obs_task_switch_rate": 1797.7083688124733}, "datetime": {"datetime": "2020-03-02 19:10:29", "elapsed": 1352170.724409, "delta": 118142.189212}}
{"target": 53.97539753975398, "params": {"atr_alpha": 3.048138228403633e-05, "eli_lambda": 0.09818328066819833, "non_obs_task_switch_rate": 1396.3429566739537}, "datetime": {"datetime": "2020-03-03 19:28:39", "elapsed": 1439661.536661, "delta": 87490.812252}}
{"target": 72.64726472647264, "params": {"atr_alpha": 8.663995562700664e-05, "eli_lambda": 0.019147082552275964, "non_obs_task_switch_rate": 1212.052846861855}, "datetime": {"datetime": "2020-03-04 03:13:12", "elapsed": 1467533.965029, "delta": 27872.428368}}
{"target": 72.77727772777278, "params": {"atr_alpha": 0.00011020166212144036, "eli_lambda": 0.023551187362393002, "non_obs_task_switch_rate": 1494.3257818115515}, "datetime": {"datetime": "2020-03-04 07:39:03", "elapsed": 1483485.179185, "delta": 15951.214156}}
{"target": 48.65486548654866, "params": {"atr_alpha": 0.00015317422687697094, "eli_lambda": 0.048641164311361, "non_obs_task_switch_rate": 1296.3172489422002}, "datetime": {"datetime": "2020-03-07 02:06:36", "elapsed": 1722738.457557, "delta": 239253.278372}}
{"target": 57.43574357435744, "params": {"atr_alpha": 2.2574313777186787e-05, "eli_lambda": 0.09096499963086388, "non_obs_task_switch_rate": 1470.8277689169406}, "datetime": {"datetime": "2020-03-07 14:59:23", "elapsed": 1769105.155567, "delta": 46366.69801}}
{"target": 68.13681368136814, "params": {"atr_alpha": 1.6702377057089833e-05, "eli_lambda": 0.054410469977549364, "non_obs_task_switch_rate": 2303.6754149902463}, "datetime": {"datetime": "2020-03-08 00:02:45", "elapsed": 1801707.441169, "delta": 32602.285602}}
