{"target": 65.46654665466546, "params": {"atr_alpha": 8.923418089348906e-05, "eli_lambda": 0.07203244934421581, "non_obs_task_switch_rate": 1000.2287496346897}, "datetime": {"datetime": "2020-02-16 03:47:53", "elapsed": 0.0, "delta": 0.0}}
{"target": 70.00700070007001, "params": {"atr_alpha": 6.744318880004957e-05, "eli_lambda": 0.014675589081711305, "non_obs_task_switch_rate": 1184.6771895375955}, "datetime": {"datetime": "2020-02-16 08:58:06", "elapsed": 18613.40794, "delta": 18613.40794}}
{"target": 70.67706770677067, "params": {"atr_alpha": 4.5389440161757474e-05, "eli_lambda": 0.034556072704304774, "non_obs_task_switch_rate": 1793.5349484613398}, "datetime": {"datetime": "2020-02-16 17:28:18", "elapsed": 49225.304212, "delta": 30611.896272}}
{"target": 49.214921492149216, "params": {"atr_alpha": 0.00011237517946063782, "eli_lambda": 0.041919451440329485, "non_obs_task_switch_rate": 2370.439000793519}, "datetime": {"datetime": "2020-02-17 13:16:47", "elapsed": 120533.820776, "delta": 71308.516564}}
{"target": 70.98709870987099, "params": {"atr_alpha": 4.884592744898831e-05, "eli_lambda": 0.08781174363909455, "non_obs_task_switch_rate": 1054.7751863958524}, "datetime": {"datetime": "2020-02-17 17:59:53", "elapsed": 137519.523186, "delta": 16985.70241}}
{"target": 70.10701070107011, "params": {"atr_alpha": 4.362820084187482e-05, "eli_lambda": 0.09336330786673971, "non_obs_task_switch_rate": 1053.4505524181673}, "datetime": {"datetime": "2020-02-17 22:44:49", "elapsed": 154616.258194, "delta": 17096.735008}}
{"target": 64.4964496449645, "params": {"atr_alpha": 9.382897039555685e-05, "eli_lambda": 0.0010458800472251451, "non_obs_task_switch_rate": 1055.995715749698}, "datetime": {"datetime": "2020-02-18 03:40:08", "elapsed": 172335.238701, "delta": 17718.980507}}
{"target": 69.24692469246925, "params": {"atr_alpha": 4.470111560491876e-05, "eli_lambda": 0.09515122015947068, "non_obs_task_switch_rate": 1054.2704363452065}, "datetime": {"datetime": "2020-02-18 08:22:15", "elapsed": 189262.319066, "delta": 16927.080365}}
{"target": 65.83658365836584, "params": {"atr_alpha": 6.0716081286910165e-05, "eli_lambda": 0.03497345643123752, "non_obs_task_switch_rate": 1054.6290271162025}, "datetime": {"datetime": "2020-02-18 13:05:44", "elapsed": 206270.618203, "delta": 17008.299137}}
{"target": 69.82698269826983, "params": {"atr_alpha": 6.96876265431417e-05, "eli_lambda": 0.0971383571150316, "non_obs_task_switch_rate": 1098.88756753226}, "datetime": {"datetime": "2020-02-18 17:49:05", "elapsed": 223271.532388, "delta": 17000.914185}}
{"target": 51.985198519851984, "params": {"atr_alpha": 0.0001595742580539074, "eli_lambda": 0.044876121037233124, "non_obs_task_switch_rate": 1159.1505791648708}, "datetime": {"datetime": "2020-02-20 22:03:57", "elapsed": 411363.729529, "delta": 188092.197141}}
{"target": 69.85698569856986, "params": {"atr_alpha": 9.25439532998422e-05, "eli_lambda": 0.042271252912434346, "non_obs_task_switch_rate": 1793.55894126855}, "datetime": {"datetime": "2020-02-21 03:41:26", "elapsed": 431612.761806, "delta": 20249.032277}}
{"target": 44.54445444544454, "params": {"atr_alpha": 0.00018753160321891745, "eli_lambda": 0.08180521162964939, "non_obs_task_switch_rate": 1054.7901971508093}, "datetime": {"datetime": "2020-02-24 08:11:40", "elapsed": 707026.538932, "delta": 275413.777126}}
{"target": 70.27702770277028, "params": {"atr_alpha": 3.048138228403633e-05, "eli_lambda": 0.09818328066819833, "non_obs_task_switch_rate": 1396.3429566739537}, "datetime": {"datetime": "2020-02-24 14:49:01", "elapsed": 730867.993627, "delta": 23841.454695}}
{"target": 67.88678867886789, "params": {"atr_alpha": 8.663995562700664e-05, "eli_lambda": 0.019147082552275964, "non_obs_task_switch_rate": 1212.052846861855}, "datetime": {"datetime": "2020-02-24 19:54:06", "elapsed": 749173.002633, "delta": 18305.009006}}
{"target": 71.3871387138714, "params": {"atr_alpha": 0.00011020166212144036, "eli_lambda": 0.023551187362393002, "non_obs_task_switch_rate": 1494.3257818115515}, "datetime": {"datetime": "2020-02-25 08:47:19", "elapsed": 795565.479226, "delta": 46392.476593}}
{"target": 45.994599459945995, "params": {"atr_alpha": 0.00015317422687697094, "eli_lambda": 0.048641164311361, "non_obs_task_switch_rate": 1296.3172489422002}, "datetime": {"datetime": "2020-02-27 06:57:06", "elapsed": 961753.055243, "delta": 166187.576017}}
{"target": 72.04720472047205, "params": {"atr_alpha": 2.2574313777186787e-05, "eli_lambda": 0.09096499963086388, "non_obs_task_switch_rate": 1470.8277689169406}, "datetime": {"datetime": "2020-02-27 12:45:19", "elapsed": 982645.578235, "delta": 20892.522992}}
{"target": 67.90679067906791, "params": {"atr_alpha": 1.6702377057089833e-05, "eli_lambda": 0.054410469977549364, "non_obs_task_switch_rate": 2303.6754149902463}, "datetime": {"datetime": "2020-02-27 22:13:55", "elapsed": 1016761.84443, "delta": 34116.266195}}
{"target": 50.81508150815082, "params": {"atr_alpha": 0.00018055888672632744, "eli_lambda": 0.050893421304050494, "non_obs_task_switch_rate": 1521.1501153705838}, "datetime": {"datetime": "2020-03-01 14:10:14", "elapsed": 1246941.432764, "delta": 230179.588334}}
