{"target": 68.62686268626862, "params": {"atr_alpha": 8.923418089348906e-05, "eli_lambda": 0.07203244934421581, "non_obs_task_switch_rate": 1000.2287496346897}, "datetime": {"datetime": "2020-02-16 03:54:55", "elapsed": 0.0, "delta": 0.0}}
{"target": 67.60676067606761, "params": {"atr_alpha": 6.744318880004957e-05, "eli_lambda": 0.014675589081711305, "non_obs_task_switch_rate": 1184.6771895375955}, "datetime": {"datetime": "2020-02-16 09:34:29", "elapsed": 20374.089043, "delta": 20374.089043}}
{"target": 73.6873687368737, "params": {"atr_alpha": 4.5389440161757474e-05, "eli_lambda": 0.034556072704304774, "non_obs_task_switch_rate": 1793.5349484613398}, "datetime": {"datetime": "2020-02-16 15:05:16", "elapsed": 40221.013339, "delta": 19846.924296}}
{"target": 49.60496049604961, "params": {"atr_alpha": 0.00011237517946063782, "eli_lambda": 0.041919451440329485, "non_obs_task_switch_rate": 2370.439000793519}, "datetime": {"datetime": "2020-02-17 05:27:08", "elapsed": 91932.710962, "delta": 51711.697623}}
{"target": 70.00700070007001, "params": {"atr_alpha": 4.884592744898831e-05, "eli_lambda": 0.08781174363909455, "non_obs_task_switch_rate": 1054.7751863958524}, "datetime": {"datetime": "2020-02-17 11:04:15", "elapsed": 112160.033735, "delta": 20227.322773}}
{"target": 72.05720572057206, "params": {"atr_alpha": 2.9852833164653925e-05, "eli_lambda": 0.030135119091503716, "non_obs_task_switch_rate": 1770.3450829450835}, "datetime": {"datetime": "2020-02-17 16:20:30", "elapsed": 131135.330941, "delta": 18975.297206}}
{"target": 38.83388338833883, "params": {"atr_alpha": 0.00018778363749539454, "eli_lambda": 0.1, "non_obs_task_switch_rate": 1806.4972710400116}, "datetime": {"datetime": "2020-02-20 16:26:27", "elapsed": 390692.484415, "delta": 259557.153474}}
{"target": 50.61506150615062, "params": {"atr_alpha": 0.00012169371304303955, "eli_lambda": 0.0367471661222768, "non_obs_task_switch_rate": 2750.1516391580208}, "datetime": {"datetime": "2020-02-21 04:23:47", "elapsed": 433732.286104, "delta": 43039.801689}}
{"target": 55.875587558755875, "params": {"atr_alpha": 0.00012329644565874947, "eli_lambda": 0.08165429006171065, "non_obs_task_switch_rate": 2803.372572791076}, "datetime": {"datetime": "2020-02-21 21:13:10", "elapsed": 494295.099242, "delta": 60562.813138}}
{"target": 32.76327632763277, "params": {"atr_alpha": 1e-05, "eli_lambda": 0.033665551043304716, "non_obs_task_switch_rate": 1793.500229480246}, "datetime": {"datetime": "2020-02-22 14:07:59", "elapsed": 555184.197231, "delta": 60889.097989}}
{"target": 55.105510551055104, "params": {"atr_alpha": 0.0001595742580539074, "eli_lambda": 0.044876121037233124, "non_obs_task_switch_rate": 1159.1505791648708}, "datetime": {"datetime": "2020-02-24 20:30:21", "elapsed": 750925.631222, "delta": 195741.433991}}
{"target": 39.943994399439944, "params": {"atr_alpha": 0.00019463419872169454, "eli_lambda": 0.016355471665860922, "non_obs_task_switch_rate": 2021.556023948945}, "datetime": {"datetime": "2020-02-28 06:22:26", "elapsed": 1045650.667576, "delta": 294725.036354}}
{"target": 40.65406540654065, "params": {"atr_alpha": 0.00014019699964297415, "eli_lambda": 0.0992005713149875, "non_obs_task_switch_rate": 1797.7083688124733}, "datetime": {"datetime": "2020-02-29 11:34:56", "elapsed": 1150801.36866, "delta": 105150.701084}}
{"target": 71.7071707170717, "params": {"atr_alpha": 3.048138228403633e-05, "eli_lambda": 0.09818328066819833, "non_obs_task_switch_rate": 1396.3429566739537}, "datetime": {"datetime": "2020-02-29 15:04:21", "elapsed": 1163365.712779, "delta": 12564.344119}}
{"target": 69.45694569456946, "params": {"atr_alpha": 8.663995562700664e-05, "eli_lambda": 0.019147082552275964, "non_obs_task_switch_rate": 1212.052846861855}, "datetime": {"datetime": "2020-02-29 19:28:27", "elapsed": 1179212.413415, "delta": 15846.700636}}
{"target": 47.56475647564756, "params": {"atr_alpha": 0.00011020166212144036, "eli_lambda": 0.023551187362393002, "non_obs_task_switch_rate": 1494.3257818115515}, "datetime": {"datetime": "2020-03-01 14:20:53", "elapsed": 1247158.259436, "delta": 67945.846021}}
{"target": 47.79477947794779, "params": {"atr_alpha": 0.00015317422687697094, "eli_lambda": 0.048641164311361, "non_obs_task_switch_rate": 1296.3172489422002}, "datetime": {"datetime": "2020-03-03 20:12:15", "elapsed": 1441039.999093, "delta": 193881.739657}}
{"target": 73.8973897389739, "params": {"atr_alpha": 2.2574313777186787e-05, "eli_lambda": 0.09096499963086388, "non_obs_task_switch_rate": 1470.8277689169406}, "datetime": {"datetime": "2020-03-04 02:08:03", "elapsed": 1462388.05145, "delta": 21348.052357}}
{"target": 76.05760576057605, "params": {"atr_alpha": 1.6702377057089833e-05, "eli_lambda": 0.054410469977549364, "non_obs_task_switch_rate": 2303.6754149902463}, "datetime": {"datetime": "2020-03-04 05:54:32", "elapsed": 1475976.875419, "delta": 13588.823969}}
{"target": 48.444844484448446, "params": {"atr_alpha": 0.00018055888672632744, "eli_lambda": 0.050893421304050494, "non_obs_task_switch_rate": 1521.1501153705838}, "datetime": {"datetime": "2020-03-07 14:36:46", "elapsed": 1766510.763423, "delta": 290533.888004}}
