{"target": 52.07520752075207, "params": {"atr_alpha": 8.923418089348906e-05, "eli_lambda": 0.07203244934421581, "non_obs_task_switch_rate": 1000.2287496346897}, "datetime": {"datetime": "2020-02-16 14:18:29", "elapsed": 0.0, "delta": 0.0}}
{"target": 39.123912391239124, "params": {"atr_alpha": 6.744318880004957e-05, "eli_lambda": 0.014675589081711305, "non_obs_task_switch_rate": 1184.6771895375955}, "datetime": {"datetime": "2020-02-18 00:06:57", "elapsed": 121707.66242, "delta": 121707.66242}}
{"target": 44.214421442144214, "params": {"atr_alpha": 4.5389440161757474e-05, "eli_lambda": 0.034556072704304774, "non_obs_task_switch_rate": 1793.5349484613398}, "datetime": {"datetime": "2020-02-19 04:04:20", "elapsed": 222350.85255, "delta": 100643.19013}}
{"target": 60.7060706070607, "params": {"atr_alpha": 0.00011237517946063782, "eli_lambda": 0.041919451440329485, "non_obs_task_switch_rate": 2370.439000793519}, "datetime": {"datetime": "2020-02-19 21:50:02", "elapsed": 286292.583291, "delta": 63941.730741}}
{"target": 30.04300430043004, "params": {"atr_alpha": 4.884592744898831e-05, "eli_lambda": 0.08781174363909455, "non_obs_task_switch_rate": 1054.7751863958524}, "datetime": {"datetime": "2020-02-20 12:45:52", "elapsed": 340042.780883, "delta": 53750.197592}}
{"target": 58.075807580758074, "params": {"atr_alpha": 9.984391406508577e-05, "eli_lambda": 0.048674558656774315, "non_obs_task_switch_rate": 2370.3103915488923}, "datetime": {"datetime": "2020-02-20 20:18:52", "elapsed": 367222.405687, "delta": 27179.624804}}
{"target": 52.58525852585259, "params": {"atr_alpha": 0.00011145265581371613, "eli_lambda": 0.07747692575960322, "non_obs_task_switch_rate": 2370.4437611568337}, "datetime": {"datetime": "2020-02-21 11:35:38", "elapsed": 422228.247137, "delta": 55005.84145}}
{"target": 67.61676167616761, "params": {"atr_alpha": 0.00012254173029605076, "eli_lambda": 0.04139424088003694, "non_obs_task_switch_rate": 2370.298841212989}, "datetime": {"datetime": "2020-02-21 22:41:54", "elapsed": 462204.792375, "delta": 39976.545238}}
{"target": 38.3038303830383, "params": {"atr_alpha": 0.00017642387278110676, "eli_lambda": 0.05507147892436584, "non_obs_task_switch_rate": 2370.290841591961}, "datetime": {"datetime": "2020-02-24 09:55:32", "elapsed": 675422.921411, "delta": 213218.129036}}
{"target": 85.23852385238524, "params": {"atr_alpha": 0.0001347801878326682, "eli_lambda": 0.03912119442725023, "non_obs_task_switch_rate": 2370.298262778223}, "datetime": {"datetime": "2020-02-25 13:44:11", "elapsed": 775541.188742, "delta": 100118.267331}}
{"target": 49.104910491049104, "params": {"atr_alpha": 0.00013234538322873184, "eli_lambda": 0.02406445470788664, "non_obs_task_switch_rate": 2370.316216205808}, "datetime": {"datetime": "2020-02-26 18:26:58", "elapsed": 878908.755201, "delta": 103367.566459}}
{"target": 35.963596359635964, "params": {"atr_alpha": 0.00018242891621869688, "eli_lambda": 0.026203353844185952, "non_obs_task_switch_rate": 2370.446630873666}, "datetime": {"datetime": "2020-02-29 08:30:18", "elapsed": 1102309.014708, "delta": 223400.259507}}
{"target": 43.504350435043506, "params": {"atr_alpha": 6.480939270309489e-05, "eli_lambda": 0.052391973694320096, "non_obs_task_switch_rate": 2370.453233769903}, "datetime": {"datetime": "2020-03-01 18:37:33", "elapsed": 1225143.090299, "delta": 122834.075591}}
{"target": 60.68606860686069, "params": {"atr_alpha": 9.113594006354566e-05, "eli_lambda": 0.048171367112227026, "non_obs_task_switch_rate": 2370.314726391473}, "datetime": {"datetime": "2020-03-02 06:54:48", "elapsed": 1269378.398272, "delta": 44235.307973}}
{"target": 39.413941394139414, "params": {"atr_alpha": 2.005041588069616e-05, "eli_lambda": 0.03707312058426228, "non_obs_task_switch_rate": 2370.4444896994946}, "datetime": {"datetime": "2020-03-03 20:11:17", "elapsed": 1403567.545194, "delta": 134189.146922}}
{"target": 39.39393939393939, "params": {"atr_alpha": 6.586872933604184e-05, "eli_lambda": 0.078158449907752, "non_obs_task_switch_rate": 1000.2341163726816}, "datetime": {"datetime": "2020-03-05 04:40:52", "elapsed": 1520542.985739, "delta": 116975.440545}}
{"target": 38.223822382238225, "params": {"atr_alpha": 0.00016602774011418306, "eli_lambda": 0.04276459159182303, "non_obs_task_switch_rate": 2370.4290483224113}, "datetime": {"datetime": "2020-03-07 14:38:09", "elapsed": 1729179.44108, "delta": 208636.455341}}
{"target": 96.48964896489649, "params": {"atr_alpha": 0.00011682437125313482, "eli_lambda": 0.012393695074193923, "non_obs_task_switch_rate": 2370.2843701137444}, "datetime": {"datetime": "2020-03-08 01:00:46", "elapsed": 1766537.003662, "delta": 37357.562582}}
{"target": 69.03690369036903, "params": {"atr_alpha": 0.00010504612190895503, "eli_lambda": 0.013368936080497752, "non_obs_task_switch_rate": 2370.2935583569647}, "datetime": {"datetime": "2020-03-08 10:56:51", "elapsed": 1802301.555563, "delta": 35764.551901}}
