{"target": 66.7966796679668, "params": {"atr_alpha": 8.923418089348906e-05, "eli_lambda": 0.07203244934421581, "non_obs_task_switch_rate": 1000.2287496346897}, "datetime": {"datetime": "2020-02-29 20:06:14", "elapsed": 0.0, "delta": 0.0}}
{"target": 43.61436143614362, "params": {"atr_alpha": 6.744318880004957e-05, "eli_lambda": 0.014675589081711305, "non_obs_task_switch_rate": 1184.6771895375955}, "datetime": {"datetime": "2020-03-01 14:22:44", "elapsed": 65789.464625, "delta": 65789.464625}}
{"target": 37.123712371237126, "params": {"atr_alpha": 4.5389440161757474e-05, "eli_lambda": 0.034556072704304774, "non_obs_task_switch_rate": 1793.5349484613398}, "datetime": {"datetime": "2020-03-02 11:28:21", "elapsed": 141726.292335, "delta": 75936.82771}}
{"target": 57.90579057905791, "params": {"atr_alpha": 0.00011237517946063782, "eli_lambda": 0.041919451440329485, "non_obs_task_switch_rate": 2370.439000793519}, "datetime": {"datetime": "2020-03-02 18:29:16", "elapsed": 166982.146355, "delta": 25255.85402}}
{"target": 45.654565456545654, "params": {"atr_alpha": 4.884592744898831e-05, "eli_lambda": 0.08781174363909455, "non_obs_task_switch_rate": 1054.7751863958524}, "datetime": {"datetime": "2020-03-03 11:02:41", "elapsed": 226586.937367, "delta": 59604.791012}}
{"target": 59.06590659065907, "params": {"atr_alpha": 0.0001468271312476733, "eli_lambda": 0.07331500052723393, "non_obs_task_switch_rate": 1000.1085209545321}, "datetime": {"datetime": "2020-03-05 22:11:53", "elapsed": 439538.830893, "delta": 212951.893526}}
{"target": 68.6068606860686, "params": {"atr_alpha": 5.4241734367882095e-05, "eli_lambda": 0.06259416095237659, "non_obs_task_switch_rate": 1000.1847009636575}, "datetime": {"datetime": "2020-03-06 03:46:45", "elapsed": 459630.530903, "delta": 20091.70001}}
{"target": 98.3998399839984, "params": {"atr_alpha": 0.00010783518725588684, "eli_lambda": 0.07355560239427601, "non_obs_task_switch_rate": 1000.2096939531382}, "datetime": {"datetime": "2020-03-06 08:31:31", "elapsed": 476717.131682, "delta": 17086.600779}}
{"target": 54.08540854085408, "params": {"atr_alpha": 0.0001621826116125704, "eli_lambda": 0.0740579566824691, "non_obs_task_switch_rate": 1000.1713821707979}, "datetime": {"datetime": "2020-03-08 20:33:54", "elapsed": 692859.291174, "delta": 216142.159492}}
