{"target": 76.1976197619762, "params": {"atr_alpha": 8.923418089348906e-05, "eli_lambda": 0.07203244934421581, "non_obs_task_switch_rate": 1000.2287496346897}, "datetime": {"datetime": "2020-02-16 02:39:04", "elapsed": 0.0, "delta": 0.0}}
{"target": 76.56765676567657, "params": {"atr_alpha": 6.744318880004957e-05, "eli_lambda": 0.014675589081711305, "non_obs_task_switch_rate": 1184.6771895375955}, "datetime": {"datetime": "2020-02-16 07:16:44", "elapsed": 16660.40978, "delta": 16660.40978}}
{"target": 76.23762376237623, "params": {"atr_alpha": 4.5389440161757474e-05, "eli_lambda": 0.034556072704304774, "non_obs_task_switch_rate": 1793.5349484613398}, "datetime": {"datetime": "2020-02-16 11:36:18", "elapsed": 32234.513472, "delta": 15574.103692}}
{"target": 59.575957595759576, "params": {"atr_alpha": 0.00011237517946063782, "eli_lambda": 0.041919451440329485, "non_obs_task_switch_rate": 2370.439000793519}, "datetime": {"datetime": "2020-02-16 19:44:34", "elapsed": 61530.392495, "delta": 29295.879023}}
{"target": 71.11711171117112, "params": {"atr_alpha": 4.884592744898831e-05, "eli_lambda": 0.08781174363909455, "non_obs_task_switch_rate": 1054.7751863958524}, "datetime": {"datetime": "2020-02-17 00:48:22", "elapsed": 79758.048732, "delta": 18227.656237}}
{"target": 95.35953595359535, "params": {"atr_alpha": 0.00012150419277456556, "eli_lambda": 0.08882273249459785, "non_obs_task_switch_rate": 1184.2651528870597}, "datetime": {"datetime": "2020-02-17 19:44:10", "elapsed": 147906.171337, "delta": 68148.122605}}
{"target": 55.31553155315532, "params": {"atr_alpha": 0.0002, "eli_lambda": 0.1, "non_obs_task_switch_rate": 1184.2753231053418}, "datetime": {"datetime": "2020-02-21 07:09:23", "elapsed": 448219.848353, "delta": 300313.677016}}
{"target": 39.573957395739576, "params": {"atr_alpha": 0.00012169371304303955, "eli_lambda": 0.0367471661222768, "non_obs_task_switch_rate": 2750.1516391580208}, "datetime": {"datetime": "2020-02-21 21:44:06", "elapsed": 500702.143784, "delta": 52482.295431}}
{"target": 54.965496549654965, "params": {"atr_alpha": 0.00012329644565874947, "eli_lambda": 0.08165429006171065, "non_obs_task_switch_rate": 2803.372572791076}, "datetime": {"datetime": "2020-02-22 12:01:32", "elapsed": 552148.096533, "delta": 51445.952749}}
{"target": 75.997599759976, "params": {"atr_alpha": 6.96876265431417e-05, "eli_lambda": 0.0971383571150316, "non_obs_task_switch_rate": 1098.88756753226}, "datetime": {"datetime": "2020-02-22 16:39:59", "elapsed": 568855.17387, "delta": 16707.077337}}
{"target": 52.58525852585259, "params": {"atr_alpha": 0.0001595742580539074, "eli_lambda": 0.044876121037233124, "non_obs_task_switch_rate": 1159.1505791648708}, "datetime": {"datetime": "2020-02-24 17:48:19", "elapsed": 745754.953725, "delta": 176899.779855}}
{"target": 38.853885388538856, "params": {"atr_alpha": 0.00019463419872169454, "eli_lambda": 0.016355471665860922, "non_obs_task_switch_rate": 2021.556023948945}, "datetime": {"datetime": "2020-02-28 00:09:44", "elapsed": 1027839.951188, "delta": 282084.997463}}
{"target": 42.07420742074208, "params": {"atr_alpha": 0.00014019699964297415, "eli_lambda": 0.0992005713149875, "non_obs_task_switch_rate": 1797.7083688124733}, "datetime": {"datetime": "2020-02-29 06:40:17", "elapsed": 1137673.343886, "delta": 109833.392698}}
{"target": 78.42784278427843, "params": {"atr_alpha": 3.048138228403633e-05, "eli_lambda": 0.09818328066819833, "non_obs_task_switch_rate": 1396.3429566739537}, "datetime": {"datetime": "2020-02-29 10:47:16", "elapsed": 1152492.560397, "delta": 14819.216511}}
{"target": 68.06680668066807, "params": {"atr_alpha": 8.663995562700664e-05, "eli_lambda": 0.019147082552275964, "non_obs_task_switch_rate": 1212.052846861855}, "datetime": {"datetime": "2020-02-29 16:02:24", "elapsed": 1171400.568745, "delta": 18908.008348}}
{"target": 66.8066806680668, "params": {"atr_alpha": 0.00011020166212144036, "eli_lambda": 0.023551187362393002, "non_obs_task_switch_rate": 1494.3257818115515}, "datetime": {"datetime": "2020-03-01 01:38:28", "elapsed": 1205964.834819, "delta": 34564.266074}}
{"target": 46.55465546554655, "params": {"atr_alpha": 0.00015317422687697094, "eli_lambda": 0.048641164311361, "non_obs_task_switch_rate": 1296.3172489422002}, "datetime": {"datetime": "2020-03-03 06:27:07", "elapsed": 1396082.950799, "delta": 190118.11598}}
{"target": 77.46774677467747, "params": {"atr_alpha": 2.2574313777186787e-05, "eli_lambda": 0.09096499963086388, "non_obs_task_switch_rate": 1470.8277689169406}, "datetime": {"datetime": "2020-03-03 09:36:34", "elapsed": 1407450.07439, "delta": 11367.123591}}
{"target": 86.0986098609861, "params": {"atr_alpha": 1.6702377057089833e-05, "eli_lambda": 0.054410469977549364, "non_obs_task_switch_rate": 2303.6754149902463}, "datetime": {"datetime": "2020-03-03 14:30:24", "elapsed": 1425080.317229, "delta": 17630.242839}}
{"target": 56.51565156515652, "params": {"atr_alpha": 0.00018055888672632744, "eli_lambda": 0.050893421304050494, "non_obs_task_switch_rate": 1521.1501153705838}, "datetime": {"datetime": "2020-03-06 18:08:50", "elapsed": 1697386.745908, "delta": 272306.428679}}
