{"target": 36.533653365336534, "params": {"atr_alpha": 8.923418089348906e-05, "eli_lambda": 0.07203244934421581, "non_obs_task_switch_rate": 1000.2287496346897}, "datetime": {"datetime": "2020-02-17 05:07:43", "elapsed": 0.0, "delta": 0.0}}
{"target": 47.864786478647865, "params": {"atr_alpha": 6.744318880004957e-05, "eli_lambda": 0.014675589081711305, "non_obs_task_switch_rate": 1184.6771895375955}, "datetime": {"datetime": "2020-02-18 05:36:33", "elapsed": 88129.954024, "delta": 88129.954024}}
{"target": 42.14421442144214, "params": {"atr_alpha": 4.5389440161757474e-05, "eli_lambda": 0.034556072704304774, "non_obs_task_switch_rate": 1793.5349484613398}, "datetime": {"datetime": "2020-02-19 06:30:43", "elapsed": 177779.559388, "delta": 89649.605364}}
{"target": 55.51555155515552, "params": {"atr_alpha": 0.00011237517946063782, "eli_lambda": 0.041919451440329485, "non_obs_task_switch_rate": 2370.439000793519}, "datetime": {"datetime": "2020-02-19 19:27:40", "elapsed": 224397.068115, "delta": 46617.508727}}
{"target": 48.23482348234823, "params": {"atr_alpha": 4.884592744898831e-05, "eli_lambda": 0.08781174363909455, "non_obs_task_switch_rate": 1054.7751863958524}, "datetime": {"datetime": "2020-02-20 18:27:09", "elapsed": 307166.14362, "delta": 82769.075505}}
{"target": 53.30533053305331, "params": {"atr_alpha": 0.0001261525396597076, "eli_lambda": 0.044834604542749845, "non_obs_task_switch_rate": 2370.229054217492}, "datetime": {"datetime": "2020-02-21 09:45:57", "elapsed": 362293.495409, "delta": 55127.351789}}
{"target": 43.784378437843785, "params": {"atr_alpha": 0.00013299490035748252, "eli_lambda": 0.09293701703564357, "non_obs_task_switch_rate": 2370.442315461543}, "datetime": {"datetime": "2020-02-21 19:05:00", "elapsed": 395836.667798, "delta": 33543.172389}}
{"target": 43.29432943294329, "params": {"atr_alpha": 0.00012169371304303955, "eli_lambda": 0.0367471661222768, "non_obs_task_switch_rate": 2750.1516391580208}, "datetime": {"datetime": "2020-02-22 16:31:34", "elapsed": 473030.726891, "delta": 77194.059093}}
{"target": 49.504950495049506, "params": {"atr_alpha": 0.00012329644565874947, "eli_lambda": 0.08165429006171065, "non_obs_task_switch_rate": 2803.372572791076}, "datetime": {"datetime": "2020-02-23 14:24:32", "elapsed": 551808.967453, "delta": 78778.240562}}
{"target": 37.933793379337935, "params": {"atr_alpha": 6.96876265431417e-05, "eli_lambda": 0.0971383571150316, "non_obs_task_switch_rate": 1098.88756753226}, "datetime": {"datetime": "2020-02-24 21:56:04", "elapsed": 665300.503142, "delta": 113491.535689}}
{"target": 46.464646464646464, "params": {"atr_alpha": 0.0001595742580539074, "eli_lambda": 0.044876121037233124, "non_obs_task_switch_rate": 1159.1505791648708}, "datetime": {"datetime": "2020-02-27 03:06:59", "elapsed": 856755.598786, "delta": 191455.095644}}
{"target": 37.1037103710371, "params": {"atr_alpha": 0.00019463419872169454, "eli_lambda": 0.016355471665860922, "non_obs_task_switch_rate": 2021.556023948945}, "datetime": {"datetime": "2020-03-01 15:12:21", "elapsed": 1159477.630528, "delta": 302722.031742}}
{"target": 48.71487148714871, "params": {"atr_alpha": 0.00014019699964297415, "eli_lambda": 0.0992005713149875, "non_obs_task_switch_rate": 1797.7083688124733}, "datetime": {"datetime": "2020-03-03 05:28:24", "elapsed": 1297240.8715, "delta": 137763.240972}}
{"target": 36.51365136513651, "params": {"atr_alpha": 3.048138228403633e-05, "eli_lambda": 0.09818328066819833, "non_obs_task_switch_rate": 1396.3429566739537}, "datetime": {"datetime": "2020-03-04 17:54:18", "elapsed": 1428395.163992, "delta": 131154.292492}}
{"target": 37.993799379938, "params": {"atr_alpha": 8.663995562700664e-05, "eli_lambda": 0.019147082552275964, "non_obs_task_switch_rate": 1212.052846861855}, "datetime": {"datetime": "2020-03-06 03:29:51", "elapsed": 1549327.507298, "delta": 120932.343306}}
{"target": 86.21862186218623, "params": {"atr_alpha": 0.00011020166212144036, "eli_lambda": 0.023551187362393002, "non_obs_task_switch_rate": 1494.3257818115515}, "datetime": {"datetime": "2020-03-06 14:33:42", "elapsed": 1589158.906093, "delta": 39831.398795}}
{"target": 42.33423342334233, "params": {"atr_alpha": 0.00015317422687697094, "eli_lambda": 0.048641164311361, "non_obs_task_switch_rate": 1296.3172489422002}, "datetime": {"datetime": "2020-03-08 23:42:35", "elapsed": 1794891.994595, "delta": 205733.088502}}
