{"target": 71.82718271827183, "params": {"atr_alpha": 8.923418089348906e-05, "eli_lambda": 0.07203244934421581, "non_obs_task_switch_rate": 1000.2287496346897}, "datetime": {"datetime": "2020-02-16 03:48:22", "elapsed": 0.0, "delta": 0.0}}
{"target": 72.1972197219722, "params": {"atr_alpha": 6.744318880004957e-05, "eli_lambda": 0.014675589081711305, "non_obs_task_switch_rate": 1184.6771895375955}, "datetime": {"datetime": "2020-02-16 11:42:22", "elapsed": 28440.356047, "delta": 28440.356047}}
{"target": 76.0976097609761, "params": {"atr_alpha": 4.5389440161757474e-05, "eli_lambda": 0.034556072704304774, "non_obs_task_switch_rate": 1793.5349484613398}, "datetime": {"datetime": "2020-02-16 19:02:17", "elapsed": 54835.703967, "delta": 26395.34792}}
{"target": 86.34863486348635, "params": {"atr_alpha": 0.00011237517946063782, "eli_lambda": 0.041919451440329485, "non_obs_task_switch_rate": 2370.439000793519}, "datetime": {"datetime": "2020-02-17 10:42:23", "elapsed": 111241.112138, "delta": 56405.408171}}
{"target": 73.84738473847385, "params": {"atr_alpha": 4.884592744898831e-05, "eli_lambda": 0.08781174363909455, "non_obs_task_switch_rate": 1054.7751863958524}, "datetime": {"datetime": "2020-02-17 18:00:50", "elapsed": 137548.066725, "delta": 26306.954587}}
{"target": 58.795879587958794, "params": {"atr_alpha": 0.00014484851723720683, "eli_lambda": 0.09984653559329228, "non_obs_task_switch_rate": 2359.4159205628266}, "datetime": {"datetime": "2020-02-19 05:41:50", "elapsed": 266008.511489, "delta": 128460.444764}}
{"target": 58.86588658865887, "params": {"atr_alpha": 0.00011783558149266173, "eli_lambda": 0.08109172708542856, "non_obs_task_switch_rate": 2370.438111119461}, "datetime": {"datetime": "2020-02-19 23:55:50", "elapsed": 331648.034176, "delta": 65639.522687}}
{"target": 51.38513851385139, "params": {"atr_alpha": 0.00012169371304303955, "eli_lambda": 0.0367471661222768, "non_obs_task_switch_rate": 2750.1516391580208}, "datetime": {"datetime": "2020-02-20 13:12:06", "elapsed": 379424.759594, "delta": 47776.725418}}
{"target": 48.09480948094809, "params": {"atr_alpha": 0.00012329644565874947, "eli_lambda": 0.08165429006171065, "non_obs_task_switch_rate": 2803.372572791076}, "datetime": {"datetime": "2020-02-21 03:40:32", "elapsed": 431529.900643, "delta": 52105.141049}}
{"target": 77.56775677567757, "params": {"atr_alpha": 6.96876265431417e-05, "eli_lambda": 0.0971383571150316, "non_obs_task_switch_rate": 1098.88756753226}, "datetime": {"datetime": "2020-02-21 08:22:47", "elapsed": 448465.522167, "delta": 16935.621524}}
{"target": 38.42384238423843, "params": {"atr_alpha": 0.0001595742580539074, "eli_lambda": 0.044876121037233124, "non_obs_task_switch_rate": 1159.1505791648708}, "datetime": {"datetime": "2020-02-23 20:05:39", "elapsed": 663437.48098, "delta": 214971.958813}}
{"target": 39.283928392839286, "params": {"atr_alpha": 0.00019463419872169454, "eli_lambda": 0.016355471665860922, "non_obs_task_switch_rate": 2021.556023948945}, "datetime": {"datetime": "2020-02-27 14:56:10", "elapsed": 990467.900773, "delta": 327030.419793}}
{"target": 47.45474547454746, "params": {"atr_alpha": 0.00014019699964297415, "eli_lambda": 0.0992005713149875, "non_obs_task_switch_rate": 1797.7083688124733}, "datetime": {"datetime": "2020-02-28 23:18:29", "elapsed": 1107007.685215, "delta": 116539.784442}}
{"target": 75.74757475747575, "params": {"atr_alpha": 3.048138228403633e-05, "eli_lambda": 0.09818328066819833, "non_obs_task_switch_rate": 1396.3429566739537}, "datetime": {"datetime": "2020-02-29 04:18:04", "elapsed": 1124982.726225, "delta": 17975.04101}}
{"target": 68.0968096809681, "params": {"atr_alpha": 8.663995562700664e-05, "eli_lambda": 0.019147082552275964, "non_obs_task_switch_rate": 1212.052846861855}, "datetime": {"datetime": "2020-02-29 09:29:41", "elapsed": 1143679.121337, "delta": 18696.395112}}
{"target": 71.43714371437143, "params": {"atr_alpha": 0.00011020166212144036, "eli_lambda": 0.023551187362393002, "non_obs_task_switch_rate": 1494.3257818115515}, "datetime": {"datetime": "2020-03-01 04:31:11", "elapsed": 1212169.208002, "delta": 68490.086665}}
{"target": 40.324032403240324, "params": {"atr_alpha": 0.00015317422687697094, "eli_lambda": 0.048641164311361, "non_obs_task_switch_rate": 1296.3172489422002}, "datetime": {"datetime": "2020-03-03 06:33:28", "elapsed": 1392306.172295, "delta": 180136.964293}}
{"target": 68.47684768476847, "params": {"atr_alpha": 2.2574313777186787e-05, "eli_lambda": 0.09096499963086388, "non_obs_task_switch_rate": 1470.8277689169406}, "datetime": {"datetime": "2020-03-03 16:29:10", "elapsed": 1428048.041179, "delta": 35741.868884}}
{"target": 75.2975297529753, "params": {"atr_alpha": 1.6702377057089833e-05, "eli_lambda": 0.054410469977549364, "non_obs_task_switch_rate": 2303.6754149902463}, "datetime": {"datetime": "2020-03-04 01:47:31", "elapsed": 1461549.448033, "delta": 33501.406854}}
{"target": 51.265126512651264, "params": {"atr_alpha": 0.00018055888672632744, "eli_lambda": 0.050893421304050494, "non_obs_task_switch_rate": 1521.1501153705838}, "datetime": {"datetime": "2020-03-07 07:55:24", "elapsed": 1742821.848111, "delta": 281272.400078}}
