{"target": 56.155615561556154, "params": {"atr_alpha": 8.923418089348906e-05, "eli_lambda": 0.07203244934421581, "non_obs_task_switch_rate": 1000.2287496346897}, "datetime": {"datetime": "2020-02-16 16:33:23", "elapsed": 0.0, "delta": 0.0}}
{"target": 59.955995599559955, "params": {"atr_alpha": 6.744318880004957e-05, "eli_lambda": 0.014675589081711305, "non_obs_task_switch_rate": 1184.6771895375955}, "datetime": {"datetime": "2020-02-17 03:29:58", "elapsed": 39395.226206, "delta": 39395.226206}}
{"target": 32.033203320332035, "params": {"atr_alpha": 4.5389440161757474e-05, "eli_lambda": 0.034556072704304774, "non_obs_task_switch_rate": 1793.5349484613398}, "datetime": {"datetime": "2020-02-18 10:57:14", "elapsed": 152631.736464, "delta": 113236.510258}}
{"target": 52.375237523752375, "params": {"atr_alpha": 0.00011237517946063782, "eli_lambda": 0.041919451440329485, "non_obs_task_switch_rate": 2370.439000793519}, "datetime": {"datetime": "2020-02-18 20:02:30", "elapsed": 185347.106691, "delta": 32715.370227}}
{"target": 52.4052405240524, "params": {"atr_alpha": 4.884592744898831e-05, "eli_lambda": 0.08781174363909455, "non_obs_task_switch_rate": 1054.7751863958524}, "datetime": {"datetime": "2020-02-19 12:42:58", "elapsed": 245375.524896, "delta": 60028.418205}}
{"target": 44.3044304430443, "params": {"atr_alpha": 0.00016190567997120662, "eli_lambda": 0.007748725308352138, "non_obs_task_switch_rate": 1176.2711886418917}, "datetime": {"datetime": "2020-02-21 18:41:59", "elapsed": 439716.390953, "delta": 194340.866057}}
{"target": 58.93589358935893, "params": {"atr_alpha": 4.965517022718254e-05, "eli_lambda": 0.0045854491468652284, "non_obs_task_switch_rate": 1184.6304669684582}, "datetime": {"datetime": "2020-02-22 11:21:16", "elapsed": 499673.040987, "delta": 59956.650034}}
{"target": 45.72457245724573, "params": {"atr_alpha": 0.00017313846771200924, "eli_lambda": 0.03949345640799713, "non_obs_task_switch_rate": 1184.7122616256015}, "datetime": {"datetime": "2020-02-25 05:56:29", "elapsed": 739386.627855, "delta": 239713.586868}}
{"target": 58.21582158215821, "params": {"atr_alpha": 0.00012329644565874947, "eli_lambda": 0.08165429006171065, "non_obs_task_switch_rate": 2803.372572791076}, "datetime": {"datetime": "2020-02-25 18:44:07", "elapsed": 785444.416691, "delta": 46057.788836}}
{"target": 55.42554255425542, "params": {"atr_alpha": 6.96876265431417e-05, "eli_lambda": 0.0971383571150316, "non_obs_task_switch_rate": 1098.88756753226}, "datetime": {"datetime": "2020-02-26 11:53:56", "elapsed": 847233.450874, "delta": 61789.034183}}
{"target": 84.92849284928492, "params": {"atr_alpha": 0.0001595742580539074, "eli_lambda": 0.044876121037233124, "non_obs_task_switch_rate": 1159.1505791648708}, "datetime": {"datetime": "2020-02-28 14:45:31", "elapsed": 1030328.712686, "delta": 183095.261812}}
{"target": 36.263626362636266, "params": {"atr_alpha": 0.00019463419872169454, "eli_lambda": 0.016355471665860922, "non_obs_task_switch_rate": 2021.556023948945}, "datetime": {"datetime": "2020-03-03 01:33:19", "elapsed": 1328396.884362, "delta": 298068.171676}}
{"target": 39.273927392739274, "params": {"atr_alpha": 0.00014019699964297415, "eli_lambda": 0.0992005713149875, "non_obs_task_switch_rate": 1797.7083688124733}, "datetime": {"datetime": "2020-03-04 10:27:07", "elapsed": 1446824.205282, "delta": 118427.32092}}
{"target": 56.925692569256924, "params": {"atr_alpha": 3.048138228403633e-05, "eli_lambda": 0.09818328066819833, "non_obs_task_switch_rate": 1396.3429566739537}, "datetime": {"datetime": "2020-03-05 05:03:50", "elapsed": 1513827.621583, "delta": 67003.416301}}
{"target": 55.61556155615562, "params": {"atr_alpha": 8.663995562700664e-05, "eli_lambda": 0.019147082552275964, "non_obs_task_switch_rate": 1212.052846861855}, "datetime": {"datetime": "2020-03-05 18:15:08", "elapsed": 1561305.331956, "delta": 47477.710373}}
{"target": 53.63536353635364, "params": {"atr_alpha": 0.00011020166212144036, "eli_lambda": 0.023551187362393002, "non_obs_task_switch_rate": 1494.3257818115515}, "datetime": {"datetime": "2020-03-06 03:58:49", "elapsed": 1596325.973684, "delta": 35020.641728}}
{"target": 46.98469846984698, "params": {"atr_alpha": 0.00015317422687697094, "eli_lambda": 0.048641164311361, "non_obs_task_switch_rate": 1296.3172489422002}, "datetime": {"datetime": "2020-03-08 04:13:39", "elapsed": 1770016.901751, "delta": 173690.928067}}
{"target": 70.86708670867087, "params": {"atr_alpha": 2.2574313777186787e-05, "eli_lambda": 0.09096499963086388, "non_obs_task_switch_rate": 1470.8277689169406}, "datetime": {"datetime": "2020-03-08 11:11:30", "elapsed": 1795087.042098, "delta": 25070.140347}}
{"target": 36.823682368236824, "params": {"atr_alpha": 1.6702377057089833e-05, "eli_lambda": 0.054410469977549364, "non_obs_task_switch_rate": 2303.6754149902463}, "datetime": {"datetime": "2020-03-09 11:48:27", "elapsed": 1883704.665825, "delta": 88617.623727}}
