{"target": 52.34523452345235, "params": {"atr_alpha": 8.923418089348906e-05, "eli_lambda": 0.07203244934421581, "non_obs_task_switch_rate": 1000.2287496346897}, "datetime": {"datetime": "2020-02-16 17:40:54", "elapsed": 0.0, "delta": 0.0}}
{"target": 51.33513351335134, "params": {"atr_alpha": 6.744318880004957e-05, "eli_lambda": 0.014675589081711305, "non_obs_task_switch_rate": 1184.6771895375955}, "datetime": {"datetime": "2020-02-17 12:20:45", "elapsed": 67191.355034, "delta": 67191.355034}}
{"target": 67.1067106710671, "params": {"atr_alpha": 4.5389440161757474e-05, "eli_lambda": 0.034556072704304774, "non_obs_task_switch_rate": 1793.5349484613398}, "datetime": {"datetime": "2020-02-17 23:02:15", "elapsed": 105681.549741, "delta": 38490.194707}}
{"target": 69.81698169816981, "params": {"atr_alpha": 0.00011237517946063782, "eli_lambda": 0.041919451440329485, "non_obs_task_switch_rate": 2370.439000793519}, "datetime": {"datetime": "2020-02-18 06:17:23", "elapsed": 131789.31554, "delta": 26107.765799}}
{"target": 53.44534453445345, "params": {"atr_alpha": 4.884592744898831e-05, "eli_lambda": 0.08781174363909455, "non_obs_task_switch_rate": 1054.7751863958524}, "datetime": {"datetime": "2020-02-18 23:46:12", "elapsed": 194718.489214, "delta": 62929.173674}}
{"target": 68.53685368536854, "params": {"atr_alpha": 8.416669326512884e-05, "eli_lambda": 0.04225085929503025, "non_obs_task_switch_rate": 2352.332133111372}, "datetime": {"datetime": "2020-02-19 09:07:41", "elapsed": 228407.48933, "delta": 33689.000116}}
{"target": 66.8066806680668, "params": {"atr_alpha": 6.625884597124763e-05, "eli_lambda": 0.04246814328603518, "non_obs_task_switch_rate": 2396.5612491073966}, "datetime": {"datetime": "2020-02-19 17:59:43", "elapsed": 260329.62489, "delta": 31922.13556}}
{"target": 71.15711571157115, "params": {"atr_alpha": 1e-05, "eli_lambda": 0.1, "non_obs_task_switch_rate": 2367.343216038279}, "datetime": {"datetime": "2020-02-20 04:35:31", "elapsed": 298476.869261, "delta": 38147.244371}}
{"target": 70.48704870487049, "params": {"atr_alpha": 1e-05, "eli_lambda": 0.1, "non_obs_task_switch_rate": 2362.521336775188}, "datetime": {"datetime": "2020-02-20 13:14:25", "elapsed": 329611.427792, "delta": 31134.558531}}
{"target": 48.42484248424842, "params": {"atr_alpha": 0.0002, "eli_lambda": 0.0, "non_obs_task_switch_rate": 2365.7453039014144}, "datetime": {"datetime": "2020-02-24 01:12:02", "elapsed": 631868.05756, "delta": 302256.629768}}
{"target": 37.9037903790379, "params": {"atr_alpha": 0.0001595742580539074, "eli_lambda": 0.044876121037233124, "non_obs_task_switch_rate": 1159.1505791648708}, "datetime": {"datetime": "2020-02-26 09:41:09", "elapsed": 835215.282186, "delta": 203347.224626}}
{"target": 40.45404540454045, "params": {"atr_alpha": 0.00019463419872169454, "eli_lambda": 0.016355471665860922, "non_obs_task_switch_rate": 2021.556023948945}, "datetime": {"datetime": "2020-02-29 17:21:33", "elapsed": 1122039.026501, "delta": 286823.744315}}
{"target": 52.475247524752476, "params": {"atr_alpha": 0.00014019699964297415, "eli_lambda": 0.0992005713149875, "non_obs_task_switch_rate": 1797.7083688124733}, "datetime": {"datetime": "2020-03-02 04:50:17", "elapsed": 1249762.984593, "delta": 127723.958092}}
{"target": 53.84538453845384, "params": {"atr_alpha": 3.048138228403633e-05, "eli_lambda": 0.09818328066819833, "non_obs_task_switch_rate": 1396.3429566739537}, "datetime": {"datetime": "2020-03-02 15:44:48", "elapsed": 1289034.136729, "delta": 39271.152136}}
{"target": 52.59525952595259, "params": {"atr_alpha": 8.663995562700664e-05, "eli_lambda": 0.019147082552275964, "non_obs_task_switch_rate": 1212.052846861855}, "datetime": {"datetime": "2020-03-03 03:23:08", "elapsed": 1330934.333341, "delta": 41900.196612}}
{"target": 93.01930193019302, "params": {"atr_alpha": 0.00011020166212144036, "eli_lambda": 0.023551187362393002, "non_obs_task_switch_rate": 1494.3257818115515}, "datetime": {"datetime": "2020-03-03 13:20:49", "elapsed": 1366795.002932, "delta": 35860.669591}}
{"target": 39.803980398039805, "params": {"atr_alpha": 0.00015317422687697094, "eli_lambda": 0.048641164311361, "non_obs_task_switch_rate": 1296.3172489422002}, "datetime": {"datetime": "2020-03-05 16:10:56", "elapsed": 1549801.945461, "delta": 183006.942529}}
{"target": 54.7054705470547, "params": {"atr_alpha": 2.2574313777186787e-05, "eli_lambda": 0.09096499963086388, "non_obs_task_switch_rate": 1470.8277689169406}, "datetime": {"datetime": "2020-03-06 07:56:24", "elapsed": 1606530.66766, "delta": 56728.722199}}
{"target": 58.48584858485849, "params": {"atr_alpha": 1.6702377057089833e-05, "eli_lambda": 0.054410469977549364, "non_obs_task_switch_rate": 2303.6754149902463}, "datetime": {"datetime": "2020-03-06 22:24:04", "elapsed": 1658589.940893, "delta": 52059.273233}}
