{"target": 66.92669266926693, "params": {"atr_alpha": 8.923418089348906e-05, "eli_lambda": 0.07203244934421581, "non_obs_task_switch_rate": 1000.2287496346897}, "datetime": {"datetime": "2020-02-16 02:33:16", "elapsed": 0.0, "delta": 0.0}}
{"target": 62.13621362136214, "params": {"atr_alpha": 6.744318880004957e-05, "eli_lambda": 0.014675589081711305, "non_obs_task_switch_rate": 1184.6771895375955}, "datetime": {"datetime": "2020-02-16 08:13:31", "elapsed": 20414.987388, "delta": 20414.987388}}
{"target": 73.07730773077307, "params": {"atr_alpha": 4.5389440161757474e-05, "eli_lambda": 0.034556072704304774, "non_obs_task_switch_rate": 1793.5349484613398}, "datetime": {"datetime": "2020-02-16 12:37:19", "elapsed": 36243.268576, "delta": 15828.281188}}
{"target": 72.20722072207221, "params": {"atr_alpha": 0.00011237517946063782, "eli_lambda": 0.041919451440329485, "non_obs_task_switch_rate": 2370.439000793519}, "datetime": {"datetime": "2020-02-16 16:51:01", "elapsed": 51465.006958, "delta": 15221.738382}}
{"target": 71.83718371837183, "params": {"atr_alpha": 4.884592744898831e-05, "eli_lambda": 0.08781174363909455, "non_obs_task_switch_rate": 1054.7751863958524}, "datetime": {"datetime": "2020-02-16 21:58:15", "elapsed": 69899.558694, "delta": 18434.551736}}
{"target": 74.08740874087408, "params": {"atr_alpha": 8.874643146851679e-05, "eli_lambda": 0.04417941886009155, "non_obs_task_switch_rate": 1794.0316852519861}, "datetime": {"datetime": "2020-02-17 01:44:13", "elapsed": 83456.941075, "delta": 13557.382381}}
{"target": 55.345534553455344, "params": {"atr_alpha": 0.00012753695644359753, "eli_lambda": 0.08770015936594013, "non_obs_task_switch_rate": 1794.4495734911802}, "datetime": {"datetime": "2020-02-17 19:07:34", "elapsed": 146058.466955, "delta": 62601.52588}}
{"target": 49.76497649764976, "params": {"atr_alpha": 0.00012169371304303955, "eli_lambda": 0.0367471661222768, "non_obs_task_switch_rate": 2750.1516391580208}, "datetime": {"datetime": "2020-02-18 12:17:54", "elapsed": 207878.496569, "delta": 61820.029614}}
{"target": 74.76747674767476, "params": {"atr_alpha": 0.00012329644565874947, "eli_lambda": 0.08165429006171065, "non_obs_task_switch_rate": 2803.372572791076}, "datetime": {"datetime": "2020-02-18 15:28:19", "elapsed": 219303.632443, "delta": 11425.135874}}
{"target": 68.22682268226822, "params": {"atr_alpha": 6.96876265431417e-05, "eli_lambda": 0.0971383571150316, "non_obs_task_switch_rate": 1098.88756753226}, "datetime": {"datetime": "2020-02-18 20:18:31", "elapsed": 236715.747133, "delta": 17412.11469}}
{"target": 59.675967596759676, "params": {"atr_alpha": 0.0001595742580539074, "eli_lambda": 0.044876121037233124, "non_obs_task_switch_rate": 1159.1505791648708}, "datetime": {"datetime": "2020-02-20 19:37:52", "elapsed": 407076.039391, "delta": 170360.292258}}
{"target": 38.47384738473848, "params": {"atr_alpha": 0.00019463419872169454, "eli_lambda": 0.016355471665860922, "non_obs_task_switch_rate": 2021.556023948945}, "datetime": {"datetime": "2020-02-23 21:03:20", "elapsed": 671404.205785, "delta": 264328.166394}}
{"target": 44.34443444344434, "params": {"atr_alpha": 0.00014019699964297415, "eli_lambda": 0.0992005713149875, "non_obs_task_switch_rate": 1797.7083688124733}, "datetime": {"datetime": "2020-02-24 17:45:17", "elapsed": 745921.007822, "delta": 74516.802037}}
{"target": 72.55725572557256, "params": {"atr_alpha": 3.048138228403633e-05, "eli_lambda": 0.09818328066819833, "non_obs_task_switch_rate": 1396.3429566739537}, "datetime": {"datetime": "2020-02-24 21:01:31", "elapsed": 757694.863417, "delta": 11773.855595}}
{"target": 64.88648864886488, "params": {"atr_alpha": 8.663995562700664e-05, "eli_lambda": 0.019147082552275964, "non_obs_task_switch_rate": 1212.052846861855}, "datetime": {"datetime": "2020-02-25 00:47:21", "elapsed": 771244.889736, "delta": 13550.026319}}
{"target": 55.65556555655566, "params": {"atr_alpha": 0.00011020166212144036, "eli_lambda": 0.023551187362393002, "non_obs_task_switch_rate": 1494.3257818115515}, "datetime": {"datetime": "2020-02-25 08:58:13", "elapsed": 800697.119001, "delta": 29452.229265}}
{"target": 50.63506350635063, "params": {"atr_alpha": 0.00015317422687697094, "eli_lambda": 0.048641164311361, "non_obs_task_switch_rate": 1296.3172489422002}, "datetime": {"datetime": "2020-02-27 02:25:53", "elapsed": 949956.852556, "delta": 149259.733555}}
{"target": 74.72747274727473, "params": {"atr_alpha": 2.2574313777186787e-05, "eli_lambda": 0.09096499963086388, "non_obs_task_switch_rate": 1470.8277689169406}, "datetime": {"datetime": "2020-02-27 06:47:19", "elapsed": 965643.498657, "delta": 15686.646101}}
{"target": 74.33743374337433, "params": {"atr_alpha": 1.6702377057089833e-05, "eli_lambda": 0.054410469977549364, "non_obs_task_switch_rate": 2303.6754149902463}, "datetime": {"datetime": "2020-02-27 10:05:38", "elapsed": 977542.256259, "delta": 11898.757602}}
