{"target": 70.80708070807081, "params": {"atr_alpha": 8.923418089348906e-05, "eli_lambda": 0.07203244934421581, "non_obs_task_switch_rate": 1000.2287496346897}, "datetime": {"datetime": "2020-02-16 02:57:57", "elapsed": 0.0, "delta": 0.0}}
{"target": 72.81728172817282, "params": {"atr_alpha": 6.744318880004957e-05, "eli_lambda": 0.014675589081711305, "non_obs_task_switch_rate": 1184.6771895375955}, "datetime": {"datetime": "2020-02-16 08:36:45", "elapsed": 20327.367341, "delta": 20327.367341}}
{"target": 75.28752875287529, "params": {"atr_alpha": 4.5389440161757474e-05, "eli_lambda": 0.034556072704304774, "non_obs_task_switch_rate": 1793.5349484613398}, "datetime": {"datetime": "2020-02-16 13:11:18", "elapsed": 36800.737824, "delta": 16473.370483}}
{"target": 66.32663266326632, "params": {"atr_alpha": 0.00011237517946063782, "eli_lambda": 0.041919451440329485, "non_obs_task_switch_rate": 2370.439000793519}, "datetime": {"datetime": "2020-02-17 00:59:12", "elapsed": 79274.326994, "delta": 42473.58917}}
{"target": 68.81688168816882, "params": {"atr_alpha": 4.884592744898831e-05, "eli_lambda": 0.08781174363909455, "non_obs_task_switch_rate": 1054.7751863958524}, "datetime": {"datetime": "2020-02-17 07:07:38", "elapsed": 101380.383967, "delta": 22106.056973}}
{"target": 55.825582558255824, "params": {"atr_alpha": 0.00012758485911706425, "eli_lambda": 0.035951997009456935, "non_obs_task_switch_rate": 1795.2030906636169}, "datetime": {"datetime": "2020-02-18 01:13:44", "elapsed": 166546.346928, "delta": 65165.962961}}
{"target": 49.91499149914991, "params": {"atr_alpha": 0.0001911900238592867, "eli_lambda": 0.06605002732273907, "non_obs_task_switch_rate": 2339.1780520572784}, "datetime": {"datetime": "2020-02-21 03:27:23", "elapsed": 433765.857623, "delta": 267219.510695}}
{"target": 46.674667466746676, "params": {"atr_alpha": 0.00012169371304303955, "eli_lambda": 0.0367471661222768, "non_obs_task_switch_rate": 2750.1516391580208}, "datetime": {"datetime": "2020-02-22 02:43:04", "elapsed": 517506.947658, "delta": 83741.090035}}
{"target": 54.22542254225422, "params": {"atr_alpha": 0.00012329644565874947, "eli_lambda": 0.08165429006171065, "non_obs_task_switch_rate": 2803.372572791076}, "datetime": {"datetime": "2020-02-22 15:12:02", "elapsed": 562444.605514, "delta": 44937.657856}}
{"target": 75.74757475747575, "params": {"atr_alpha": 6.96876265431417e-05, "eli_lambda": 0.0971383571150316, "non_obs_task_switch_rate": 1098.88756753226}, "datetime": {"datetime": "2020-02-22 20:55:27", "elapsed": 583050.236742, "delta": 20605.631228}}
{"target": 35.913591359135914, "params": {"atr_alpha": 0.0001595742580539074, "eli_lambda": 0.044876121037233124, "non_obs_task_switch_rate": 1159.1505791648708}, "datetime": {"datetime": "2020-02-25 04:51:54", "elapsed": 784437.141748, "delta": 201386.905006}}
{"target": 40.84408440844084, "params": {"atr_alpha": 0.00019463419872169454, "eli_lambda": 0.016355471665860922, "non_obs_task_switch_rate": 2021.556023948945}, "datetime": {"datetime": "2020-02-28 13:52:31", "elapsed": 1076073.730673, "delta": 291636.588925}}
{"target": 49.544954495449545, "params": {"atr_alpha": 0.00014019699964297415, "eli_lambda": 0.0992005713149875, "non_obs_task_switch_rate": 1797.7083688124733}, "datetime": {"datetime": "2020-03-01 00:31:05", "elapsed": 1200787.426123, "delta": 124713.69545}}
{"target": 75.6975697569757, "params": {"atr_alpha": 3.048138228403633e-05, "eli_lambda": 0.09818328066819833, "non_obs_task_switch_rate": 1396.3429566739537}, "datetime": {"datetime": "2020-03-01 05:29:37", "elapsed": 1218699.595694, "delta": 17912.169571}}
{"target": 69.97699769976998, "params": {"atr_alpha": 8.663995562700664e-05, "eli_lambda": 0.019147082552275964, "non_obs_task_switch_rate": 1212.052846861855}, "datetime": {"datetime": "2020-03-01 08:06:10", "elapsed": 1228092.346137, "delta": 9392.750443}}
{"target": 52.665266526652665, "params": {"atr_alpha": 0.00011020166212144036, "eli_lambda": 0.023551187362393002, "non_obs_task_switch_rate": 1494.3257818115515}, "datetime": {"datetime": "2020-03-02 02:49:53", "elapsed": 1295515.421065, "delta": 67423.074928}}
{"target": 44.73447344734473, "params": {"atr_alpha": 0.00015317422687697094, "eli_lambda": 0.048641164311361, "non_obs_task_switch_rate": 1296.3172489422002}, "datetime": {"datetime": "2020-03-04 05:45:03", "elapsed": 1478825.59277, "delta": 183310.171705}}
{"target": 77.75777577757776, "params": {"atr_alpha": 2.2574313777186787e-05, "eli_lambda": 0.09096499963086388, "non_obs_task_switch_rate": 1470.8277689169406}, "datetime": {"datetime": "2020-03-04 10:37:01", "elapsed": 1496343.869807, "delta": 17518.277037}}
{"target": 77.11771177117711, "params": {"atr_alpha": 1.6702377057089833e-05, "eli_lambda": 0.054410469977549364, "non_obs_task_switch_rate": 2303.6754149902463}, "datetime": {"datetime": "2020-03-04 14:59:00", "elapsed": 1512062.456407, "delta": 15718.5866}}
{"target": 43.48434843484348, "params": {"atr_alpha": 0.00018055888672632744, "eli_lambda": 0.050893421304050494, "non_obs_task_switch_rate": 1521.1501153705838}, "datetime": {"datetime": "2020-03-07 06:37:22", "elapsed": 1741164.350447, "delta": 229101.89404}}
