{"target": 53.55535553555355, "params": {"atr_alpha": 8.923418089348906e-05, "eli_lambda": 0.07203244934421581, "non_obs_task_switch_rate": 1000.2287496346897}, "datetime": {"datetime": "2020-03-08 03:58:12", "elapsed": 0.0, "delta": 0.0}}
{"target": 58.35583558355835, "params": {"atr_alpha": 6.744318880004957e-05, "eli_lambda": 0.014675589081711305, "non_obs_task_switch_rate": 1184.6771895375955}, "datetime": {"datetime": "2020-03-08 10:46:50", "elapsed": 24518.54526, "delta": 24518.54526}}
{"target": 69.82698269826983, "params": {"atr_alpha": 4.5389440161757474e-05, "eli_lambda": 0.034556072704304774, "non_obs_task_switch_rate": 1793.5349484613398}, "datetime": {"datetime": "2020-03-08 17:16:44", "elapsed": 47912.384316, "delta": 23393.839056}}
{"target": 70.35703570357036, "params": {"atr_alpha": 0.00011237517946063782, "eli_lambda": 0.041919451440329485, "non_obs_task_switch_rate": 2370.439000793519}, "datetime": {"datetime": "2020-03-08 22:50:49", "elapsed": 67957.518268, "delta": 20045.133952}}
{"target": 67.0967096709671, "params": {"atr_alpha": 4.884592744898831e-05, "eli_lambda": 0.08781174363909455, "non_obs_task_switch_rate": 1054.7751863958524}, "datetime": {"datetime": "2020-03-09 04:34:24", "elapsed": 88571.680508, "delta": 20614.16224}}
{"target": 74.44744474447445, "params": {"atr_alpha": 0.00010455841122758863, "eli_lambda": 0.04624007149148472, "non_obs_task_switch_rate": 2370.136817152794}, "datetime": {"datetime": "2020-03-09 10:15:19", "elapsed": 109027.580834, "delta": 20455.900326}}
