{"target": 79.17791779177918, "params": {"atr_alpha": 8.923418089348906e-05, "eli_lambda": 0.07203244934421581, "non_obs_task_switch_rate": 1000.2287496346897}, "datetime": {"datetime": "2020-02-16 02:37:49", "elapsed": 0.0, "delta": 0.0}}
{"target": 77.15771577157716, "params": {"atr_alpha": 6.744318880004957e-05, "eli_lambda": 0.014675589081711305, "non_obs_task_switch_rate": 1184.6771895375955}, "datetime": {"datetime": "2020-02-16 06:56:55", "elapsed": 15545.739297, "delta": 15545.739297}}
{"target": 79.71797179717971, "params": {"atr_alpha": 4.5389440161757474e-05, "eli_lambda": 0.034556072704304774, "non_obs_task_switch_rate": 1793.5349484613398}, "datetime": {"datetime": "2020-02-16 11:05:17", "elapsed": 30447.967389, "delta": 14902.228092}}
{"target": 44.49444944494449, "params": {"atr_alpha": 0.00011237517946063782, "eli_lambda": 0.041919451440329485, "non_obs_task_switch_rate": 2370.439000793519}, "datetime": {"datetime": "2020-02-16 22:37:00", "elapsed": 71950.315263, "delta": 41502.347874}}
{"target": 79.71797179717971, "params": {"atr_alpha": 4.884592744898831e-05, "eli_lambda": 0.08781174363909455, "non_obs_task_switch_rate": 1054.7751863958524}, "datetime": {"datetime": "2020-02-17 02:47:37", "elapsed": 86987.822893, "delta": 15037.50763}}
{"target": 80.71807180718072, "params": {"atr_alpha": 1.2095914645151334e-05, "eli_lambda": 0.03315809663757441, "non_obs_task_switch_rate": 1753.1285987612957}, "datetime": {"datetime": "2020-02-17 06:56:59", "elapsed": 101950.10794, "delta": 14962.285047}}
{"target": 79.53795379537954, "params": {"atr_alpha": 1e-05, "eli_lambda": 0.1, "non_obs_task_switch_rate": 1710.6124898163412}, "datetime": {"datetime": "2020-02-17 11:01:14", "elapsed": 116604.957497, "delta": 14654.849557}}
{"target": 41.724172417241725, "params": {"atr_alpha": 0.0002, "eli_lambda": 0.1, "non_obs_task_switch_rate": 1760.4060871897177}, "datetime": {"datetime": "2020-02-21 00:32:16", "elapsed": 424467.188253, "delta": 307862.230756}}
{"target": 50.735073507350734, "params": {"atr_alpha": 0.00012329644565874947, "eli_lambda": 0.08165429006171065, "non_obs_task_switch_rate": 2803.372572791076}, "datetime": {"datetime": "2020-02-21 16:00:15", "elapsed": 480146.19391, "delta": 55679.005657}}
{"target": 73.28732873287329, "params": {"atr_alpha": 6.96876265431417e-05, "eli_lambda": 0.0971383571150316, "non_obs_task_switch_rate": 1098.88756753226}, "datetime": {"datetime": "2020-02-21 19:39:57", "elapsed": 493327.752183, "delta": 13181.558273}}
{"target": 79.96799679967997, "params": {"atr_alpha": 8.986833404927327e-05, "eli_lambda": 0.0709677964786024, "non_obs_task_switch_rate": 1000.2287995558354}, "datetime": {"datetime": "2020-02-21 23:00:43", "elapsed": 505373.383536, "delta": 12045.631353}}
{"target": 79.32793279327933, "params": {"atr_alpha": 2.543303672542477e-05, "eli_lambda": 0.08293893572682982, "non_obs_task_switch_rate": 1054.776739441798}, "datetime": {"datetime": "2020-02-22 02:39:29", "elapsed": 518499.321585, "delta": 13125.938049}}
{"target": 79.82798279827983, "params": {"atr_alpha": 9.207021036694331e-05, "eli_lambda": 0.07876620748540067, "non_obs_task_switch_rate": 1054.7832161543117}, "datetime": {"datetime": "2020-02-22 06:17:37", "elapsed": 531587.95622, "delta": 13088.634635}}
{"target": 44.124412441244125, "params": {"atr_alpha": 0.0001864328738590846, "eli_lambda": 0.022839181962986645, "non_obs_task_switch_rate": 1753.1282653733438}, "datetime": {"datetime": "2020-02-25 10:44:05", "elapsed": 806776.205881, "delta": 275188.249661}}
{"target": 78.6978697869787, "params": {"atr_alpha": 8.176697185164369e-05, "eli_lambda": 0.07969564659262397, "non_obs_task_switch_rate": 1098.8861419951838}, "datetime": {"datetime": "2020-02-25 13:27:47", "elapsed": 816597.868064, "delta": 9821.662183}}
{"target": 78.85788578857886, "params": {"atr_alpha": 8.97396908649521e-05, "eli_lambda": 0.01223399358833578, "non_obs_task_switch_rate": 1184.6813386052486}, "datetime": {"datetime": "2020-02-25 16:07:29", "elapsed": 826180.119119, "delta": 9582.251055}}
{"target": 79.23792379237923, "params": {"atr_alpha": 7.247689741424502e-05, "eli_lambda": 0.07549586578515197, "non_obs_task_switch_rate": 1054.7760803015171}, "datetime": {"datetime": "2020-02-25 19:18:23", "elapsed": 837634.075165, "delta": 11453.956046}}
{"target": 53.325332533253324, "params": {"atr_alpha": 0.00017708159070198008, "eli_lambda": 0.06024735577720167, "non_obs_task_switch_rate": 1098.8858302055312}, "datetime": {"datetime": "2020-02-28 14:37:16", "elapsed": 1079966.348029, "delta": 242332.272864}}
{"target": 73.8073807380738, "params": {"atr_alpha": 9.470709310234467e-05, "eli_lambda": 0.09938441034023042, "non_obs_task_switch_rate": 1710.619124053752}, "datetime": {"datetime": "2020-02-28 17:48:53", "elapsed": 1091463.846368, "delta": 11497.498339}}
{"target": 42.57425742574257, "params": {"atr_alpha": 0.00011726459416114493, "eli_lambda": 0.011312862539908953, "non_obs_task_switch_rate": 1184.6966432001511}, "datetime": {"datetime": "2020-02-29 10:40:47", "elapsed": 1152177.565837, "delta": 60713.719469}}
