{"target": 63.42634263426343, "params": {"atr_alpha": 8.923418089348906e-05, "eli_lambda": 0.07203244934421581, "non_obs_task_switch_rate": 1000.2287496346897}, "datetime": {"datetime": "2020-02-26 01:41:17", "elapsed": 0.0, "delta": 0.0}}
{"target": 64.25642564256425, "params": {"atr_alpha": 6.744318880004957e-05, "eli_lambda": 0.014675589081711305, "non_obs_task_switch_rate": 1184.6771895375955}, "datetime": {"datetime": "2020-02-26 09:02:37", "elapsed": 26480.639666, "delta": 26480.639666}}
{"target": 67.2067206720672, "params": {"atr_alpha": 4.5389440161757474e-05, "eli_lambda": 0.034556072704304774, "non_obs_task_switch_rate": 1793.5349484613398}, "datetime": {"datetime": "2020-02-26 16:33:29", "elapsed": 53531.961122, "delta": 27051.321456}}
{"target": 58.955895589558956, "params": {"atr_alpha": 0.00011237517946063782, "eli_lambda": 0.041919451440329485, "non_obs_task_switch_rate": 2370.439000793519}, "datetime": {"datetime": "2020-02-26 23:15:34", "elapsed": 77657.371049, "delta": 24125.409927}}
{"target": 63.506350635063505, "params": {"atr_alpha": 4.884592744898831e-05, "eli_lambda": 0.08781174363909455, "non_obs_task_switch_rate": 1054.7751863958524}, "datetime": {"datetime": "2020-02-27 05:28:12", "elapsed": 100015.212595, "delta": 22357.841546}}
{"target": 73.3973397339734, "params": {"atr_alpha": 6.317096473587926e-05, "eli_lambda": 0.03302950410588452, "non_obs_task_switch_rate": 1707.7752489488973}, "datetime": {"datetime": "2020-02-27 10:20:48", "elapsed": 117570.982901, "delta": 17555.770306}}
{"target": 52.845284528452844, "params": {"atr_alpha": 0.0001735565098164956, "eli_lambda": 0.1, "non_obs_task_switch_rate": 1693.842960515224}, "datetime": {"datetime": "2020-02-29 09:56:35", "elapsed": 288918.86509, "delta": 171347.882189}}
{"target": 45.86458645864587, "params": {"atr_alpha": 0.00012169371304303955, "eli_lambda": 0.0367471661222768, "non_obs_task_switch_rate": 2750.1516391580208}, "datetime": {"datetime": "2020-02-29 21:42:06", "elapsed": 331249.676395, "delta": 42330.811305}}
{"target": 37.603760376037606, "params": {"atr_alpha": 0.00012329644565874947, "eli_lambda": 0.08165429006171065, "non_obs_task_switch_rate": 2803.372572791076}, "datetime": {"datetime": "2020-03-01 12:36:39", "elapsed": 384922.602188, "delta": 53672.925793}}
{"target": 72.34723472347235, "params": {"atr_alpha": 6.96876265431417e-05, "eli_lambda": 0.0971383571150316, "non_obs_task_switch_rate": 1098.88756753226}, "datetime": {"datetime": "2020-03-01 18:30:23", "elapsed": 406146.35527, "delta": 21223.753082}}
{"target": 72.65726572657266, "params": {"atr_alpha": 6.726122418359037e-05, "eli_lambda": 0.09372137724953086, "non_obs_task_switch_rate": 1098.8879659885376}, "datetime": {"datetime": "2020-03-02 02:24:06", "elapsed": 434569.244519, "delta": 28422.889249}}
{"target": 71.84718471847185, "params": {"atr_alpha": 8.371601379012621e-05, "eli_lambda": 0.048274072312338434, "non_obs_task_switch_rate": 1793.531256159703}, "datetime": {"datetime": "2020-03-02 07:29:36", "elapsed": 452899.461145, "delta": 18330.216626}}
{"target": 74.83748374837484, "params": {"atr_alpha": 7.397857399555675e-05, "eli_lambda": 0.05391317452679052, "non_obs_task_switch_rate": 1793.5478800134047}, "datetime": {"datetime": "2020-03-02 11:35:43", "elapsed": 467666.713087, "delta": 14767.251942}}
{"target": 60.286028602860284, "params": {"atr_alpha": 0.00010961054004696517, "eli_lambda": 0.034078409416619417, "non_obs_task_switch_rate": 1707.767114329919}, "datetime": {"datetime": "2020-03-02 21:25:16", "elapsed": 503039.834276, "delta": 35373.121189}}
{"target": 67.11671167116711, "params": {"atr_alpha": 2.285254659023899e-05, "eli_lambda": 0.030502029365325416, "non_obs_task_switch_rate": 1707.7815049242902}, "datetime": {"datetime": "2020-03-03 05:36:42", "elapsed": 532525.108679, "delta": 29485.274403}}
{"target": 59.82598259825983, "params": {"atr_alpha": 8.97396908649521e-05, "eli_lambda": 0.01223399358833578, "non_obs_task_switch_rate": 1184.6813386052486}, "datetime": {"datetime": "2020-03-03 15:48:49", "elapsed": 569252.131815, "delta": 36727.023136}}
{"target": 76.15761576157615, "params": {"atr_alpha": 5.138844172554299e-05, "eli_lambda": 0.043985681002194736, "non_obs_task_switch_rate": 1793.553184819781}, "datetime": {"datetime": "2020-03-03 22:31:37", "elapsed": 593420.603327, "delta": 24168.471512}}
{"target": 70.33703370337034, "params": {"atr_alpha": 2.036856031004392e-05, "eli_lambda": 0.03395380775929953, "non_obs_task_switch_rate": 1707.774948628918}, "datetime": {"datetime": "2020-03-04 04:12:29", "elapsed": 613872.387848, "delta": 20451.784521}}
{"target": 77.64776477647764, "params": {"atr_alpha": 7.029222815139546e-05, "eli_lambda": 0.060899001862144767, "non_obs_task_switch_rate": 1793.5504364300095}, "datetime": {"datetime": "2020-03-04 08:23:13", "elapsed": 628916.369385, "delta": 15043.981537}}
{"target": 75.09750975097509, "params": {"atr_alpha": 0.00010230177563347979, "eli_lambda": 0.05296427736692512, "non_obs_task_switch_rate": 1793.5476599801414}, "datetime": {"datetime": "2020-03-04 12:19:28", "elapsed": 643091.889177, "delta": 14175.519792}}
