{"target": 48.6948694869487, "params": {"atr_alpha": 8.923418089348906e-05, "eli_lambda": 0.07203244934421581, "non_obs_task_switch_rate": 1000.2287496346897}, "datetime": {"datetime": "2020-02-17 00:27:22", "elapsed": 0.0, "delta": 0.0}}
{"target": 47.94479447944794, "params": {"atr_alpha": 6.744318880004957e-05, "eli_lambda": 0.014675589081711305, "non_obs_task_switch_rate": 1184.6771895375955}, "datetime": {"datetime": "2020-02-17 23:57:10", "elapsed": 84588.377001, "delta": 84588.377001}}
{"target": 71.61716171617162, "params": {"atr_alpha": 4.5389440161757474e-05, "eli_lambda": 0.034556072704304774, "non_obs_task_switch_rate": 1793.5349484613398}, "datetime": {"datetime": "2020-02-18 05:49:00", "elapsed": 105698.230229, "delta": 21109.853228}}
{"target": 50.165016501650165, "params": {"atr_alpha": 0.00011237517946063782, "eli_lambda": 0.041919451440329485, "non_obs_task_switch_rate": 2370.439000793519}, "datetime": {"datetime": "2020-02-18 23:04:23", "elapsed": 167821.017711, "delta": 62122.787482}}
{"target": 56.37563756375638, "params": {"atr_alpha": 4.884592744898831e-05, "eli_lambda": 0.08781174363909455, "non_obs_task_switch_rate": 1054.7751863958524}, "datetime": {"datetime": "2020-02-19 14:13:57", "elapsed": 222394.660893, "delta": 54573.643182}}
{"target": 39.423942394239425, "params": {"atr_alpha": 0.00019776710386581962, "eli_lambda": 0.03804330348021691, "non_obs_task_switch_rate": 1793.6545572261268}, "datetime": {"datetime": "2020-02-22 21:46:50", "elapsed": 508768.102918, "delta": 286373.442025}}
{"target": 41.37413741374137, "params": {"atr_alpha": 0.0001911900238592867, "eli_lambda": 0.06605002732273907, "non_obs_task_switch_rate": 2339.1780520572784}, "datetime": {"datetime": "2020-02-25 18:59:07", "elapsed": 757905.116604, "delta": 249137.013686}}
{"target": 46.034603460346034, "params": {"atr_alpha": 0.00012169371304303955, "eli_lambda": 0.0367471661222768, "non_obs_task_switch_rate": 2750.1516391580208}, "datetime": {"datetime": "2020-02-26 09:13:58", "elapsed": 809195.717864, "delta": 51290.60126}}
{"target": 54.8054805480548, "params": {"atr_alpha": 0.00012329644565874947, "eli_lambda": 0.08165429006171065, "non_obs_task_switch_rate": 2803.372572791076}, "datetime": {"datetime": "2020-02-26 21:01:05", "elapsed": 851622.971902, "delta": 42427.254038}}
{"target": 53.21532153215322, "params": {"atr_alpha": 6.96876265431417e-05, "eli_lambda": 0.0971383571150316, "non_obs_task_switch_rate": 1098.88756753226}, "datetime": {"datetime": "2020-02-27 15:15:32", "elapsed": 917289.767666, "delta": 65666.795764}}
{"target": 40.244024402440246, "params": {"atr_alpha": 0.0001595742580539074, "eli_lambda": 0.044876121037233124, "non_obs_task_switch_rate": 1159.1505791648708}, "datetime": {"datetime": "2020-02-29 21:27:28", "elapsed": 1112406.408469, "delta": 195116.640803}}
{"target": 40.524052405240525, "params": {"atr_alpha": 0.00019463419872169454, "eli_lambda": 0.016355471665860922, "non_obs_task_switch_rate": 2021.556023948945}, "datetime": {"datetime": "2020-03-04 15:37:04", "elapsed": 1436981.743838, "delta": 324575.335369}}
{"target": 50.165016501650165, "params": {"atr_alpha": 0.00014019699964297415, "eli_lambda": 0.0992005713149875, "non_obs_task_switch_rate": 1797.7083688124733}, "datetime": {"datetime": "2020-03-05 21:44:18", "elapsed": 1545415.625352, "delta": 108433.881514}}
{"target": 50.835083508350834, "params": {"atr_alpha": 3.048138228403633e-05, "eli_lambda": 0.09818328066819833, "non_obs_task_switch_rate": 1396.3429566739537}, "datetime": {"datetime": "2020-03-06 12:17:34", "elapsed": 1597812.245524, "delta": 52396.620172}}
{"target": 55.55555555555556, "params": {"atr_alpha": 8.663995562700664e-05, "eli_lambda": 0.019147082552275964, "non_obs_task_switch_rate": 1212.052846861855}, "datetime": {"datetime": "2020-03-07 05:01:27", "elapsed": 1658045.526963, "delta": 60233.281439}}
{"target": 51.225122512251225, "params": {"atr_alpha": 0.00011020166212144036, "eli_lambda": 0.023551187362393002, "non_obs_task_switch_rate": 1494.3257818115515}, "datetime": {"datetime": "2020-03-07 19:54:23", "elapsed": 1711621.069005, "delta": 53575.542042}}
