{"target": 30.013001300130014, "params": {"atr_alpha": 8.923418089348906e-05, "eli_lambda": 0.07203244934421581, "non_obs_task_switch_rate": 1000.2287496346897}, "datetime": {"datetime": "2020-02-17 09:13:20", "elapsed": 0.0, "delta": 0.0}}
{"target": 48.674867486748674, "params": {"atr_alpha": 6.744318880004957e-05, "eli_lambda": 0.014675589081711305, "non_obs_task_switch_rate": 1184.6771895375955}, "datetime": {"datetime": "2020-02-18 20:40:12", "elapsed": 127612.349391, "delta": 127612.349391}}
{"target": 47.664766476647664, "params": {"atr_alpha": 4.5389440161757474e-05, "eli_lambda": 0.034556072704304774, "non_obs_task_switch_rate": 1793.5349484613398}, "datetime": {"datetime": "2020-02-20 06:40:53", "elapsed": 250052.73591, "delta": 122440.386519}}
{"target": 52.93529352935293, "params": {"atr_alpha": 0.00011237517946063782, "eli_lambda": 0.041919451440329485, "non_obs_task_switch_rate": 2370.439000793519}, "datetime": {"datetime": "2020-02-20 23:55:59", "elapsed": 312158.696463, "delta": 62105.960553}}
{"target": 41.40414041404141, "params": {"atr_alpha": 4.884592744898831e-05, "eli_lambda": 0.08781174363909455, "non_obs_task_switch_rate": 1054.7751863958524}, "datetime": {"datetime": "2020-02-22 03:46:08", "elapsed": 412368.60697, "delta": 100209.910507}}
{"target": 53.195319531953196, "params": {"atr_alpha": 0.00012066949124816119, "eli_lambda": 0.04772007810885899, "non_obs_task_switch_rate": 2369.568005847547}, "datetime": {"datetime": "2020-02-22 19:34:10", "elapsed": 469249.67537, "delta": 56881.0684}}
{"target": 34.02340234023402, "params": {"atr_alpha": 1e-05, "eli_lambda": 0.0, "non_obs_task_switch_rate": 2368.325640706229}, "datetime": {"datetime": "2020-02-23 17:32:21", "elapsed": 548340.726987, "delta": 79091.051617}}
{"target": 34.343434343434346, "params": {"atr_alpha": 1.5748034252405927e-05, "eli_lambda": 0.06308962073541198, "non_obs_task_switch_rate": 2369.9216685418724}, "datetime": {"datetime": "2020-02-25 00:36:02", "elapsed": 660162.622529, "delta": 111821.895542}}
{"target": 44.92449244924492, "params": {"atr_alpha": 0.00012329644565874947, "eli_lambda": 0.08165429006171065, "non_obs_task_switch_rate": 2803.372572791076}, "datetime": {"datetime": "2020-02-26 00:23:59", "elapsed": 745839.299922, "delta": 85676.677393}}
{"target": 36.253625362536255, "params": {"atr_alpha": 6.96876265431417e-05, "eli_lambda": 0.0971383571150316, "non_obs_task_switch_rate": 1098.88756753226}, "datetime": {"datetime": "2020-02-27 04:47:45", "elapsed": 848065.121314, "delta": 102225.821392}}
{"target": 38.853885388538856, "params": {"atr_alpha": 0.0001595742580539074, "eli_lambda": 0.044876121037233124, "non_obs_task_switch_rate": 1159.1505791648708}, "datetime": {"datetime": "2020-02-29 15:05:49", "elapsed": 1057948.804032, "delta": 209883.682718}}
{"target": 43.994399439944, "params": {"atr_alpha": 0.00019463419872169454, "eli_lambda": 0.016355471665860922, "non_obs_task_switch_rate": 2021.556023948945}, "datetime": {"datetime": "2020-03-03 08:27:02", "elapsed": 1293222.190568, "delta": 235273.386536}}
{"target": 50.24502450245024, "params": {"atr_alpha": 0.00014019699964297415, "eli_lambda": 0.0992005713149875, "non_obs_task_switch_rate": 1797.7083688124733}, "datetime": {"datetime": "2020-03-05 00:53:15", "elapsed": 1438794.746301, "delta": 145572.555733}}
{"target": 36.503650365036506, "params": {"atr_alpha": 3.048138228403633e-05, "eli_lambda": 0.09818328066819833, "non_obs_task_switch_rate": 1396.3429566739537}, "datetime": {"datetime": "2020-03-06 07:21:49", "elapsed": 1548509.161089, "delta": 109714.414788}}
{"target": 31.523152315231524, "params": {"atr_alpha": 8.663995562700664e-05, "eli_lambda": 0.019147082552275964, "non_obs_task_switch_rate": 1212.052846861855}, "datetime": {"datetime": "2020-03-07 15:49:54", "elapsed": 1665394.397416, "delta": 116885.236327}}
{"target": 47.45474547454746, "params": {"atr_alpha": 0.00011020166212144036, "eli_lambda": 0.023551187362393002, "non_obs_task_switch_rate": 1494.3257818115515}, "datetime": {"datetime": "2020-03-08 12:08:26", "elapsed": 1738506.57149, "delta": 73112.174074}}
