{"target": 62.52625262526253, "params": {"atr_alpha": 8.923418089348906e-05, "eli_lambda": 0.07203244934421581, "non_obs_task_switch_rate": 1000.2287496346897}, "datetime": {"datetime": "2020-02-16 04:57:27", "elapsed": 0.0, "delta": 0.0}}
{"target": 64.0864086408641, "params": {"atr_alpha": 6.744318880004957e-05, "eli_lambda": 0.014675589081711305, "non_obs_task_switch_rate": 1184.6771895375955}, "datetime": {"datetime": "2020-02-16 13:21:34", "elapsed": 30247.100724, "delta": 30247.100724}}
{"target": 72.65726572657266, "params": {"atr_alpha": 4.5389440161757474e-05, "eli_lambda": 0.034556072704304774, "non_obs_task_switch_rate": 1793.5349484613398}, "datetime": {"datetime": "2020-02-16 17:50:29", "elapsed": 46382.384404, "delta": 16135.28368}}
{"target": 57.53575357535754, "params": {"atr_alpha": 0.00011237517946063782, "eli_lambda": 0.041919451440329485, "non_obs_task_switch_rate": 2370.439000793519}, "datetime": {"datetime": "2020-02-17 01:46:25", "elapsed": 74938.15974, "delta": 28555.775336}}
{"target": 80.57805780578057, "params": {"atr_alpha": 4.884592744898831e-05, "eli_lambda": 0.08781174363909455, "non_obs_task_switch_rate": 1054.7751863958524}, "datetime": {"datetime": "2020-02-17 09:17:59", "elapsed": 102031.620542, "delta": 27093.460802}}
{"target": 65.16651665166516, "params": {"atr_alpha": 4.878015951607731e-05, "eli_lambda": 0.08810453918841793, "non_obs_task_switch_rate": 1054.9271794504823}, "datetime": {"datetime": "2020-02-17 15:34:35", "elapsed": 124628.352307, "delta": 22596.731765}}
{"target": 42.17421742174218, "params": {"atr_alpha": 0.0001911900238592867, "eli_lambda": 0.06605002732273907, "non_obs_task_switch_rate": 2339.1780520572784}, "datetime": {"datetime": "2020-02-21 04:17:37", "elapsed": 429609.515254, "delta": 304981.162947}}
{"target": 57.3057305730573, "params": {"atr_alpha": 0.00010382220450076723, "eli_lambda": 0.08576800667322158, "non_obs_task_switch_rate": 1054.7741599193655}, "datetime": {"datetime": "2020-02-21 12:32:35", "elapsed": 459308.393742, "delta": 29698.878488}}
{"target": 53.25532553255326, "params": {"atr_alpha": 0.00012329644565874947, "eli_lambda": 0.08165429006171065, "non_obs_task_switch_rate": 2803.372572791076}, "datetime": {"datetime": "2020-02-22 00:33:39", "elapsed": 502572.260272, "delta": 43263.86653}}
{"target": 66.45664566456645, "params": {"atr_alpha": 6.96876265431417e-05, "eli_lambda": 0.0971383571150316, "non_obs_task_switch_rate": 1098.88756753226}, "datetime": {"datetime": "2020-02-22 05:21:29", "elapsed": 519842.235822, "delta": 17269.97555}}
{"target": 57.62576257625763, "params": {"atr_alpha": 0.0001595742580539074, "eli_lambda": 0.044876121037233124, "non_obs_task_switch_rate": 1159.1505791648708}, "datetime": {"datetime": "2020-02-24 02:54:40", "elapsed": 683832.711751, "delta": 163990.475929}}
{"target": 35.253525352535256, "params": {"atr_alpha": 0.00019463419872169454, "eli_lambda": 0.016355471665860922, "non_obs_task_switch_rate": 2021.556023948945}, "datetime": {"datetime": "2020-02-27 16:28:23", "elapsed": 991855.823879, "delta": 308023.112128}}
{"target": 41.46414641464146, "params": {"atr_alpha": 0.00014019699964297415, "eli_lambda": 0.0992005713149875, "non_obs_task_switch_rate": 1797.7083688124733}, "datetime": {"datetime": "2020-02-28 20:44:39", "elapsed": 1093631.933172, "delta": 101776.109293}}
{"target": 73.03730373037304, "params": {"atr_alpha": 3.048138228403633e-05, "eli_lambda": 0.09818328066819833, "non_obs_task_switch_rate": 1396.3429566739537}, "datetime": {"datetime": "2020-02-29 01:28:32", "elapsed": 1110664.605729, "delta": 17032.672557}}
{"target": 68.94689468946895, "params": {"atr_alpha": 8.663995562700664e-05, "eli_lambda": 0.019147082552275964, "non_obs_task_switch_rate": 1212.052846861855}, "datetime": {"datetime": "2020-02-29 06:04:56", "elapsed": 1127249.085228, "delta": 16584.479499}}
{"target": 66.22662266226622, "params": {"atr_alpha": 0.00011020166212144036, "eli_lambda": 0.023551187362393002, "non_obs_task_switch_rate": 1494.3257818115515}, "datetime": {"datetime": "2020-02-29 19:32:04", "elapsed": 1175676.548172, "delta": 48427.462944}}
{"target": 50.81508150815082, "params": {"atr_alpha": 0.00015317422687697094, "eli_lambda": 0.048641164311361, "non_obs_task_switch_rate": 1296.3172489422002}, "datetime": {"datetime": "2020-03-02 23:32:29", "elapsed": 1362901.559555, "delta": 187225.011383}}
{"target": 72.52725272527253, "params": {"atr_alpha": 2.2574313777186787e-05, "eli_lambda": 0.09096499963086388, "non_obs_task_switch_rate": 1470.8277689169406}, "datetime": {"datetime": "2020-03-03 03:27:04", "elapsed": 1376977.081693, "delta": 14075.522138}}
{"target": 74.21742174217422, "params": {"atr_alpha": 1.6702377057089833e-05, "eli_lambda": 0.054410469977549364, "non_obs_task_switch_rate": 2303.6754149902463}, "datetime": {"datetime": "2020-03-03 07:22:33", "elapsed": 1391105.953025, "delta": 14128.871332}}
{"target": 56.065606560656065, "params": {"atr_alpha": 0.00018055888672632744, "eli_lambda": 0.050893421304050494, "non_obs_task_switch_rate": 1521.1501153705838}, "datetime": {"datetime": "2020-03-06 17:12:55", "elapsed": 1685727.729405, "delta": 294621.77638}}
