{"target": 71.78717871787178, "params": {"atr_alpha": 8.923418089348906e-05, "eli_lambda": 0.07203244934421581, "non_obs_task_switch_rate": 1000.2287496346897}, "datetime": {"datetime": "2020-02-16 03:11:27", "elapsed": 0.0, "delta": 0.0}}
{"target": 70.60706070607061, "params": {"atr_alpha": 6.744318880004957e-05, "eli_lambda": 0.014675589081711305, "non_obs_task_switch_rate": 1184.6771895375955}, "datetime": {"datetime": "2020-02-16 08:16:59", "elapsed": 18332.628367, "delta": 18332.628367}}
{"target": 75.32753275327532, "params": {"atr_alpha": 4.5389440161757474e-05, "eli_lambda": 0.034556072704304774, "non_obs_task_switch_rate": 1793.5349484613398}, "datetime": {"datetime": "2020-02-16 12:51:39", "elapsed": 34812.000279, "delta": 16479.371912}}
{"target": 73.93739373937393, "params": {"atr_alpha": 0.00011237517946063782, "eli_lambda": 0.041919451440329485, "non_obs_task_switch_rate": 2370.439000793519}, "datetime": {"datetime": "2020-02-17 03:28:50", "elapsed": 87443.250591, "delta": 52631.250312}}
{"target": 72.69726972697269, "params": {"atr_alpha": 4.884592744898831e-05, "eli_lambda": 0.08781174363909455, "non_obs_task_switch_rate": 1054.7751863958524}, "datetime": {"datetime": "2020-02-17 08:20:24", "elapsed": 104937.039134, "delta": 17493.788543}}
{"target": 50.34503450345034, "params": {"atr_alpha": 0.00017665263198401966, "eli_lambda": 0.05287298281813723, "non_obs_task_switch_rate": 1823.6170823701825}, "datetime": {"datetime": "2020-02-20 00:32:55", "elapsed": 336088.219589, "delta": 231151.180455}}
{"target": 75.05750575057506, "params": {"atr_alpha": 4.865700476578683e-05, "eli_lambda": 0.08756717724226405, "non_obs_task_switch_rate": 1793.2227339191957}, "datetime": {"datetime": "2020-02-20 04:21:00", "elapsed": 349773.581653, "delta": 13685.362064}}
{"target": 41.094109410941094, "params": {"atr_alpha": 0.0002, "eli_lambda": 0.1, "non_obs_task_switch_rate": 1794.180809052155}, "datetime": {"datetime": "2020-02-23 18:13:26", "elapsed": 658919.328879, "delta": 309145.747226}}
{"target": 71.73717371737173, "params": {"atr_alpha": 1.8698934353477065e-05, "eli_lambda": 0.04405942021583097, "non_obs_task_switch_rate": 1793.3665552044763}, "datetime": {"datetime": "2020-02-24 00:48:45", "elapsed": 682638.42277, "delta": 23719.093891}}
{"target": 44.124412441244125, "params": {"atr_alpha": 0.00018753147967998224, "eli_lambda": 0.0570603844727404, "non_obs_task_switch_rate": 1793.5634956291738}, "datetime": {"datetime": "2020-02-27 03:05:54", "elapsed": 950067.742621, "delta": 267429.319851}}
{"target": 55.32553255325533, "params": {"atr_alpha": 0.0001595742580539074, "eli_lambda": 0.044876121037233124, "non_obs_task_switch_rate": 1159.1505791648708}, "datetime": {"datetime": "2020-02-29 07:47:27", "elapsed": 1139759.867071, "delta": 189692.12445}}
{"target": 40.084008400840084, "params": {"atr_alpha": 0.00019463419872169454, "eli_lambda": 0.016355471665860922, "non_obs_task_switch_rate": 2021.556023948945}, "datetime": {"datetime": "2020-03-04 01:27:28", "elapsed": 1462561.520806, "delta": 322801.653735}}
{"target": 46.464646464646464, "params": {"atr_alpha": 0.00014019699964297415, "eli_lambda": 0.0992005713149875, "non_obs_task_switch_rate": 1797.7083688124733}, "datetime": {"datetime": "2020-03-05 07:39:23", "elapsed": 1571276.217125, "delta": 108714.696319}}
{"target": 76.04760476047605, "params": {"atr_alpha": 3.048138228403633e-05, "eli_lambda": 0.09818328066819833, "non_obs_task_switch_rate": 1396.3429566739537}, "datetime": {"datetime": "2020-03-05 11:23:47", "elapsed": 1584740.017185, "delta": 13463.80006}}
{"target": 78.55785578557855, "params": {"atr_alpha": 8.663995562700664e-05, "eli_lambda": 0.019147082552275964, "non_obs_task_switch_rate": 1212.052846861855}, "datetime": {"datetime": "2020-03-05 15:17:34", "elapsed": 1598767.676104, "delta": 14027.658919}}
{"target": 50.77507750775077, "params": {"atr_alpha": 0.00011020166212144036, "eli_lambda": 0.023551187362393002, "non_obs_task_switch_rate": 1494.3257818115515}, "datetime": {"datetime": "2020-03-05 23:31:57", "elapsed": 1628430.247047, "delta": 29662.570943}}
{"target": 49.774977497749774, "params": {"atr_alpha": 0.00015317422687697094, "eli_lambda": 0.048641164311361, "non_obs_task_switch_rate": 1296.3172489422002}, "datetime": {"datetime": "2020-03-08 01:14:04", "elapsed": 1807357.579724, "delta": 178927.332677}}
{"target": 74.79747974797479, "params": {"atr_alpha": 2.2574313777186787e-05, "eli_lambda": 0.09096499963086388, "non_obs_task_switch_rate": 1470.8277689169406}, "datetime": {"datetime": "2020-03-08 06:55:26", "elapsed": 1827838.786178, "delta": 20481.206454}}
{"target": 74.32743274327433, "params": {"atr_alpha": 1.6702377057089833e-05, "eli_lambda": 0.054410469977549364, "non_obs_task_switch_rate": 2303.6754149902463}, "datetime": {"datetime": "2020-03-08 11:00:58", "elapsed": 1842571.593377, "delta": 14732.807199}}
