{"target": 29.542954295429542, "params": {"atr_alpha": 8.923418089348906e-05, "eli_lambda": 0.07203244934421581, "non_obs_task_switch_rate": 1000.2287496346897}, "datetime": {"datetime": "2020-02-28 18:02:17", "elapsed": 0.0, "delta": 0.0}}
{"target": 36.85368536853685, "params": {"atr_alpha": 6.744318880004957e-05, "eli_lambda": 0.014675589081711305, "non_obs_task_switch_rate": 1184.6771895375955}, "datetime": {"datetime": "2020-02-29 12:17:24", "elapsed": 65707.097068, "delta": 65707.097068}}
{"target": 40.21402140214021, "params": {"atr_alpha": 4.5389440161757474e-05, "eli_lambda": 0.034556072704304774, "non_obs_task_switch_rate": 1793.5349484613398}, "datetime": {"datetime": "2020-03-01 10:02:27", "elapsed": 144009.677799, "delta": 78302.580731}}
{"target": 51.515151515151516, "params": {"atr_alpha": 0.00011237517946063782, "eli_lambda": 0.041919451440329485, "non_obs_task_switch_rate": 2370.439000793519}, "datetime": {"datetime": "2020-03-01 21:57:09", "elapsed": 186891.714264, "delta": 42882.036465}}
{"target": 50.67506750675067, "params": {"atr_alpha": 4.884592744898831e-05, "eli_lambda": 0.08781174363909455, "non_obs_task_switch_rate": 1054.7751863958524}, "datetime": {"datetime": "2020-03-02 13:11:27", "elapsed": 241750.160831, "delta": 54858.446567}}
{"target": 87.25872587258726, "params": {"atr_alpha": 0.00010687489058392062, "eli_lambda": 0.044830445843801844, "non_obs_task_switch_rate": 2370.235390989851}, "datetime": {"datetime": "2020-03-02 22:45:11", "elapsed": 276173.717417, "delta": 34423.556586}}
{"target": 35.193519351935194, "params": {"atr_alpha": 5.193934325869558e-05, "eli_lambda": 0.04181132578538497, "non_obs_task_switch_rate": 2370.2587981638153}, "datetime": {"datetime": "2020-03-04 01:29:10", "elapsed": 372412.806326, "delta": 96239.088909}}
{"target": 52.225222522252224, "params": {"atr_alpha": 0.00012169371304303955, "eli_lambda": 0.0367471661222768, "non_obs_task_switch_rate": 2750.1516391580208}, "datetime": {"datetime": "2020-03-04 15:35:24", "elapsed": 423186.915165, "delta": 50774.108839}}
{"target": 48.544854485448546, "params": {"atr_alpha": 0.00012329644565874947, "eli_lambda": 0.08165429006171065, "non_obs_task_switch_rate": 2803.372572791076}, "datetime": {"datetime": "2020-03-05 16:21:29", "elapsed": 512352.030312, "delta": 89165.115147}}
{"target": 31.72317231723172, "params": {"atr_alpha": 6.96876265431417e-05, "eli_lambda": 0.0971383571150316, "non_obs_task_switch_rate": 1098.88756753226}, "datetime": {"datetime": "2020-03-06 20:25:16", "elapsed": 613378.604808, "delta": 101026.574496}}
{"target": 43.404340434043405, "params": {"atr_alpha": 0.0001595742580539074, "eli_lambda": 0.044876121037233124, "non_obs_task_switch_rate": 1159.1505791648708}, "datetime": {"datetime": "2020-03-09 03:37:00", "elapsed": 812082.517399, "delta": 198703.912591}}
