{"target": 68.02680268026803, "params": {"atr_alpha": 8.923418089348906e-05, "eli_lambda": 0.07203244934421581, "non_obs_task_switch_rate": 1000.2287496346897}, "datetime": {"datetime": "2020-02-16 04:10:01", "elapsed": 0.0, "delta": 0.0}}
{"target": 68.15681568156816, "params": {"atr_alpha": 6.744318880004957e-05, "eli_lambda": 0.014675589081711305, "non_obs_task_switch_rate": 1184.6771895375955}, "datetime": {"datetime": "2020-02-16 09:37:33", "elapsed": 19652.540577, "delta": 19652.540577}}
{"target": 44.01440144014401, "params": {"atr_alpha": 4.5389440161757474e-05, "eli_lambda": 0.034556072704304774, "non_obs_task_switch_rate": 1793.5349484613398}, "datetime": {"datetime": "2020-02-17 14:55:01", "elapsed": 125100.254724, "delta": 105447.714147}}
{"target": 47.674767476747675, "params": {"atr_alpha": 0.00011237517946063782, "eli_lambda": 0.041919451440329485, "non_obs_task_switch_rate": 2370.439000793519}, "datetime": {"datetime": "2020-02-18 02:55:14", "elapsed": 168313.483027, "delta": 43213.228303}}
{"target": 39.39393939393939, "params": {"atr_alpha": 4.884592744898831e-05, "eli_lambda": 0.08781174363909455, "non_obs_task_switch_rate": 1054.7751863958524}, "datetime": {"datetime": "2020-02-19 08:11:46", "elapsed": 273705.734174, "delta": 105392.251147}}
{"target": 89.70897089708971, "params": {"atr_alpha": 9.816679797109855e-05, "eli_lambda": 0.07050077109757134, "non_obs_task_switch_rate": 1184.5537177242581}, "datetime": {"datetime": "2020-02-19 13:36:22", "elapsed": 293181.512664, "delta": 19475.77849}}
{"target": 74.28742874287428, "params": {"atr_alpha": 7.975263120300381e-05, "eli_lambda": 0.07084689588497932, "non_obs_task_switch_rate": 1184.6029602415058}, "datetime": {"datetime": "2020-02-19 18:02:15", "elapsed": 309134.406403, "delta": 15952.893739}}
{"target": 50.56505650565057, "params": {"atr_alpha": 0.00012539074142855447, "eli_lambda": 0.05750569517677406, "non_obs_task_switch_rate": 1184.5518913340156}, "datetime": {"datetime": "2020-02-20 20:09:49", "elapsed": 403187.96198, "delta": 94053.555577}}
{"target": 61.006100610061004, "params": {"atr_alpha": 0.00012329644565874947, "eli_lambda": 0.08165429006171065, "non_obs_task_switch_rate": 2803.372572791076}, "datetime": {"datetime": "2020-02-21 15:29:59", "elapsed": 472798.712389, "delta": 69610.750409}}
{"target": 30.963096309630963, "params": {"atr_alpha": 6.96876265431417e-05, "eli_lambda": 0.0971383571150316, "non_obs_task_switch_rate": 1098.88756753226}, "datetime": {"datetime": "2020-02-22 11:50:52", "elapsed": 546051.087401, "delta": 73252.375012}}
{"target": 34.45344534453445, "params": {"atr_alpha": 0.0001595742580539074, "eli_lambda": 0.044876121037233124, "non_obs_task_switch_rate": 1159.1505791648708}, "datetime": {"datetime": "2020-02-24 22:58:58", "elapsed": 758937.709003, "delta": 212886.621602}}
{"target": 40.63406340634064, "params": {"atr_alpha": 0.00019463419872169454, "eli_lambda": 0.016355471665860922, "non_obs_task_switch_rate": 2021.556023948945}, "datetime": {"datetime": "2020-02-28 09:41:24", "elapsed": 1056683.936589, "delta": 297746.227586}}
{"target": 43.364336433643366, "params": {"atr_alpha": 0.00014019699964297415, "eli_lambda": 0.0992005713149875, "non_obs_task_switch_rate": 1797.7083688124733}, "datetime": {"datetime": "2020-02-29 20:33:11", "elapsed": 1182190.426749, "delta": 125506.49016}}
{"target": 72.27722772277228, "params": {"atr_alpha": 3.048138228403633e-05, "eli_lambda": 0.09818328066819833, "non_obs_task_switch_rate": 1396.3429566739537}, "datetime": {"datetime": "2020-03-01 00:48:10", "elapsed": 1197489.263008, "delta": 15298.836259}}
{"target": 46.59465946594659, "params": {"atr_alpha": 8.663995562700664e-05, "eli_lambda": 0.019147082552275964, "non_obs_task_switch_rate": 1212.052846861855}, "datetime": {"datetime": "2020-03-01 20:30:26", "elapsed": 1268425.176721, "delta": 70935.913713}}
{"target": 56.875687568756874, "params": {"atr_alpha": 0.00011020166212144036, "eli_lambda": 0.023551187362393002, "non_obs_task_switch_rate": 1494.3257818115515}, "datetime": {"datetime": "2020-03-02 10:01:33", "elapsed": 1317092.874596, "delta": 48667.697875}}
{"target": 57.795779577957795, "params": {"atr_alpha": 0.00014795724835163705, "eli_lambda": 0.07099552002228658, "non_obs_task_switch_rate": 1184.6029449166701}, "datetime": {"datetime": "2020-03-04 20:35:27", "elapsed": 1527926.421108, "delta": 210833.546512}}
{"target": 36.46364636463646, "params": {"atr_alpha": 2.2574313777186787e-05, "eli_lambda": 0.09096499963086388, "non_obs_task_switch_rate": 1470.8277689169406}, "datetime": {"datetime": "2020-03-05 23:34:12", "elapsed": 1625051.752644, "delta": 97125.331536}}
{"target": 47.16471647164717, "params": {"atr_alpha": 1.6702377057089833e-05, "eli_lambda": 0.054410469977549364, "non_obs_task_switch_rate": 2303.6754149902463}, "datetime": {"datetime": "2020-03-07 04:00:56", "elapsed": 1727455.680754, "delta": 102403.92811}}
