{"target": 68.95689568956895, "params": {"atr_alpha": 8.923418089348906e-05, "eli_lambda": 0.07203244934421581, "non_obs_task_switch_rate": 1000.2287496346897}, "datetime": {"datetime": "2020-02-16 10:40:52", "elapsed": 0.0, "delta": 0.0}}
{"target": 70.54705470547054, "params": {"atr_alpha": 6.744318880004957e-05, "eli_lambda": 0.014675589081711305, "non_obs_task_switch_rate": 1184.6771895375955}, "datetime": {"datetime": "2020-02-16 16:11:41", "elapsed": 19849.030356, "delta": 19849.030356}}
{"target": 43.9043904390439, "params": {"atr_alpha": 4.5389440161757474e-05, "eli_lambda": 0.034556072704304774, "non_obs_task_switch_rate": 1793.5349484613398}, "datetime": {"datetime": "2020-02-17 21:59:24", "elapsed": 127111.885954, "delta": 107262.855598}}
{"target": 47.07470747074707, "params": {"atr_alpha": 0.00011237517946063782, "eli_lambda": 0.041919451440329485, "non_obs_task_switch_rate": 2370.439000793519}, "datetime": {"datetime": "2020-02-18 13:54:37", "elapsed": 184424.45845, "delta": 57312.572496}}
{"target": 73.997399739974, "params": {"atr_alpha": 4.884592744898831e-05, "eli_lambda": 0.08781174363909455, "non_obs_task_switch_rate": 1054.7751863958524}, "datetime": {"datetime": "2020-02-18 19:02:37", "elapsed": 202904.371443, "delta": 18479.912993}}
{"target": 39.16391639163916, "params": {"atr_alpha": 0.0002, "eli_lambda": 0.07791679193555646, "non_obs_task_switch_rate": 1093.1577091898191}, "datetime": {"datetime": "2020-02-22 17:59:27", "elapsed": 544715.151678, "delta": 341810.780235}}
{"target": 72.06720672067206, "params": {"atr_alpha": 1.0030138287731073e-05, "eli_lambda": 0.08786014684583766, "non_obs_task_switch_rate": 1054.8943774713134}, "datetime": {"datetime": "2020-02-22 23:02:49", "elapsed": 562916.962857, "delta": 18201.811179}}
{"target": 50.34503450345034, "params": {"atr_alpha": 0.00018995267680716897, "eli_lambda": 0.04994554893037776, "non_obs_task_switch_rate": 1054.7816110779777}, "datetime": {"datetime": "2020-02-26 09:21:21", "elapsed": 859228.224013, "delta": 296311.261156}}
{"target": 55.485548554855484, "params": {"atr_alpha": 0.00012329644565874947, "eli_lambda": 0.08165429006171065, "non_obs_task_switch_rate": 2803.372572791076}, "datetime": {"datetime": "2020-02-27 02:19:39", "elapsed": 920327.110038, "delta": 61098.886025}}
{"target": 70.29702970297029, "params": {"atr_alpha": 6.96876265431417e-05, "eli_lambda": 0.0971383571150316, "non_obs_task_switch_rate": 1098.88756753226}, "datetime": {"datetime": "2020-02-27 06:25:10", "elapsed": 935058.080508, "delta": 14730.97047}}
