{"target": 54.7054705470547, "params": {"atr_alpha": 8.923418089348906e-05, "eli_lambda": 0.07203244934421581, "non_obs_task_switch_rate": 1000.2287496346897}, "datetime": {"datetime": "2020-02-16 06:44:59", "elapsed": 0.0, "delta": 0.0}}
{"target": 35.443544354435446, "params": {"atr_alpha": 6.744318880004957e-05, "eli_lambda": 0.014675589081711305, "non_obs_task_switch_rate": 1184.6771895375955}, "datetime": {"datetime": "2020-02-17 16:29:11", "elapsed": 121452.095605, "delta": 121452.095605}}
{"target": 31.623162316231625, "params": {"atr_alpha": 4.5389440161757474e-05, "eli_lambda": 0.034556072704304774, "non_obs_task_switch_rate": 1793.5349484613398}, "datetime": {"datetime": "2020-02-18 20:17:00", "elapsed": 221520.986868, "delta": 100068.891263}}
{"target": 59.92599259925993, "params": {"atr_alpha": 0.00011237517946063782, "eli_lambda": 0.041919451440329485, "non_obs_task_switch_rate": 2370.439000793519}, "datetime": {"datetime": "2020-02-19 06:07:03", "elapsed": 256923.744613, "delta": 35402.757745}}
{"target": 59.375937593759375, "params": {"atr_alpha": 4.884592744898831e-05, "eli_lambda": 0.08781174363909455, "non_obs_task_switch_rate": 1054.7751863958524}, "datetime": {"datetime": "2020-02-19 12:02:02", "elapsed": 278222.770383, "delta": 21299.02577}}
{"target": 36.973697369736975, "params": {"atr_alpha": 1e-05, "eli_lambda": 0.002081671750819495, "non_obs_task_switch_rate": 2377.5306064716005}, "datetime": {"datetime": "2020-02-20 05:08:56", "elapsed": 339836.327021, "delta": 61613.556638}}
{"target": 50.1050105010501, "params": {"atr_alpha": 3.6003490971229466e-05, "eli_lambda": 0.08779001793721122, "non_obs_task_switch_rate": 1054.7627633024447}, "datetime": {"datetime": "2020-02-20 19:06:22", "elapsed": 390083.056303, "delta": 50246.729282}}
{"target": 56.935693569356935, "params": {"atr_alpha": 0.00010382220450076723, "eli_lambda": 0.08576800667322158, "non_obs_task_switch_rate": 1054.7741599193655}, "datetime": {"datetime": "2020-02-21 00:36:07", "elapsed": 409867.922124, "delta": 19784.865821}}
{"target": 39.49394939493949, "params": {"atr_alpha": 7.438812914401671e-05, "eli_lambda": 0.08148982553881147, "non_obs_task_switch_rate": 1054.7599262515412}, "datetime": {"datetime": "2020-02-21 20:48:07", "elapsed": 482587.219035, "delta": 72719.296911}}
{"target": 42.98429842984299, "params": {"atr_alpha": 6.775955365757432e-05, "eli_lambda": 0.09163953404030482, "non_obs_task_switch_rate": 1054.7797166377438}, "datetime": {"datetime": "2020-02-22 16:51:15", "elapsed": 554775.95798, "delta": 72188.738945}}
{"target": 60.966096609660966, "params": {"atr_alpha": 0.00015051682975609763, "eli_lambda": 0.07735051270728545, "non_obs_task_switch_rate": 1000.2272910898548}, "datetime": {"datetime": "2020-02-24 15:46:02", "elapsed": 723663.019026, "delta": 168887.061046}}
{"target": 60.286028602860284, "params": {"atr_alpha": 2.543303672542477e-05, "eli_lambda": 0.08293893572682982, "non_obs_task_switch_rate": 1054.776739441798}, "datetime": {"datetime": "2020-02-24 22:02:29", "elapsed": 746249.774446, "delta": 22586.75542}}
{"target": 81.13811381138113, "params": {"atr_alpha": 9.207021036694331e-05, "eli_lambda": 0.07876620748540067, "non_obs_task_switch_rate": 1054.7832161543117}, "datetime": {"datetime": "2020-02-25 04:28:29", "elapsed": 769409.292945, "delta": 23159.518499}}
{"target": 51.2051205120512, "params": {"atr_alpha": 0.00012320999210275552, "eli_lambda": 0.0647256423882363, "non_obs_task_switch_rate": 1000.2085945810817}, "datetime": {"datetime": "2020-02-25 22:31:15", "elapsed": 834375.320237, "delta": 64966.027292}}
{"target": 72.46724672467246, "params": {"atr_alpha": 2.005041588069616e-05, "eli_lambda": 0.03707312058426228, "non_obs_task_switch_rate": 2370.4444896994946}, "datetime": {"datetime": "2020-02-26 02:57:47", "elapsed": 850367.977527, "delta": 15992.65729}}
{"target": 60.246024602460245, "params": {"atr_alpha": 6.586872933604184e-05, "eli_lambda": 0.078158449907752, "non_obs_task_switch_rate": 1000.2341163726816}, "datetime": {"datetime": "2020-02-26 11:54:41", "elapsed": 882581.643117, "delta": 32213.66559}}
{"target": 41.54415441544155, "params": {"atr_alpha": 7.247689741424502e-05, "eli_lambda": 0.07549586578515197, "non_obs_task_switch_rate": 1054.7760803015171}, "datetime": {"datetime": "2020-02-27 02:52:08", "elapsed": 936428.371149, "delta": 53846.728032}}
{"target": 34.01340134013402, "params": {"atr_alpha": 4.2415151550956314e-05, "eli_lambda": 0.08607630078902906, "non_obs_task_switch_rate": 1000.2488255080473}, "datetime": {"datetime": "2020-02-27 22:42:05", "elapsed": 1007825.629765, "delta": 71397.258616}}
{"target": 93.009300930093, "params": {"atr_alpha": 0.0001262448041557685, "eli_lambda": 0.08858788381409656, "non_obs_task_switch_rate": 1054.8045589030012}, "datetime": {"datetime": "2020-02-28 15:29:29", "elapsed": 1068269.834157, "delta": 60444.204392}}
{"target": 35.823582358235825, "params": {"atr_alpha": 0.00018055888672632744, "eli_lambda": 0.050893421304050494, "non_obs_task_switch_rate": 1521.1501153705838}, "datetime": {"datetime": "2020-03-02 16:11:14", "elapsed": 1329974.722362, "delta": 261704.888205}}
