{"target": 77.28772877287729, "params": {"atr_alpha": 8.923418089348906e-05, "eli_lambda": 0.07203244934421581, "non_obs_task_switch_rate": 1000.2287496346897}, "datetime": {"datetime": "2020-02-16 14:50:05", "elapsed": 0.0, "delta": 0.0}}
{"target": 35.243524352435244, "params": {"atr_alpha": 6.744318880004957e-05, "eli_lambda": 0.014675589081711305, "non_obs_task_switch_rate": 1184.6771895375955}, "datetime": {"datetime": "2020-02-17 22:29:45", "elapsed": 113980.27641, "delta": 113980.27641}}
{"target": 36.493649364936495, "params": {"atr_alpha": 4.5389440161757474e-05, "eli_lambda": 0.034556072704304774, "non_obs_task_switch_rate": 1793.5349484613398}, "datetime": {"datetime": "2020-02-19 02:10:46", "elapsed": 213640.638663, "delta": 99660.362253}}
{"target": 56.0956095609561, "params": {"atr_alpha": 0.00011237517946063782, "eli_lambda": 0.041919451440329485, "non_obs_task_switch_rate": 2370.439000793519}, "datetime": {"datetime": "2020-02-19 12:13:05", "elapsed": 249779.995263, "delta": 36139.3566}}
{"target": 34.78347834783478, "params": {"atr_alpha": 4.884592744898831e-05, "eli_lambda": 0.08781174363909455, "non_obs_task_switch_rate": 1054.7751863958524}, "datetime": {"datetime": "2020-02-20 16:38:56", "elapsed": 352130.925198, "delta": 102350.929935}}
{"target": 50.975097509750974, "params": {"atr_alpha": 0.00019996613829780581, "eli_lambda": 0.07611583102882064, "non_obs_task_switch_rate": 1000.1608059460956}, "datetime": {"datetime": "2020-02-24 00:09:39", "elapsed": 638373.666519, "delta": 286242.741321}}
{"target": 42.51425142514251, "params": {"atr_alpha": 5.4241734367882095e-05, "eli_lambda": 0.06259416095237659, "non_obs_task_switch_rate": 1000.1847009636575}, "datetime": {"datetime": "2020-02-25 06:29:00", "elapsed": 747535.217751, "delta": 109161.551232}}
{"target": 56.58565856585658, "params": {"atr_alpha": 0.00012169371304303955, "eli_lambda": 0.0367471661222768, "non_obs_task_switch_rate": 2750.1516391580208}, "datetime": {"datetime": "2020-02-25 22:50:06", "elapsed": 806401.278059, "delta": 58866.060308}}
{"target": 54.685468546854686, "params": {"atr_alpha": 0.00012329644565874947, "eli_lambda": 0.08165429006171065, "non_obs_task_switch_rate": 2803.372572791076}, "datetime": {"datetime": "2020-02-26 16:35:59", "elapsed": 870354.302831, "delta": 63953.024772}}
{"target": 43.62436243624362, "params": {"atr_alpha": 6.96876265431417e-05, "eli_lambda": 0.0971383571150316, "non_obs_task_switch_rate": 1098.88756753226}, "datetime": {"datetime": "2020-02-27 18:14:41", "elapsed": 962675.442554, "delta": 92321.139723}}
{"target": 59.48594859485949, "params": {"atr_alpha": 0.0001595742580539074, "eli_lambda": 0.044876121037233124, "non_obs_task_switch_rate": 1159.1505791648708}, "datetime": {"datetime": "2020-02-29 13:51:33", "elapsed": 1119687.502911, "delta": 157012.060357}}
{"target": 42.56425642564256, "params": {"atr_alpha": 0.00019463419872169454, "eli_lambda": 0.016355471665860922, "non_obs_task_switch_rate": 2021.556023948945}, "datetime": {"datetime": "2020-03-04 01:17:23", "elapsed": 1420037.826616, "delta": 300350.323705}}
{"target": 50.95509550955096, "params": {"atr_alpha": 0.00014019699964297415, "eli_lambda": 0.0992005713149875, "non_obs_task_switch_rate": 1797.7083688124733}, "datetime": {"datetime": "2020-03-05 10:21:46", "elapsed": 1539101.207195, "delta": 119063.380579}}
{"target": 43.71437143714371, "params": {"atr_alpha": 3.048138228403633e-05, "eli_lambda": 0.09818328066819833, "non_obs_task_switch_rate": 1396.3429566739537}, "datetime": {"datetime": "2020-03-06 14:31:43", "elapsed": 1640498.364167, "delta": 101397.156972}}
{"target": 60.436043604360435, "params": {"atr_alpha": 8.663995562700664e-05, "eli_lambda": 0.019147082552275964, "non_obs_task_switch_rate": 1212.052846861855}, "datetime": {"datetime": "2020-03-06 22:10:48", "elapsed": 1668043.349836, "delta": 27544.985669}}
{"target": 93.86938693869386, "params": {"atr_alpha": 0.00011020166212144036, "eli_lambda": 0.023551187362393002, "non_obs_task_switch_rate": 1494.3257818115515}, "datetime": {"datetime": "2020-03-07 07:46:40", "elapsed": 1702595.05049, "delta": 34551.700654}}
{"target": 39.663966396639665, "params": {"atr_alpha": 8.221650324342854e-05, "eli_lambda": 0.09307240476458856, "non_obs_task_switch_rate": 1000.2316175333981}, "datetime": {"datetime": "2020-03-08 18:00:33", "elapsed": 1825828.157456, "delta": 123233.106966}}
