{"target": 65.0965096509651, "params": {"atr_alpha": 8.923418089348906e-05, "eli_lambda": 0.07203244934421581, "non_obs_task_switch_rate": 1000.2287496346897}, "datetime": {"datetime": "2020-02-16 03:59:13", "elapsed": 0.0, "delta": 0.0}}
{"target": 65.08650865086508, "params": {"atr_alpha": 6.744318880004957e-05, "eli_lambda": 0.014675589081711305, "non_obs_task_switch_rate": 1184.6771895375955}, "datetime": {"datetime": "2020-02-16 09:29:32", "elapsed": 19818.567355, "delta": 19818.567355}}
{"target": 72.58725872587259, "params": {"atr_alpha": 4.5389440161757474e-05, "eli_lambda": 0.034556072704304774, "non_obs_task_switch_rate": 1793.5349484613398}, "datetime": {"datetime": "2020-02-16 14:00:33", "elapsed": 36079.885118, "delta": 16261.317763}}
{"target": 74.11741174117412, "params": {"atr_alpha": 0.00011237517946063782, "eli_lambda": 0.041919451440329485, "non_obs_task_switch_rate": 2370.439000793519}, "datetime": {"datetime": "2020-02-16 18:27:29", "elapsed": 52095.450895, "delta": 16015.565777}}
{"target": 68.66686668666867, "params": {"atr_alpha": 4.884592744898831e-05, "eli_lambda": 0.08781174363909455, "non_obs_task_switch_rate": 1054.7751863958524}, "datetime": {"datetime": "2020-02-16 23:42:23", "elapsed": 70989.35894, "delta": 18893.908045}}
{"target": 74.95749574957496, "params": {"atr_alpha": 6.235125189510246e-05, "eli_lambda": 0.044647836027736205, "non_obs_task_switch_rate": 2368.9365404881023}, "datetime": {"datetime": "2020-02-17 04:00:42", "elapsed": 86488.989795, "delta": 15499.630855}}
{"target": 75.73757375737574, "params": {"atr_alpha": 7.14660170508744e-05, "eli_lambda": 0.1, "non_obs_task_switch_rate": 2367.5385495137866}, "datetime": {"datetime": "2020-02-17 08:20:55", "elapsed": 102101.555851, "delta": 15612.566056}}
{"target": 43.444344434443444, "params": {"atr_alpha": 0.0002, "eli_lambda": 0.0, "non_obs_task_switch_rate": 2365.374533105842}, "datetime": {"datetime": "2020-02-20 19:55:13", "elapsed": 402959.425731, "delta": 300857.86988}}
{"target": 75.58755875587559, "params": {"atr_alpha": 6.597732390669656e-05, "eli_lambda": 0.08960336296439528, "non_obs_task_switch_rate": 2367.946082413783}, "datetime": {"datetime": "2020-02-20 23:31:08", "elapsed": 415914.728086, "delta": 12955.302355}}
{"target": 47.424742474247424, "params": {"atr_alpha": 0.0002, "eli_lambda": 0.0, "non_obs_task_switch_rate": 2367.7085246648658}, "datetime": {"datetime": "2020-02-24 09:14:04", "elapsed": 710090.067718, "delta": 294175.339632}}
{"target": 59.54595459545955, "params": {"atr_alpha": 0.0001595742580539074, "eli_lambda": 0.044876121037233124, "non_obs_task_switch_rate": 1159.1505791648708}, "datetime": {"datetime": "2020-02-26 08:18:46", "elapsed": 879572.800295, "delta": 169482.732577}}
{"target": 42.684268426842685, "params": {"atr_alpha": 0.00019463419872169454, "eli_lambda": 0.016355471665860922, "non_obs_task_switch_rate": 2021.556023948945}, "datetime": {"datetime": "2020-02-29 17:20:25", "elapsed": 1171271.160253, "delta": 291698.359958}}
{"target": 39.563956395639565, "params": {"atr_alpha": 0.00014019699964297415, "eli_lambda": 0.0992005713149875, "non_obs_task_switch_rate": 1797.7083688124733}, "datetime": {"datetime": "2020-03-02 02:42:13", "elapsed": 1291379.268663, "delta": 120108.10841}}
{"target": 71.5971597159716, "params": {"atr_alpha": 3.048138228403633e-05, "eli_lambda": 0.09818328066819833, "non_obs_task_switch_rate": 1396.3429566739537}, "datetime": {"datetime": "2020-03-02 07:05:52", "elapsed": 1307198.794735, "delta": 15819.526072}}
{"target": 66.67666766676668, "params": {"atr_alpha": 8.663995562700664e-05, "eli_lambda": 0.019147082552275964, "non_obs_task_switch_rate": 1212.052846861855}, "datetime": {"datetime": "2020-03-02 11:44:24", "elapsed": 1323910.662893, "delta": 16711.868158}}
{"target": 70.22702270227023, "params": {"atr_alpha": 0.00011020166212144036, "eli_lambda": 0.023551187362393002, "non_obs_task_switch_rate": 1494.3257818115515}, "datetime": {"datetime": "2020-03-02 16:27:15", "elapsed": 1340881.5332, "delta": 16970.870307}}
{"target": 42.19421942194219, "params": {"atr_alpha": 0.00015317422687697094, "eli_lambda": 0.048641164311361, "non_obs_task_switch_rate": 1296.3172489422002}, "datetime": {"datetime": "2020-03-05 00:32:49", "elapsed": 1542815.236459, "delta": 201933.703259}}
{"target": 73.2973297329733, "params": {"atr_alpha": 2.2574313777186787e-05, "eli_lambda": 0.09096499963086388, "non_obs_task_switch_rate": 1470.8277689169406}, "datetime": {"datetime": "2020-03-05 04:47:10", "elapsed": 1558076.281486, "delta": 15261.045027}}
{"target": 74.57745774577458, "params": {"atr_alpha": 1.6702377057089833e-05, "eli_lambda": 0.054410469977549364, "non_obs_task_switch_rate": 2303.6754149902463}, "datetime": {"datetime": "2020-03-05 08:38:11", "elapsed": 1571937.724933, "delta": 13861.443447}}
{"target": 34.07340734073407, "params": {"atr_alpha": 0.00018055888672632744, "eli_lambda": 0.050893421304050494, "non_obs_task_switch_rate": 1521.1501153705838}, "datetime": {"datetime": "2020-03-08 17:54:10", "elapsed": 1864496.863841, "delta": 292559.138908}}
