{"target": 77.58775877587759, "params": {"atr_alpha": 8.923418089348906e-05, "eli_lambda": 0.07203244934421581, "non_obs_task_switch_rate": 1000.2287496346897}, "datetime": {"datetime": "2020-02-16 05:42:25", "elapsed": 0.0, "delta": 0.0}}
{"target": 66.02660266026602, "params": {"atr_alpha": 6.744318880004957e-05, "eli_lambda": 0.014675589081711305, "non_obs_task_switch_rate": 1184.6771895375955}, "datetime": {"datetime": "2020-02-16 11:31:58", "elapsed": 20972.544235, "delta": 20972.544235}}
{"target": 74.35743574357436, "params": {"atr_alpha": 4.5389440161757474e-05, "eli_lambda": 0.034556072704304774, "non_obs_task_switch_rate": 1793.5349484613398}, "datetime": {"datetime": "2020-02-16 17:44:14", "elapsed": 43309.180554, "delta": 22336.636319}}
{"target": 89.76897689768977, "params": {"atr_alpha": 0.00011237517946063782, "eli_lambda": 0.041919451440329485, "non_obs_task_switch_rate": 2370.439000793519}, "datetime": {"datetime": "2020-02-17 00:09:01", "elapsed": 66396.158957, "delta": 23086.978403}}
{"target": 69.98699869986999, "params": {"atr_alpha": 4.884592744898831e-05, "eli_lambda": 0.08781174363909455, "non_obs_task_switch_rate": 1054.7751863958524}, "datetime": {"datetime": "2020-02-17 05:41:58", "elapsed": 86373.130348, "delta": 19976.971391}}
{"target": 49.974997499749975, "params": {"atr_alpha": 0.0001342730679680608, "eli_lambda": 0.0399923502755318, "non_obs_task_switch_rate": 2370.579046773482}, "datetime": {"datetime": "2020-02-18 01:23:27", "elapsed": 157261.846335, "delta": 70888.715987}}
{"target": 44.68446844684468, "params": {"atr_alpha": 0.0001911900238592867, "eli_lambda": 0.06605002732273907, "non_obs_task_switch_rate": 2339.1780520572784}, "datetime": {"datetime": "2020-02-20 21:04:56", "elapsed": 400950.689328, "delta": 243688.842993}}
{"target": 55.775577557755774, "params": {"atr_alpha": 0.00012169371304303955, "eli_lambda": 0.0367471661222768, "non_obs_task_switch_rate": 2750.1516391580208}, "datetime": {"datetime": "2020-02-21 16:01:15", "elapsed": 469129.242211, "delta": 68178.552883}}
{"target": 36.823682368236824, "params": {"atr_alpha": 0.00012329644565874947, "eli_lambda": 0.08165429006171065, "non_obs_task_switch_rate": 2803.372572791076}, "datetime": {"datetime": "2020-02-22 02:52:20", "elapsed": 508194.540156, "delta": 39065.297945}}
{"target": 75.97759775977597, "params": {"atr_alpha": 6.96876265431417e-05, "eli_lambda": 0.0971383571150316, "non_obs_task_switch_rate": 1098.88756753226}, "datetime": {"datetime": "2020-02-22 06:53:09", "elapsed": 522643.323052, "delta": 14448.782896}}
{"target": 33.953395339533955, "params": {"atr_alpha": 0.0001595742580539074, "eli_lambda": 0.044876121037233124, "non_obs_task_switch_rate": 1159.1505791648708}, "datetime": {"datetime": "2020-02-24 10:28:47", "elapsed": 708382.12395, "delta": 185738.800898}}
{"target": 40.01400140014002, "params": {"atr_alpha": 0.00019463419872169454, "eli_lambda": 0.016355471665860922, "non_obs_task_switch_rate": 2021.556023948945}, "datetime": {"datetime": "2020-02-27 22:22:16", "elapsed": 1010390.460785, "delta": 302008.336835}}
