{"target": 63.496349634963494, "params": {"atr_alpha": 8.923418089348906e-05, "eli_lambda": 0.07203244934421581, "non_obs_task_switch_rate": 1000.2287496346897}, "datetime": {"datetime": "2020-03-07 03:20:53", "elapsed": 0.0, "delta": 0.0}}
{"target": 55.445544554455445, "params": {"atr_alpha": 6.744318880004957e-05, "eli_lambda": 0.014675589081711305, "non_obs_task_switch_rate": 1184.6771895375955}, "datetime": {"datetime": "2020-03-07 17:37:46", "elapsed": 51412.955472, "delta": 51412.955472}}
{"target": 55.70557055705571, "params": {"atr_alpha": 4.5389440161757474e-05, "eli_lambda": 0.034556072704304774, "non_obs_task_switch_rate": 1793.5349484613398}, "datetime": {"datetime": "2020-03-08 07:40:28", "elapsed": 101975.268878, "delta": 50562.313406}}
{"target": 51.43514351435144, "params": {"atr_alpha": 0.00011237517946063782, "eli_lambda": 0.041919451440329485, "non_obs_task_switch_rate": 2370.439000793519}, "datetime": {"datetime": "2020-03-08 14:44:21", "elapsed": 127407.700068, "delta": 25432.43119}}
{"target": 60.526052605260524, "params": {"atr_alpha": 4.884592744898831e-05, "eli_lambda": 0.08781174363909455, "non_obs_task_switch_rate": 1054.7751863958524}, "datetime": {"datetime": "2020-03-09 05:46:34", "elapsed": 181541.309594, "delta": 54133.609526}}
