{"target": 71.1971197119712, "params": {"atr_alpha": 8.923418089348906e-05, "eli_lambda": 0.07203244934421581, "non_obs_task_switch_rate": 1000.2287496346897}, "datetime": {"datetime": "2020-03-07 06:21:18", "elapsed": 0.0, "delta": 0.0}}
{"target": 70.38703870387039, "params": {"atr_alpha": 6.744318880004957e-05, "eli_lambda": 0.014675589081711305, "non_obs_task_switch_rate": 1184.6771895375955}, "datetime": {"datetime": "2020-03-07 10:56:17", "elapsed": 16499.003865, "delta": 16499.003865}}
{"target": 77.56775677567757, "params": {"atr_alpha": 4.5389440161757474e-05, "eli_lambda": 0.034556072704304774, "non_obs_task_switch_rate": 1793.5349484613398}, "datetime": {"datetime": "2020-03-07 14:40:39", "elapsed": 29961.557418, "delta": 13462.553553}}
{"target": 50.655065506550656, "params": {"atr_alpha": 0.00011237517946063782, "eli_lambda": 0.041919451440329485, "non_obs_task_switch_rate": 2370.439000793519}, "datetime": {"datetime": "2020-03-08 07:06:51", "elapsed": 89132.756368, "delta": 59171.19895}}
{"target": 73.72737273727373, "params": {"atr_alpha": 4.884592744898831e-05, "eli_lambda": 0.08781174363909455, "non_obs_task_switch_rate": 1054.7751863958524}, "datetime": {"datetime": "2020-03-08 11:22:38", "elapsed": 104480.294333, "delta": 15347.537965}}
