{"target": 35.6035603560356, "params": {"atr_alpha": 8.923418089348906e-05, "eli_lambda": 0.07203244934421581, "non_obs_task_switch_rate": 1000.2287496346897}, "datetime": {"datetime": "2020-02-17 05:16:05", "elapsed": 0.0, "delta": 0.0}}
{"target": 74.63746374637464, "params": {"atr_alpha": 6.744318880004957e-05, "eli_lambda": 0.014675589081711305, "non_obs_task_switch_rate": 1184.6771895375955}, "datetime": {"datetime": "2020-02-17 11:06:52", "elapsed": 21046.945978, "delta": 21046.945978}}
{"target": 41.55415541554155, "params": {"atr_alpha": 4.5389440161757474e-05, "eli_lambda": 0.034556072704304774, "non_obs_task_switch_rate": 1793.5349484613398}, "datetime": {"datetime": "2020-02-18 11:06:33", "elapsed": 107428.091498, "delta": 86381.14552}}
{"target": 62.536253625362534, "params": {"atr_alpha": 0.00011237517946063782, "eli_lambda": 0.041919451440329485, "non_obs_task_switch_rate": 2370.439000793519}, "datetime": {"datetime": "2020-02-19 01:51:40", "elapsed": 160534.951054, "delta": 53106.859556}}
{"target": 34.83348334833483, "params": {"atr_alpha": 4.884592744898831e-05, "eli_lambda": 0.08781174363909455, "non_obs_task_switch_rate": 1054.7751863958524}, "datetime": {"datetime": "2020-02-20 07:45:41", "elapsed": 268175.520139, "delta": 107640.569085}}
{"target": 36.94369436943694, "params": {"atr_alpha": 0.0001813666866824121, "eli_lambda": 0.012207655535228677, "non_obs_task_switch_rate": 1189.2534806574633}, "datetime": {"datetime": "2020-02-23 09:38:04", "elapsed": 534118.099928, "delta": 265942.579789}}
{"target": 55.8955895589559, "params": {"atr_alpha": 0.00011783558149266173, "eli_lambda": 0.08109172708542856, "non_obs_task_switch_rate": 2370.438111119461}, "datetime": {"datetime": "2020-02-23 20:57:02", "elapsed": 574856.959139, "delta": 40738.859211}}
{"target": 56.19561956195619, "params": {"atr_alpha": 0.00017313846771200924, "eli_lambda": 0.03949345640799713, "non_obs_task_switch_rate": 1184.7122616256015}, "datetime": {"datetime": "2020-02-26 15:15:11", "elapsed": 813545.607849, "delta": 238688.64871}}
{"target": 72.48724872487249, "params": {"atr_alpha": 1.2269344981963766e-05, "eli_lambda": 0.011566779640199221, "non_obs_task_switch_rate": 1184.6852296629336}, "datetime": {"datetime": "2020-02-27 00:40:40", "elapsed": 847474.789522, "delta": 33929.181673}}
{"target": 34.83348334833483, "params": {"atr_alpha": 2.503318045233916e-05, "eli_lambda": 0.009391940640829023, "non_obs_task_switch_rate": 1184.6726922832281}, "datetime": {"datetime": "2020-02-28 04:40:05", "elapsed": 948239.615425, "delta": 100764.825903}}
{"target": 38.57385738573858, "params": {"atr_alpha": 0.0001595742580539074, "eli_lambda": 0.044876121037233124, "non_obs_task_switch_rate": 1159.1505791648708}, "datetime": {"datetime": "2020-03-01 11:21:39", "elapsed": 1145133.400474, "delta": 196893.785049}}
{"target": 40.11401140114011, "params": {"atr_alpha": 0.00019463419872169454, "eli_lambda": 0.016355471665860922, "non_obs_task_switch_rate": 2021.556023948945}, "datetime": {"datetime": "2020-03-05 02:41:37", "elapsed": 1459531.437869, "delta": 314398.037395}}
{"target": 48.23482348234823, "params": {"atr_alpha": 0.00014019699964297415, "eli_lambda": 0.0992005713149875, "non_obs_task_switch_rate": 1797.7083688124733}, "datetime": {"datetime": "2020-03-06 10:41:41", "elapsed": 1574735.745807, "delta": 115204.307938}}
{"target": 29.972997299729972, "params": {"atr_alpha": 3.048138228403633e-05, "eli_lambda": 0.09818328066819833, "non_obs_task_switch_rate": 1396.3429566739537}, "datetime": {"datetime": "2020-03-07 19:16:37", "elapsed": 1692032.027455, "delta": 117296.281648}}
{"target": 56.90569056905691, "params": {"atr_alpha": 8.663995562700664e-05, "eli_lambda": 0.019147082552275964, "non_obs_task_switch_rate": 1212.052846861855}, "datetime": {"datetime": "2020-03-08 05:12:00", "elapsed": 1727754.299756, "delta": 35722.272301}}
{"target": 54.30543054305431, "params": {"atr_alpha": 0.00011020166212144036, "eli_lambda": 0.023551187362393002, "non_obs_task_switch_rate": 1494.3257818115515}, "datetime": {"datetime": "2020-03-08 11:05:02", "elapsed": 1748936.732278, "delta": 21182.432522}}
