{"target": 70.05700570057006, "params": {"atr_alpha": 8.923418089348906e-05, "eli_lambda": 0.07203244934421581, "non_obs_task_switch_rate": 1000.2287496346897}, "datetime": {"datetime": "2020-02-16 04:29:54", "elapsed": 0.0, "delta": 0.0}}
{"target": 77.28772877287729, "params": {"atr_alpha": 6.744318880004957e-05, "eli_lambda": 0.014675589081711305, "non_obs_task_switch_rate": 1184.6771895375955}, "datetime": {"datetime": "2020-02-16 08:57:11", "elapsed": 16036.801891, "delta": 16036.801891}}
{"target": 77.42774277427743, "params": {"atr_alpha": 4.5389440161757474e-05, "eli_lambda": 0.034556072704304774, "non_obs_task_switch_rate": 1793.5349484613398}, "datetime": {"datetime": "2020-02-16 13:11:16", "elapsed": 31282.102678, "delta": 15245.300787}}
{"target": 55.66556655665566, "params": {"atr_alpha": 0.00011237517946063782, "eli_lambda": 0.041919451440329485, "non_obs_task_switch_rate": 2370.439000793519}, "datetime": {"datetime": "2020-02-17 02:21:38", "elapsed": 78704.366854, "delta": 47422.264176}}
{"target": 71.41714171417142, "params": {"atr_alpha": 4.884592744898831e-05, "eli_lambda": 0.08781174363909455, "non_obs_task_switch_rate": 1054.7751863958524}, "datetime": {"datetime": "2020-02-17 07:11:18", "elapsed": 96084.152821, "delta": 17379.785967}}
{"target": 73.91739173917392, "params": {"atr_alpha": 1e-05, "eli_lambda": 0.026487683540116755, "non_obs_task_switch_rate": 1772.815807713727}, "datetime": {"datetime": "2020-02-17 11:40:48", "elapsed": 112253.990671, "delta": 16169.83785}}
{"target": 41.51415141514151, "params": {"atr_alpha": 0.0002, "eli_lambda": 0.1, "non_obs_task_switch_rate": 1799.1856437853914}, "datetime": {"datetime": "2020-02-21 10:21:08", "elapsed": 453073.767007, "delta": 340819.776336}}
{"target": 58.705870587058705, "params": {"atr_alpha": 0.00012169371304303955, "eli_lambda": 0.0367471661222768, "non_obs_task_switch_rate": 2750.1516391580208}, "datetime": {"datetime": "2020-02-21 22:35:36", "elapsed": 497141.986116, "delta": 44068.219109}}
{"target": 50.05500550055005, "params": {"atr_alpha": 0.00012329644565874947, "eli_lambda": 0.08165429006171065, "non_obs_task_switch_rate": 2803.372572791076}, "datetime": {"datetime": "2020-02-22 12:24:31", "elapsed": 546877.17926, "delta": 49735.193144}}
{"target": 57.025702570257025, "params": {"atr_alpha": 6.96876265431417e-05, "eli_lambda": 0.0971383571150316, "non_obs_task_switch_rate": 1098.88756753226}, "datetime": {"datetime": "2020-02-22 23:21:11", "elapsed": 586277.038826, "delta": 39399.859566}}
{"target": 47.73477347734774, "params": {"atr_alpha": 0.00011742192712577425, "eli_lambda": 0.013957158619362996, "non_obs_task_switch_rate": 1184.6768277266226}, "datetime": {"datetime": "2020-02-23 17:11:12", "elapsed": 650478.307435, "delta": 64201.268609}}
{"target": 38.63386338633863, "params": {"atr_alpha": 0.00019463419872169454, "eli_lambda": 0.016355471665860922, "non_obs_task_switch_rate": 2021.556023948945}, "datetime": {"datetime": "2020-02-27 09:05:38", "elapsed": 966944.09821, "delta": 316465.790775}}
{"target": 39.73397339733973, "params": {"atr_alpha": 0.00014019699964297415, "eli_lambda": 0.0992005713149875, "non_obs_task_switch_rate": 1797.7083688124733}, "datetime": {"datetime": "2020-02-28 17:24:15", "elapsed": 1083261.549762, "delta": 116317.451552}}
{"target": 75.22752275227523, "params": {"atr_alpha": 3.048138228403633e-05, "eli_lambda": 0.09818328066819833, "non_obs_task_switch_rate": 1396.3429566739537}, "datetime": {"datetime": "2020-02-29 00:15:08", "elapsed": 1107913.878125, "delta": 24652.328363}}
{"target": 70.04700470047004, "params": {"atr_alpha": 8.663995562700664e-05, "eli_lambda": 0.019147082552275964, "non_obs_task_switch_rate": 1212.052846861855}, "datetime": {"datetime": "2020-02-29 06:53:19", "elapsed": 1131805.222571, "delta": 23891.344446}}
{"target": 60.56605660566056, "params": {"atr_alpha": 0.00011020166212144036, "eli_lambda": 0.023551187362393002, "non_obs_task_switch_rate": 1494.3257818115515}, "datetime": {"datetime": "2020-03-01 03:49:14", "elapsed": 1207160.017017, "delta": 75354.794446}}
{"target": 90.03900390039004, "params": {"atr_alpha": 0.00015317422687697094, "eli_lambda": 0.048641164311361, "non_obs_task_switch_rate": 1296.3172489422002}, "datetime": {"datetime": "2020-03-02 23:40:32", "elapsed": 1365038.617398, "delta": 157878.600381}}
{"target": 75.1975197519752, "params": {"atr_alpha": 2.2574313777186787e-05, "eli_lambda": 0.09096499963086388, "non_obs_task_switch_rate": 1470.8277689169406}, "datetime": {"datetime": "2020-03-03 04:26:24", "elapsed": 1382190.225206, "delta": 17151.607808}}
{"target": 75.71757175717572, "params": {"atr_alpha": 1.6702377057089833e-05, "eli_lambda": 0.054410469977549364, "non_obs_task_switch_rate": 2303.6754149902463}, "datetime": {"datetime": "2020-03-03 08:30:52", "elapsed": 1396858.552993, "delta": 14668.327787}}
{"target": 54.32543254325432, "params": {"atr_alpha": 0.00018055888672632744, "eli_lambda": 0.050893421304050494, "non_obs_task_switch_rate": 1521.1501153705838}, "datetime": {"datetime": "2020-03-06 16:58:36", "elapsed": 1686522.473364, "delta": 289663.920371}}
