{"target": 35.88358835883589, "params": {"atr_alpha": 8.923418089348906e-05, "eli_lambda": 0.07203244934421581, "non_obs_task_switch_rate": 1000.2287496346897}, "datetime": {"datetime": "2020-02-17 09:38:25", "elapsed": 0.0, "delta": 0.0}}
{"target": 36.733673367336735, "params": {"atr_alpha": 6.744318880004957e-05, "eli_lambda": 0.014675589081711305, "non_obs_task_switch_rate": 1184.6771895375955}, "datetime": {"datetime": "2020-02-18 15:23:59", "elapsed": 107134.221883, "delta": 107134.221883}}
{"target": 31.233123312331234, "params": {"atr_alpha": 4.5389440161757474e-05, "eli_lambda": 0.034556072704304774, "non_obs_task_switch_rate": 1793.5349484613398}, "datetime": {"datetime": "2020-02-20 02:46:06", "elapsed": 234461.612803, "delta": 127327.39092}}
{"target": 54.54545454545455, "params": {"atr_alpha": 0.00011237517946063782, "eli_lambda": 0.041919451440329485, "non_obs_task_switch_rate": 2370.439000793519}, "datetime": {"datetime": "2020-02-20 14:18:27", "elapsed": 276002.70618, "delta": 41541.093377}}
{"target": 30.963096309630963, "params": {"atr_alpha": 4.884592744898831e-05, "eli_lambda": 0.08781174363909455, "non_obs_task_switch_rate": 1054.7751863958524}, "datetime": {"datetime": "2020-02-21 22:31:00", "elapsed": 391955.137881, "delta": 115952.431701}}
{"target": 42.52425242524252, "params": {"atr_alpha": 0.00016274139803377526, "eli_lambda": 0.04133847307635388, "non_obs_task_switch_rate": 2375.0268767014595}, "datetime": {"datetime": "2020-02-23 19:06:28", "elapsed": 552483.30931, "delta": 160528.171429}}
{"target": 41.914191419141915, "params": {"atr_alpha": 0.0002, "eli_lambda": 0.1, "non_obs_task_switch_rate": 2370.092959196736}, "datetime": {"datetime": "2020-02-26 11:15:50", "elapsed": 783445.883923, "delta": 230962.574613}}
{"target": 28.392839283928392, "params": {"atr_alpha": 4.9988634104390676e-05, "eli_lambda": 0.06763653722138838, "non_obs_task_switch_rate": 2370.4300940008707}, "datetime": {"datetime": "2020-02-27 21:05:01", "elapsed": 905196.32936, "delta": 121750.445437}}
{"target": 47.37473747374737, "params": {"atr_alpha": 0.00012329644565874947, "eli_lambda": 0.08165429006171065, "non_obs_task_switch_rate": 2803.372572791076}, "datetime": {"datetime": "2020-02-28 12:09:46", "elapsed": 959481.387817, "delta": 54285.058457}}
{"target": 37.03370337033704, "params": {"atr_alpha": 6.96876265431417e-05, "eli_lambda": 0.0971383571150316, "non_obs_task_switch_rate": 1098.88756753226}, "datetime": {"datetime": "2020-02-29 18:15:41", "elapsed": 1067836.349229, "delta": 108354.961412}}
{"target": 38.39383938393839, "params": {"atr_alpha": 0.0001595742580539074, "eli_lambda": 0.044876121037233124, "non_obs_task_switch_rate": 1159.1505791648708}, "datetime": {"datetime": "2020-03-03 06:41:20", "elapsed": 1285375.446384, "delta": 217539.097155}}
{"target": 37.32373237323733, "params": {"atr_alpha": 0.00019463419872169454, "eli_lambda": 0.016355471665860922, "non_obs_task_switch_rate": 2021.556023948945}, "datetime": {"datetime": "2020-03-06 23:34:05", "elapsed": 1605340.833492, "delta": 319965.387108}}
{"target": 55.37553755375538, "params": {"atr_alpha": 0.00014019699964297415, "eli_lambda": 0.0992005713149875, "non_obs_task_switch_rate": 1797.7083688124733}, "datetime": {"datetime": "2020-03-08 10:11:29", "elapsed": 1729984.159755, "delta": 124643.326263}}
