{"target": 70.64706470647064, "params": {"atr_alpha": 8.923418089348906e-05, "eli_lambda": 0.07203244934421581, "non_obs_task_switch_rate": 1000.2287496346897}, "datetime": {"datetime": "2020-03-06 04:59:19", "elapsed": 0.0, "delta": 0.0}}
{"target": 63.28632863286329, "params": {"atr_alpha": 6.744318880004957e-05, "eli_lambda": 0.014675589081711305, "non_obs_task_switch_rate": 1184.6771895375955}, "datetime": {"datetime": "2020-03-06 10:08:48", "elapsed": 18568.982634, "delta": 18568.982634}}
{"target": 70.84708470847085, "params": {"atr_alpha": 4.5389440161757474e-05, "eli_lambda": 0.034556072704304774, "non_obs_task_switch_rate": 1793.5349484613398}, "datetime": {"datetime": "2020-03-06 14:56:10", "elapsed": 35811.383473, "delta": 17242.400839}}
{"target": 71.72717271727173, "params": {"atr_alpha": 0.00011237517946063782, "eli_lambda": 0.041919451440329485, "non_obs_task_switch_rate": 2370.439000793519}, "datetime": {"datetime": "2020-03-06 19:31:08", "elapsed": 52309.482, "delta": 16498.098527}}
{"target": 65.85658565856586, "params": {"atr_alpha": 4.884592744898831e-05, "eli_lambda": 0.08781174363909455, "non_obs_task_switch_rate": 1054.7751863958524}, "datetime": {"datetime": "2020-03-07 01:50:31", "elapsed": 75072.032617, "delta": 22762.550617}}
{"target": 44.024402440244025, "params": {"atr_alpha": 0.00012676515461639397, "eli_lambda": 0.03369078202383771, "non_obs_task_switch_rate": 2371.0141585131}, "datetime": {"datetime": "2020-03-07 21:18:56", "elapsed": 145177.232514, "delta": 70105.199897}}
